[0.294s] DEBUG:colcon:Command line arguments: ['/usr/bin/colcon', 'build']
[0.295s] DEBUG:colcon:Parsed command line arguments: Namespace(allow_overriding=[], ament_cmake_args=None, base_paths=['.'], build_base='build', catkin_cmake_args=None, catkin_skip_building_tests=False, cmake_args=None, cmake_clean_cache=False, cmake_clean_first=False, cmake_force_configure=False, cmake_target=None, cmake_target_skip_unavailable=False, continue_on_error=False, event_handlers=None, executor='parallel', ignore_user_meta=False, install_base='install', log_base=None, log_level=None, main=<bound method BuildVerb.main of <colcon_core.verb.build.BuildVerb object at 0x7fc27f5d01f0>>, merge_install=False, metas=['./colcon.meta'], packages_above=None, packages_above_and_dependencies=None, packages_above_depth=None, packages_end=None, packages_ignore=None, packages_ignore_regex=None, packages_select=None, packages_select_build_failed=False, packages_select_by_dep=None, packages_select_regex=None, packages_select_test_failures=False, packages_skip=None, packages_skip_build_finished=False, packages_skip_by_dep=None, packages_skip_regex=None, packages_skip_test_passed=False, packages_skip_up_to=None, packages_start=None, packages_up_to=None, packages_up_to_regex=None, parallel_workers=8, paths=None, symlink_install=False, test_result_base=None, verb_extension=<colcon_core.verb.build.BuildVerb object at 0x7fc27f5d01f0>, verb_name='build', verb_parser=<colcon_defaults.argument_parser.defaults.DefaultArgumentsDecorator object at 0x7fc27f5d0730>)
[0.325s] Level 1:colcon.colcon_core.package_discovery:discover_packages(colcon_meta) check parameters
[0.325s] Level 1:colcon.colcon_core.package_discovery:discover_packages(recursive) check parameters
[0.325s] Level 1:colcon.colcon_core.package_discovery:discover_packages(ignore) check parameters
[0.325s] Level 1:colcon.colcon_core.package_discovery:discover_packages(path) check parameters
[0.325s] Level 1:colcon.colcon_core.package_discovery:discover_packages(colcon_meta) discover
[0.325s] Level 1:colcon.colcon_core.package_discovery:discover_packages(recursive) discover
[0.325s] INFO:colcon.colcon_core.package_discovery:Crawling recursively for packages in '/home/sxxxd/Downloads/amr_example_small'
[0.325s] Level 1:colcon.colcon_core.package_identification:_identify(.) by extensions ['ignore', 'ignore_ament_install']
[0.325s] Level 1:colcon.colcon_core.package_identification:_identify(.) by extension 'ignore'
[0.325s] Level 1:colcon.colcon_core.package_identification:_identify(.) by extension 'ignore_ament_install'
[0.326s] Level 1:colcon.colcon_core.package_identification:_identify(.) by extensions ['colcon_pkg']
[0.326s] Level 1:colcon.colcon_core.package_identification:_identify(.) by extension 'colcon_pkg'
[0.326s] Level 1:colcon.colcon_core.package_identification:_identify(.) by extensions ['colcon_meta']
[0.326s] Level 1:colcon.colcon_core.package_identification:_identify(.) by extension 'colcon_meta'
[0.326s] Level 1:colcon.colcon_core.package_identification:_identify(.) by extensions ['ros']
[0.326s] Level 1:colcon.colcon_core.package_identification:_identify(.) by extension 'ros'
[0.351s] Level 1:colcon.colcon_core.package_identification:_identify(.) by extensions ['cmake', 'python']
[0.352s] Level 1:colcon.colcon_core.package_identification:_identify(.) by extension 'cmake'
[0.352s] Level 1:colcon.colcon_core.package_identification:_identify(.) by extension 'python'
[0.352s] Level 1:colcon.colcon_core.package_identification:_identify(.) by extensions ['python_setup_py']
[0.352s] Level 1:colcon.colcon_core.package_identification:_identify(.) by extension 'python_setup_py'
[0.352s] Level 1:colcon.colcon_core.package_identification:_identify(build) by extensions ['ignore', 'ignore_ament_install']
[0.352s] Level 1:colcon.colcon_core.package_identification:_identify(build) by extension 'ignore'
[0.352s] Level 1:colcon.colcon_core.package_identification:_identify(build) ignored
[0.352s] Level 1:colcon.colcon_core.package_identification:_identify(configuration) by extensions ['ignore', 'ignore_ament_install']
[0.352s] Level 1:colcon.colcon_core.package_identification:_identify(configuration) by extension 'ignore'
[0.352s] Level 1:colcon.colcon_core.package_identification:_identify(configuration) by extension 'ignore_ament_install'
[0.352s] Level 1:colcon.colcon_core.package_identification:_identify(configuration) by extensions ['colcon_pkg']
[0.352s] Level 1:colcon.colcon_core.package_identification:_identify(configuration) by extension 'colcon_pkg'
[0.352s] Level 1:colcon.colcon_core.package_identification:_identify(configuration) by extensions ['colcon_meta']
[0.352s] Level 1:colcon.colcon_core.package_identification:_identify(configuration) by extension 'colcon_meta'
[0.352s] Level 1:colcon.colcon_core.package_identification:_identify(configuration) by extensions ['ros']
[0.352s] Level 1:colcon.colcon_core.package_identification:_identify(configuration) by extension 'ros'
[0.352s] Level 1:colcon.colcon_core.package_identification:_identify(configuration) by extensions ['cmake', 'python']
[0.352s] Level 1:colcon.colcon_core.package_identification:_identify(configuration) by extension 'cmake'
[0.352s] Level 1:colcon.colcon_core.package_identification:_identify(configuration) by extension 'python'
[0.353s] Level 1:colcon.colcon_core.package_identification:_identify(configuration) by extensions ['python_setup_py']
[0.353s] Level 1:colcon.colcon_core.package_identification:_identify(configuration) by extension 'python_setup_py'
[0.353s] Level 1:colcon.colcon_core.package_identification:_identify(install) by extensions ['ignore', 'ignore_ament_install']
[0.353s] Level 1:colcon.colcon_core.package_identification:_identify(install) by extension 'ignore'
[0.353s] Level 1:colcon.colcon_core.package_identification:_identify(install) ignored
[0.353s] Level 1:colcon.colcon_core.package_identification:_identify(log) by extensions ['ignore', 'ignore_ament_install']
[0.353s] Level 1:colcon.colcon_core.package_identification:_identify(log) by extension 'ignore'
[0.353s] Level 1:colcon.colcon_core.package_identification:_identify(log) ignored
[0.353s] Level 1:colcon.colcon_core.package_identification:_identify(msg_package) by extensions ['ignore', 'ignore_ament_install']
[0.353s] Level 1:colcon.colcon_core.package_identification:_identify(msg_package) by extension 'ignore'
[0.353s] Level 1:colcon.colcon_core.package_identification:_identify(msg_package) by extension 'ignore_ament_install'
[0.353s] Level 1:colcon.colcon_core.package_identification:_identify(msg_package) by extensions ['colcon_pkg']
[0.353s] Level 1:colcon.colcon_core.package_identification:_identify(msg_package) by extension 'colcon_pkg'
[0.353s] Level 1:colcon.colcon_core.package_identification:_identify(msg_package) by extensions ['colcon_meta']
[0.353s] Level 1:colcon.colcon_core.package_identification:_identify(msg_package) by extension 'colcon_meta'
[0.353s] Level 1:colcon.colcon_core.package_identification:_identify(msg_package) by extensions ['ros']
[0.353s] Level 1:colcon.colcon_core.package_identification:_identify(msg_package) by extension 'ros'
[0.356s] DEBUG:colcon.colcon_core.package_identification:Package 'msg_package' with type 'ros.ament_cmake' and name 'msg_package'
[0.356s] Level 1:colcon.colcon_core.package_identification:_identify(order_optimizer) by extensions ['ignore', 'ignore_ament_install']
[0.356s] Level 1:colcon.colcon_core.package_identification:_identify(order_optimizer) by extension 'ignore'
[0.356s] Level 1:colcon.colcon_core.package_identification:_identify(order_optimizer) by extension 'ignore_ament_install'
[0.356s] Level 1:colcon.colcon_core.package_identification:_identify(order_optimizer) by extensions ['colcon_pkg']
[0.356s] Level 1:colcon.colcon_core.package_identification:_identify(order_optimizer) by extension 'colcon_pkg'
[0.356s] Level 1:colcon.colcon_core.package_identification:_identify(order_optimizer) by extensions ['colcon_meta']
[0.356s] Level 1:colcon.colcon_core.package_identification:_identify(order_optimizer) by extension 'colcon_meta'
[0.356s] Level 1:colcon.colcon_core.package_identification:_identify(order_optimizer) by extensions ['ros']
[0.357s] Level 1:colcon.colcon_core.package_identification:_identify(order_optimizer) by extension 'ros'
[0.357s] DEBUG:colcon.colcon_core.package_identification:Package 'order_optimizer' with type 'ros.ament_cmake' and name 'order_optimizer'
[0.357s] Level 1:colcon.colcon_core.package_identification:_identify(orders) by extensions ['ignore', 'ignore_ament_install']
[0.357s] Level 1:colcon.colcon_core.package_identification:_identify(orders) by extension 'ignore'
[0.357s] Level 1:colcon.colcon_core.package_identification:_identify(orders) by extension 'ignore_ament_install'
[0.357s] Level 1:colcon.colcon_core.package_identification:_identify(orders) by extensions ['colcon_pkg']
[0.357s] Level 1:colcon.colcon_core.package_identification:_identify(orders) by extension 'colcon_pkg'
[0.357s] Level 1:colcon.colcon_core.package_identification:_identify(orders) by extensions ['colcon_meta']
[0.357s] Level 1:colcon.colcon_core.package_identification:_identify(orders) by extension 'colcon_meta'
[0.357s] Level 1:colcon.colcon_core.package_identification:_identify(orders) by extensions ['ros']
[0.357s] Level 1:colcon.colcon_core.package_identification:_identify(orders) by extension 'ros'
[0.358s] Level 1:colcon.colcon_core.package_identification:_identify(orders) by extensions ['cmake', 'python']
[0.358s] Level 1:colcon.colcon_core.package_identification:_identify(orders) by extension 'cmake'
[0.358s] Level 1:colcon.colcon_core.package_identification:_identify(orders) by extension 'python'
[0.358s] Level 1:colcon.colcon_core.package_identification:_identify(orders) by extensions ['python_setup_py']
[0.358s] Level 1:colcon.colcon_core.package_identification:_identify(orders) by extension 'python_setup_py'
[0.358s] Level 1:colcon.colcon_core.package_identification:_identify(ros_cpp) by extensions ['ignore', 'ignore_ament_install']
[0.358s] Level 1:colcon.colcon_core.package_identification:_identify(ros_cpp) by extension 'ignore'
[0.358s] Level 1:colcon.colcon_core.package_identification:_identify(ros_cpp) by extension 'ignore_ament_install'
[0.358s] Level 1:colcon.colcon_core.package_identification:_identify(ros_cpp) by extensions ['colcon_pkg']
[0.358s] Level 1:colcon.colcon_core.package_identification:_identify(ros_cpp) by extension 'colcon_pkg'
[0.358s] Level 1:colcon.colcon_core.package_identification:_identify(ros_cpp) by extensions ['colcon_meta']
[0.358s] Level 1:colcon.colcon_core.package_identification:_identify(ros_cpp) by extension 'colcon_meta'
[0.358s] Level 1:colcon.colcon_core.package_identification:_identify(ros_cpp) by extensions ['ros']
[0.358s] Level 1:colcon.colcon_core.package_identification:_identify(ros_cpp) by extension 'ros'
[0.361s] DEBUG:colcon.colcon_core.package_identification:Package 'ros_cpp' with type 'ros.ament_cmake' and name 'ros_cpp'
[0.361s] Level 1:colcon.colcon_core.package_discovery:discover_packages(recursive) using defaults
[0.361s] Level 1:colcon.colcon_core.package_discovery:discover_packages(ignore) discover
[0.361s] Level 1:colcon.colcon_core.package_discovery:discover_packages(ignore) using defaults
[0.361s] Level 1:colcon.colcon_core.package_discovery:discover_packages(path) discover
[0.361s] Level 1:colcon.colcon_core.package_discovery:discover_packages(path) using defaults
[0.384s] Level 1:colcon.colcon_core.package_discovery:discover_packages(prefix_path) check parameters
[0.384s] Level 1:colcon.colcon_core.package_discovery:discover_packages(prefix_path) discover
[0.390s] DEBUG:colcon.colcon_installed_package_information.package_discovery:Found 256 installed packages in /opt/ros/foxy
[0.392s] Level 1:colcon.colcon_core.package_discovery:discover_packages(prefix_path) using defaults
[0.465s] Level 5:colcon.colcon_core.verb:set package 'msg_package' build argument 'cmake_args' from command line to 'None'
[0.465s] Level 5:colcon.colcon_core.verb:set package 'msg_package' build argument 'cmake_target' from command line to 'None'
[0.465s] Level 5:colcon.colcon_core.verb:set package 'msg_package' build argument 'cmake_target_skip_unavailable' from command line to 'False'
[0.465s] Level 5:colcon.colcon_core.verb:set package 'msg_package' build argument 'cmake_clean_cache' from command line to 'False'
[0.465s] Level 5:colcon.colcon_core.verb:set package 'msg_package' build argument 'cmake_clean_first' from command line to 'False'
[0.465s] Level 5:colcon.colcon_core.verb:set package 'msg_package' build argument 'cmake_force_configure' from command line to 'False'
[0.465s] Level 5:colcon.colcon_core.verb:set package 'msg_package' build argument 'ament_cmake_args' from command line to 'None'
[0.465s] Level 5:colcon.colcon_core.verb:set package 'msg_package' build argument 'catkin_cmake_args' from command line to 'None'
[0.465s] Level 5:colcon.colcon_core.verb:set package 'msg_package' build argument 'catkin_skip_building_tests' from command line to 'False'
[0.465s] DEBUG:colcon.colcon_core.verb:Building package 'msg_package' with the following arguments: {'ament_cmake_args': None, 'build_base': '/home/sxxxd/Downloads/amr_example_small/build/msg_package', 'catkin_cmake_args': None, 'catkin_skip_building_tests': False, 'cmake_args': None, 'cmake_clean_cache': False, 'cmake_clean_first': False, 'cmake_force_configure': False, 'cmake_target': None, 'cmake_target_skip_unavailable': False, 'install_base': '/home/sxxxd/Downloads/amr_example_small/install/msg_package', 'merge_install': False, 'path': '/home/sxxxd/Downloads/amr_example_small/msg_package', 'symlink_install': False, 'test_result_base': None}
[0.466s] Level 5:colcon.colcon_core.verb:set package 'order_optimizer' build argument 'cmake_args' from command line to 'None'
[0.466s] Level 5:colcon.colcon_core.verb:set package 'order_optimizer' build argument 'cmake_target' from command line to 'None'
[0.466s] Level 5:colcon.colcon_core.verb:set package 'order_optimizer' build argument 'cmake_target_skip_unavailable' from command line to 'False'
[0.466s] Level 5:colcon.colcon_core.verb:set package 'order_optimizer' build argument 'cmake_clean_cache' from command line to 'False'
[0.466s] Level 5:colcon.colcon_core.verb:set package 'order_optimizer' build argument 'cmake_clean_first' from command line to 'False'
[0.467s] Level 5:colcon.colcon_core.verb:set package 'order_optimizer' build argument 'cmake_force_configure' from command line to 'False'
[0.467s] Level 5:colcon.colcon_core.verb:set package 'order_optimizer' build argument 'ament_cmake_args' from command line to 'None'
[0.467s] Level 5:colcon.colcon_core.verb:set package 'order_optimizer' build argument 'catkin_cmake_args' from command line to 'None'
[0.467s] Level 5:colcon.colcon_core.verb:set package 'order_optimizer' build argument 'catkin_skip_building_tests' from command line to 'False'
[0.467s] DEBUG:colcon.colcon_core.verb:Building package 'order_optimizer' with the following arguments: {'ament_cmake_args': None, 'build_base': '/home/sxxxd/Downloads/amr_example_small/build/order_optimizer', 'catkin_cmake_args': None, 'catkin_skip_building_tests': False, 'cmake_args': None, 'cmake_clean_cache': False, 'cmake_clean_first': False, 'cmake_force_configure': False, 'cmake_target': None, 'cmake_target_skip_unavailable': False, 'install_base': '/home/sxxxd/Downloads/amr_example_small/install/order_optimizer', 'merge_install': False, 'path': '/home/sxxxd/Downloads/amr_example_small/order_optimizer', 'symlink_install': False, 'test_result_base': None}
[0.469s] Level 5:colcon.colcon_core.verb:set package 'ros_cpp' build argument 'cmake_args' from command line to 'None'
[0.469s] Level 5:colcon.colcon_core.verb:set package 'ros_cpp' build argument 'cmake_target' from command line to 'None'
[0.469s] Level 5:colcon.colcon_core.verb:set package 'ros_cpp' build argument 'cmake_target_skip_unavailable' from command line to 'False'
[0.469s] Level 5:colcon.colcon_core.verb:set package 'ros_cpp' build argument 'cmake_clean_cache' from command line to 'False'
[0.469s] Level 5:colcon.colcon_core.verb:set package 'ros_cpp' build argument 'cmake_clean_first' from command line to 'False'
[0.469s] Level 5:colcon.colcon_core.verb:set package 'ros_cpp' build argument 'cmake_force_configure' from command line to 'False'
[0.469s] Level 5:colcon.colcon_core.verb:set package 'ros_cpp' build argument 'ament_cmake_args' from command line to 'None'
[0.469s] Level 5:colcon.colcon_core.verb:set package 'ros_cpp' build argument 'catkin_cmake_args' from command line to 'None'
[0.469s] Level 5:colcon.colcon_core.verb:set package 'ros_cpp' build argument 'catkin_skip_building_tests' from command line to 'False'
[0.469s] DEBUG:colcon.colcon_core.verb:Building package 'ros_cpp' with the following arguments: {'ament_cmake_args': None, 'build_base': '/home/sxxxd/Downloads/amr_example_small/build/ros_cpp', 'catkin_cmake_args': None, 'catkin_skip_building_tests': False, 'cmake_args': None, 'cmake_clean_cache': False, 'cmake_clean_first': False, 'cmake_force_configure': False, 'cmake_target': None, 'cmake_target_skip_unavailable': False, 'install_base': '/home/sxxxd/Downloads/amr_example_small/install/ros_cpp', 'merge_install': False, 'path': '/home/sxxxd/Downloads/amr_example_small/ros_cpp', 'symlink_install': False, 'test_result_base': None}
[0.470s] INFO:colcon.colcon_core.executor:Executing jobs using 'parallel' executor
[0.475s] DEBUG:colcon.colcon_parallel_executor.executor.parallel:run_until_complete
[0.475s] INFO:colcon.colcon_ros.task.ament_cmake.build:Building ROS package in '/home/sxxxd/Downloads/amr_example_small/msg_package' with build type 'ament_cmake'
[0.476s] INFO:colcon.colcon_cmake.task.cmake.build:Building CMake package in '/home/sxxxd/Downloads/amr_example_small/msg_package'
[0.483s] INFO:colcon.colcon_core.plugin_system:Skipping extension 'colcon_core.shell.bat': Not used on non-Windows systems
[0.484s] INFO:colcon.colcon_core.shell:Skip shell extension 'powershell' for command environment: Not usable outside of PowerShell
[0.484s] DEBUG:colcon.colcon_core.shell:Skip shell extension 'dsv' for command environment
[0.498s] INFO:colcon.colcon_ros.task.ament_cmake.build:Building ROS package in '/home/sxxxd/Downloads/amr_example_small/order_optimizer' with build type 'ament_cmake'
[0.499s] INFO:colcon.colcon_cmake.task.cmake.build:Building CMake package in '/home/sxxxd/Downloads/amr_example_small/order_optimizer'
[0.501s] INFO:colcon.colcon_core.shell:Skip shell extension 'powershell' for command environment: Not usable outside of PowerShell
[0.501s] DEBUG:colcon.colcon_core.shell:Skip shell extension 'dsv' for command environment
[0.684s] DEBUG:colcon.colcon_core.event_handler.log_command:Invoking command in '/home/sxxxd/Downloads/amr_example_small/build/msg_package': CMAKE_PREFIX_PATH=/opt/ros/foxy /usr/bin/cmake --build /home/sxxxd/Downloads/amr_example_small/build/msg_package -- -j8 -l8
[0.806s] DEBUG:colcon.colcon_core.event_handler.log_command:Invoking command in '/home/sxxxd/Downloads/amr_example_small/build/order_optimizer': CMAKE_PREFIX_PATH=/opt/ros/foxy /usr/bin/cmake --build /home/sxxxd/Downloads/amr_example_small/build/order_optimizer -- -j8 -l8
[1.051s] DEBUG:colcon.colcon_core.event_handler.log_command:Invoked command in '/home/sxxxd/Downloads/amr_example_small/build/order_optimizer' returned '0': CMAKE_PREFIX_PATH=/opt/ros/foxy /usr/bin/cmake --build /home/sxxxd/Downloads/amr_example_small/build/order_optimizer -- -j8 -l8
[1.517s] DEBUG:colcon.colcon_core.event_handler.log_command:Invoking command in '/home/sxxxd/Downloads/amr_example_small/build/order_optimizer': CMAKE_PREFIX_PATH=/opt/ros/foxy /usr/bin/cmake --install /home/sxxxd/Downloads/amr_example_small/build/order_optimizer
[1.564s] Level 1:colcon.colcon_core.environment:create_environment_scripts_only(order_optimizer)
[1.598s] Level 1:colcon.colcon_core.environment:checking '/home/sxxxd/Downloads/amr_example_small/install/order_optimizer' for CMake module files
[1.614s] Level 1:colcon.colcon_core.environment:checking '/home/sxxxd/Downloads/amr_example_small/install/order_optimizer' for CMake config files
[1.615s] Level 1:colcon.colcon_core.shell:create_environment_hook('order_optimizer', 'cmake_prefix_path')
[1.618s] INFO:colcon.colcon_core.shell:Creating environment hook '/home/sxxxd/Downloads/amr_example_small/install/order_optimizer/share/order_optimizer/hook/cmake_prefix_path.ps1'
[1.623s] DEBUG:colcon.colcon_core.event_handler.log_command:Invoked command in '/home/sxxxd/Downloads/amr_example_small/build/order_optimizer' returned '0': CMAKE_PREFIX_PATH=/opt/ros/foxy /usr/bin/cmake --install /home/sxxxd/Downloads/amr_example_small/build/order_optimizer
[1.624s] INFO:colcon.colcon_core.shell:Creating environment descriptor '/home/sxxxd/Downloads/amr_example_small/install/order_optimizer/share/order_optimizer/hook/cmake_prefix_path.dsv'
[1.626s] INFO:colcon.colcon_core.shell:Creating environment hook '/home/sxxxd/Downloads/amr_example_small/install/order_optimizer/share/order_optimizer/hook/cmake_prefix_path.sh'
[1.634s] Level 1:colcon.colcon_core.environment:checking '/home/sxxxd/Downloads/amr_example_small/install/order_optimizer/bin'
[1.635s] Level 1:colcon.colcon_core.environment:checking '/home/sxxxd/Downloads/amr_example_small/install/order_optimizer/lib/pkgconfig/order_optimizer.pc'
[1.635s] Level 1:colcon.colcon_core.environment:checking '/home/sxxxd/Downloads/amr_example_small/install/order_optimizer/lib/python3.8/site-packages'
[1.635s] Level 1:colcon.colcon_core.environment:checking '/home/sxxxd/Downloads/amr_example_small/install/order_optimizer/bin'
[1.650s] INFO:colcon.colcon_core.shell:Creating package script '/home/sxxxd/Downloads/amr_example_small/install/order_optimizer/share/order_optimizer/package.ps1'
[1.659s] INFO:colcon.colcon_core.shell:Creating package descriptor '/home/sxxxd/Downloads/amr_example_small/install/order_optimizer/share/order_optimizer/package.dsv'
[1.661s] INFO:colcon.colcon_core.shell:Creating package script '/home/sxxxd/Downloads/amr_example_small/install/order_optimizer/share/order_optimizer/package.sh'
[1.666s] INFO:colcon.colcon_core.shell:Creating package script '/home/sxxxd/Downloads/amr_example_small/install/order_optimizer/share/order_optimizer/package.bash'
[1.675s] INFO:colcon.colcon_core.shell:Creating package script '/home/sxxxd/Downloads/amr_example_small/install/order_optimizer/share/order_optimizer/package.zsh'
[1.677s] Level 1:colcon.colcon_core.environment:create_file_with_runtime_dependencies(/home/sxxxd/Downloads/amr_example_small/install/order_optimizer/share/colcon-core/packages/order_optimizer)
[2.005s] Level 1:colcon.colcon_core.environment:create_environment_scripts_only(order_optimizer)
[2.007s] Level 1:colcon.colcon_core.environment:checking '/home/sxxxd/Downloads/amr_example_small/install/order_optimizer' for CMake module files
[2.007s] Level 1:colcon.colcon_core.environment:checking '/home/sxxxd/Downloads/amr_example_small/install/order_optimizer' for CMake config files
[2.011s] Level 1:colcon.colcon_core.shell:create_environment_hook('order_optimizer', 'cmake_prefix_path')
[2.012s] INFO:colcon.colcon_core.shell:Creating environment hook '/home/sxxxd/Downloads/amr_example_small/install/order_optimizer/share/order_optimizer/hook/cmake_prefix_path.ps1'
[2.023s] INFO:colcon.colcon_core.shell:Creating environment descriptor '/home/sxxxd/Downloads/amr_example_small/install/order_optimizer/share/order_optimizer/hook/cmake_prefix_path.dsv'
[2.027s] INFO:colcon.colcon_core.shell:Creating environment hook '/home/sxxxd/Downloads/amr_example_small/install/order_optimizer/share/order_optimizer/hook/cmake_prefix_path.sh'
[2.032s] Level 1:colcon.colcon_core.environment:checking '/home/sxxxd/Downloads/amr_example_small/install/order_optimizer/bin'
[2.032s] Level 1:colcon.colcon_core.environment:checking '/home/sxxxd/Downloads/amr_example_small/install/order_optimizer/lib/pkgconfig/order_optimizer.pc'
[2.033s] Level 1:colcon.colcon_core.environment:checking '/home/sxxxd/Downloads/amr_example_small/install/order_optimizer/lib/python3.8/site-packages'
[2.033s] Level 1:colcon.colcon_core.environment:checking '/home/sxxxd/Downloads/amr_example_small/install/order_optimizer/bin'
[2.037s] INFO:colcon.colcon_core.shell:Creating package script '/home/sxxxd/Downloads/amr_example_small/install/order_optimizer/share/order_optimizer/package.ps1'
[2.039s] INFO:colcon.colcon_core.shell:Creating package descriptor '/home/sxxxd/Downloads/amr_example_small/install/order_optimizer/share/order_optimizer/package.dsv'
[2.041s] INFO:colcon.colcon_core.shell:Creating package script '/home/sxxxd/Downloads/amr_example_small/install/order_optimizer/share/order_optimizer/package.sh'
[2.050s] INFO:colcon.colcon_core.shell:Creating package script '/home/sxxxd/Downloads/amr_example_small/install/order_optimizer/share/order_optimizer/package.bash'
[2.059s] INFO:colcon.colcon_core.shell:Creating package script '/home/sxxxd/Downloads/amr_example_small/install/order_optimizer/share/order_optimizer/package.zsh'
[2.061s] Level 1:colcon.colcon_core.environment:create_file_with_runtime_dependencies(/home/sxxxd/Downloads/amr_example_small/install/order_optimizer/share/colcon-core/packages/order_optimizer)
[2.265s] DEBUG:colcon.colcon_core.event_handler.log_command:Invoked command in '/home/sxxxd/Downloads/amr_example_small/build/msg_package' returned '0': CMAKE_PREFIX_PATH=/opt/ros/foxy /usr/bin/cmake --build /home/sxxxd/Downloads/amr_example_small/build/msg_package -- -j8 -l8
[2.813s] DEBUG:colcon.colcon_core.event_handler.log_command:Invoking command in '/home/sxxxd/Downloads/amr_example_small/build/msg_package': CMAKE_PREFIX_PATH=/opt/ros/foxy /usr/bin/cmake --install /home/sxxxd/Downloads/amr_example_small/build/msg_package
[3.023s] Level 1:colcon.colcon_core.environment:create_environment_scripts_only(msg_package)
[3.033s] Level 1:colcon.colcon_core.environment:checking '/home/sxxxd/Downloads/amr_example_small/install/msg_package' for CMake module files
[3.034s] Level 1:colcon.colcon_core.environment:checking '/home/sxxxd/Downloads/amr_example_small/install/msg_package' for CMake config files
[3.042s] DEBUG:colcon.colcon_core.event_handler.log_command:Invoked command in '/home/sxxxd/Downloads/amr_example_small/build/msg_package' returned '0': CMAKE_PREFIX_PATH=/opt/ros/foxy /usr/bin/cmake --install /home/sxxxd/Downloads/amr_example_small/build/msg_package
[3.046s] Level 1:colcon.colcon_core.shell:create_environment_hook('msg_package', 'cmake_prefix_path')
[3.054s] INFO:colcon.colcon_core.shell:Creating environment hook '/home/sxxxd/Downloads/amr_example_small/install/msg_package/share/msg_package/hook/cmake_prefix_path.ps1'
[3.078s] INFO:colcon.colcon_core.shell:Creating environment descriptor '/home/sxxxd/Downloads/amr_example_small/install/msg_package/share/msg_package/hook/cmake_prefix_path.dsv'
[3.086s] INFO:colcon.colcon_core.shell:Creating environment hook '/home/sxxxd/Downloads/amr_example_small/install/msg_package/share/msg_package/hook/cmake_prefix_path.sh'
[3.092s] Level 1:colcon.colcon_core.environment:checking '/home/sxxxd/Downloads/amr_example_small/install/msg_package/lib'
[3.093s] Level 1:colcon.colcon_core.shell:create_environment_hook('msg_package', 'ld_library_path_lib')
[3.097s] INFO:colcon.colcon_core.shell:Creating environment hook '/home/sxxxd/Downloads/amr_example_small/install/msg_package/share/msg_package/hook/ld_library_path_lib.ps1'
[3.101s] INFO:colcon.colcon_core.shell:Creating environment descriptor '/home/sxxxd/Downloads/amr_example_small/install/msg_package/share/msg_package/hook/ld_library_path_lib.dsv'
[3.113s] INFO:colcon.colcon_core.shell:Creating environment hook '/home/sxxxd/Downloads/amr_example_small/install/msg_package/share/msg_package/hook/ld_library_path_lib.sh'
[3.116s] Level 1:colcon.colcon_core.environment:checking '/home/sxxxd/Downloads/amr_example_small/install/msg_package/bin'
[3.116s] Level 1:colcon.colcon_core.environment:checking '/home/sxxxd/Downloads/amr_example_small/install/msg_package/lib/pkgconfig/msg_package.pc'
[3.124s] Level 1:colcon.colcon_core.environment:checking '/home/sxxxd/Downloads/amr_example_small/install/msg_package/lib/python3.8/site-packages'
[3.124s] Level 1:colcon.colcon_core.shell:create_environment_hook('msg_package', 'pythonpath')
[3.125s] INFO:colcon.colcon_core.shell:Creating environment hook '/home/sxxxd/Downloads/amr_example_small/install/msg_package/share/msg_package/hook/pythonpath.ps1'
[3.145s] INFO:colcon.colcon_core.shell:Creating environment descriptor '/home/sxxxd/Downloads/amr_example_small/install/msg_package/share/msg_package/hook/pythonpath.dsv'
[3.146s] INFO:colcon.colcon_core.shell:Creating environment hook '/home/sxxxd/Downloads/amr_example_small/install/msg_package/share/msg_package/hook/pythonpath.sh'
[3.172s] Level 1:colcon.colcon_core.environment:checking '/home/sxxxd/Downloads/amr_example_small/install/msg_package/bin'
[3.174s] INFO:colcon.colcon_core.shell:Creating package script '/home/sxxxd/Downloads/amr_example_small/install/msg_package/share/msg_package/package.ps1'
[3.187s] INFO:colcon.colcon_core.shell:Creating package descriptor '/home/sxxxd/Downloads/amr_example_small/install/msg_package/share/msg_package/package.dsv'
[3.201s] INFO:colcon.colcon_core.shell:Creating package script '/home/sxxxd/Downloads/amr_example_small/install/msg_package/share/msg_package/package.sh'
[3.218s] INFO:colcon.colcon_core.shell:Creating package script '/home/sxxxd/Downloads/amr_example_small/install/msg_package/share/msg_package/package.bash'
[3.218s] INFO:colcon.colcon_core.shell:Creating package script '/home/sxxxd/Downloads/amr_example_small/install/msg_package/share/msg_package/package.zsh'
[3.244s] Level 1:colcon.colcon_core.environment:create_file_with_runtime_dependencies(/home/sxxxd/Downloads/amr_example_small/install/msg_package/share/colcon-core/packages/msg_package)
[3.835s] Level 1:colcon.colcon_core.environment:create_environment_scripts_only(msg_package)
[3.850s] Level 1:colcon.colcon_core.environment:checking '/home/sxxxd/Downloads/amr_example_small/install/msg_package' for CMake module files
[3.877s] Level 1:colcon.colcon_core.environment:checking '/home/sxxxd/Downloads/amr_example_small/install/msg_package' for CMake config files
[3.877s] Level 1:colcon.colcon_core.shell:create_environment_hook('msg_package', 'cmake_prefix_path')
[3.878s] INFO:colcon.colcon_core.shell:Creating environment hook '/home/sxxxd/Downloads/amr_example_small/install/msg_package/share/msg_package/hook/cmake_prefix_path.ps1'
[3.883s] INFO:colcon.colcon_core.shell:Creating environment descriptor '/home/sxxxd/Downloads/amr_example_small/install/msg_package/share/msg_package/hook/cmake_prefix_path.dsv'
[3.884s] INFO:colcon.colcon_core.shell:Creating environment hook '/home/sxxxd/Downloads/amr_example_small/install/msg_package/share/msg_package/hook/cmake_prefix_path.sh'
[3.889s] Level 1:colcon.colcon_core.environment:checking '/home/sxxxd/Downloads/amr_example_small/install/msg_package/lib'
[3.889s] Level 1:colcon.colcon_core.shell:create_environment_hook('msg_package', 'ld_library_path_lib')
[3.891s] INFO:colcon.colcon_core.shell:Creating environment hook '/home/sxxxd/Downloads/amr_example_small/install/msg_package/share/msg_package/hook/ld_library_path_lib.ps1'
[3.895s] INFO:colcon.colcon_core.shell:Creating environment descriptor '/home/sxxxd/Downloads/amr_example_small/install/msg_package/share/msg_package/hook/ld_library_path_lib.dsv'
[3.897s] INFO:colcon.colcon_core.shell:Creating environment hook '/home/sxxxd/Downloads/amr_example_small/install/msg_package/share/msg_package/hook/ld_library_path_lib.sh'
[3.903s] Level 1:colcon.colcon_core.environment:checking '/home/sxxxd/Downloads/amr_example_small/install/msg_package/bin'
[3.903s] Level 1:colcon.colcon_core.environment:checking '/home/sxxxd/Downloads/amr_example_small/install/msg_package/lib/pkgconfig/msg_package.pc'
[3.903s] Level 1:colcon.colcon_core.environment:checking '/home/sxxxd/Downloads/amr_example_small/install/msg_package/lib/python3.8/site-packages'
[3.903s] Level 1:colcon.colcon_core.shell:create_environment_hook('msg_package', 'pythonpath')
[3.904s] INFO:colcon.colcon_core.shell:Creating environment hook '/home/sxxxd/Downloads/amr_example_small/install/msg_package/share/msg_package/hook/pythonpath.ps1'
[3.913s] INFO:colcon.colcon_core.shell:Creating environment descriptor '/home/sxxxd/Downloads/amr_example_small/install/msg_package/share/msg_package/hook/pythonpath.dsv'
[3.922s] INFO:colcon.colcon_core.shell:Creating environment hook '/home/sxxxd/Downloads/amr_example_small/install/msg_package/share/msg_package/hook/pythonpath.sh'
[3.945s] Level 1:colcon.colcon_core.environment:checking '/home/sxxxd/Downloads/amr_example_small/install/msg_package/bin'
[3.946s] INFO:colcon.colcon_core.shell:Creating package script '/home/sxxxd/Downloads/amr_example_small/install/msg_package/share/msg_package/package.ps1'
[3.953s] INFO:colcon.colcon_core.shell:Creating package descriptor '/home/sxxxd/Downloads/amr_example_small/install/msg_package/share/msg_package/package.dsv'
[3.955s] INFO:colcon.colcon_core.shell:Creating package script '/home/sxxxd/Downloads/amr_example_small/install/msg_package/share/msg_package/package.sh'
[3.960s] INFO:colcon.colcon_core.shell:Creating package script '/home/sxxxd/Downloads/amr_example_small/install/msg_package/share/msg_package/package.bash'
[3.962s] INFO:colcon.colcon_core.shell:Creating package script '/home/sxxxd/Downloads/amr_example_small/install/msg_package/share/msg_package/package.zsh'
[3.970s] Level 1:colcon.colcon_core.environment:create_file_with_runtime_dependencies(/home/sxxxd/Downloads/amr_example_small/install/msg_package/share/colcon-core/packages/msg_package)
[3.977s] INFO:colcon.colcon_ros.task.ament_cmake.build:Building ROS package in '/home/sxxxd/Downloads/amr_example_small/ros_cpp' with build type 'ament_cmake'
[3.977s] INFO:colcon.colcon_cmake.task.cmake.build:Building CMake package in '/home/sxxxd/Downloads/amr_example_small/ros_cpp'
[3.978s] INFO:colcon.colcon_core.shell:Skip shell extension 'powershell' for command environment: Not usable outside of PowerShell
[3.978s] DEBUG:colcon.colcon_core.shell:Skip shell extension 'dsv' for command environment
[4.206s] DEBUG:colcon.colcon_core.event_handler.log_command:Invoking command in '/home/sxxxd/Downloads/amr_example_small/build/ros_cpp': AMENT_PREFIX_PATH=/home/sxxxd/Downloads/amr_example_small/install/msg_package:${AMENT_PREFIX_PATH} CMAKE_PREFIX_PATH=/home/sxxxd/Downloads/amr_example_small/install/msg_package:/opt/ros/foxy LD_LIBRARY_PATH=/home/sxxxd/Downloads/amr_example_small/install/msg_package/lib:${LD_LIBRARY_PATH} PYTHONPATH=/home/sxxxd/Downloads/amr_example_small/install/msg_package/lib/python3.8/site-packages:${PYTHONPATH} /usr/bin/cmake /home/sxxxd/Downloads/amr_example_small/ros_cpp -DCMAKE_INSTALL_PREFIX=/home/sxxxd/Downloads/amr_example_small/install/ros_cpp
[5.727s] DEBUG:colcon.colcon_core.event_handler.log_command:Invoked command in '/home/sxxxd/Downloads/amr_example_small/build/ros_cpp' returned '0': AMENT_PREFIX_PATH=/home/sxxxd/Downloads/amr_example_small/install/msg_package:${AMENT_PREFIX_PATH} CMAKE_PREFIX_PATH=/home/sxxxd/Downloads/amr_example_small/install/msg_package:/opt/ros/foxy LD_LIBRARY_PATH=/home/sxxxd/Downloads/amr_example_small/install/msg_package/lib:${LD_LIBRARY_PATH} PYTHONPATH=/home/sxxxd/Downloads/amr_example_small/install/msg_package/lib/python3.8/site-packages:${PYTHONPATH} /usr/bin/cmake /home/sxxxd/Downloads/amr_example_small/ros_cpp -DCMAKE_INSTALL_PREFIX=/home/sxxxd/Downloads/amr_example_small/install/ros_cpp
[5.806s] DEBUG:colcon.colcon_core.event_handler.log_command:Invoking command in '/home/sxxxd/Downloads/amr_example_small/build/ros_cpp': AMENT_PREFIX_PATH=/home/sxxxd/Downloads/amr_example_small/install/msg_package:${AMENT_PREFIX_PATH} CMAKE_PREFIX_PATH=/home/sxxxd/Downloads/amr_example_small/install/msg_package:/opt/ros/foxy LD_LIBRARY_PATH=/home/sxxxd/Downloads/amr_example_small/install/msg_package/lib:${LD_LIBRARY_PATH} PYTHONPATH=/home/sxxxd/Downloads/amr_example_small/install/msg_package/lib/python3.8/site-packages:${PYTHONPATH} /usr/bin/cmake --build /home/sxxxd/Downloads/amr_example_small/build/ros_cpp -- -j8 -l8
[24.334s] DEBUG:colcon.colcon_core.event_handler.log_command:Invoked command in '/home/sxxxd/Downloads/amr_example_small/build/ros_cpp' returned '0': AMENT_PREFIX_PATH=/home/sxxxd/Downloads/amr_example_small/install/msg_package:${AMENT_PREFIX_PATH} CMAKE_PREFIX_PATH=/home/sxxxd/Downloads/amr_example_small/install/msg_package:/opt/ros/foxy LD_LIBRARY_PATH=/home/sxxxd/Downloads/amr_example_small/install/msg_package/lib:${LD_LIBRARY_PATH} PYTHONPATH=/home/sxxxd/Downloads/amr_example_small/install/msg_package/lib/python3.8/site-packages:${PYTHONPATH} /usr/bin/cmake --build /home/sxxxd/Downloads/amr_example_small/build/ros_cpp -- -j8 -l8
[24.494s] DEBUG:colcon.colcon_core.event_handler.log_command:Invoking command in '/home/sxxxd/Downloads/amr_example_small/build/ros_cpp': AMENT_PREFIX_PATH=/home/sxxxd/Downloads/amr_example_small/install/msg_package:${AMENT_PREFIX_PATH} CMAKE_PREFIX_PATH=/home/sxxxd/Downloads/amr_example_small/install/msg_package:/opt/ros/foxy LD_LIBRARY_PATH=/home/sxxxd/Downloads/amr_example_small/install/msg_package/lib:${LD_LIBRARY_PATH} PYTHONPATH=/home/sxxxd/Downloads/amr_example_small/install/msg_package/lib/python3.8/site-packages:${PYTHONPATH} /usr/bin/cmake --install /home/sxxxd/Downloads/amr_example_small/build/ros_cpp
[24.622s] Level 1:colcon.colcon_core.environment:create_environment_scripts_only(ros_cpp)
[24.625s] Level 1:colcon.colcon_core.environment:checking '/home/sxxxd/Downloads/amr_example_small/install/ros_cpp' for CMake module files
[24.629s] Level 1:colcon.colcon_core.environment:checking '/home/sxxxd/Downloads/amr_example_small/install/ros_cpp' for CMake config files
[24.630s] DEBUG:colcon.colcon_core.event_handler.log_command:Invoked command in '/home/sxxxd/Downloads/amr_example_small/build/ros_cpp' returned '0': AMENT_PREFIX_PATH=/home/sxxxd/Downloads/amr_example_small/install/msg_package:${AMENT_PREFIX_PATH} CMAKE_PREFIX_PATH=/home/sxxxd/Downloads/amr_example_small/install/msg_package:/opt/ros/foxy LD_LIBRARY_PATH=/home/sxxxd/Downloads/amr_example_small/install/msg_package/lib:${LD_LIBRARY_PATH} PYTHONPATH=/home/sxxxd/Downloads/amr_example_small/install/msg_package/lib/python3.8/site-packages:${PYTHONPATH} /usr/bin/cmake --install /home/sxxxd/Downloads/amr_example_small/build/ros_cpp
[24.630s] Level 1:colcon.colcon_core.shell:create_environment_hook('ros_cpp', 'cmake_prefix_path')
[24.637s] INFO:colcon.colcon_core.shell:Creating environment hook '/home/sxxxd/Downloads/amr_example_small/install/ros_cpp/share/ros_cpp/hook/cmake_prefix_path.ps1'
[24.637s] INFO:colcon.colcon_core.shell:Creating environment descriptor '/home/sxxxd/Downloads/amr_example_small/install/ros_cpp/share/ros_cpp/hook/cmake_prefix_path.dsv'
[24.638s] INFO:colcon.colcon_core.shell:Creating environment hook '/home/sxxxd/Downloads/amr_example_small/install/ros_cpp/share/ros_cpp/hook/cmake_prefix_path.sh'
[24.638s] Level 1:colcon.colcon_core.environment:checking '/home/sxxxd/Downloads/amr_example_small/install/ros_cpp/lib'
[24.639s] Level 1:colcon.colcon_core.environment:checking '/home/sxxxd/Downloads/amr_example_small/install/ros_cpp/bin'
[24.639s] Level 1:colcon.colcon_core.environment:checking '/home/sxxxd/Downloads/amr_example_small/install/ros_cpp/lib/pkgconfig/ros_cpp.pc'
[24.639s] Level 1:colcon.colcon_core.environment:checking '/home/sxxxd/Downloads/amr_example_small/install/ros_cpp/lib/python3.8/site-packages'
[24.639s] Level 1:colcon.colcon_core.environment:checking '/home/sxxxd/Downloads/amr_example_small/install/ros_cpp/bin'
[24.640s] INFO:colcon.colcon_core.shell:Creating package script '/home/sxxxd/Downloads/amr_example_small/install/ros_cpp/share/ros_cpp/package.ps1'
[24.645s] INFO:colcon.colcon_core.shell:Creating package descriptor '/home/sxxxd/Downloads/amr_example_small/install/ros_cpp/share/ros_cpp/package.dsv'
[24.646s] INFO:colcon.colcon_core.shell:Creating package script '/home/sxxxd/Downloads/amr_example_small/install/ros_cpp/share/ros_cpp/package.sh'
[24.654s] INFO:colcon.colcon_core.shell:Creating package script '/home/sxxxd/Downloads/amr_example_small/install/ros_cpp/share/ros_cpp/package.bash'
[24.660s] INFO:colcon.colcon_core.shell:Creating package script '/home/sxxxd/Downloads/amr_example_small/install/ros_cpp/share/ros_cpp/package.zsh'
[24.662s] Level 1:colcon.colcon_core.environment:create_file_with_runtime_dependencies(/home/sxxxd/Downloads/amr_example_small/install/ros_cpp/share/colcon-core/packages/ros_cpp)
[25.356s] Level 1:colcon.colcon_core.environment:create_environment_scripts_only(ros_cpp)
[25.358s] Level 1:colcon.colcon_core.environment:checking '/home/sxxxd/Downloads/amr_example_small/install/ros_cpp' for CMake module files
[25.359s] Level 1:colcon.colcon_core.environment:checking '/home/sxxxd/Downloads/amr_example_small/install/ros_cpp' for CMake config files
[25.359s] Level 1:colcon.colcon_core.shell:create_environment_hook('ros_cpp', 'cmake_prefix_path')
[25.360s] INFO:colcon.colcon_core.shell:Creating environment hook '/home/sxxxd/Downloads/amr_example_small/install/ros_cpp/share/ros_cpp/hook/cmake_prefix_path.ps1'
[25.365s] INFO:colcon.colcon_core.shell:Creating environment descriptor '/home/sxxxd/Downloads/amr_example_small/install/ros_cpp/share/ros_cpp/hook/cmake_prefix_path.dsv'
[25.371s] INFO:colcon.colcon_core.shell:Creating environment hook '/home/sxxxd/Downloads/amr_example_small/install/ros_cpp/share/ros_cpp/hook/cmake_prefix_path.sh'
[25.377s] Level 1:colcon.colcon_core.environment:checking '/home/sxxxd/Downloads/amr_example_small/install/ros_cpp/lib'
[25.377s] Level 1:colcon.colcon_core.environment:checking '/home/sxxxd/Downloads/amr_example_small/install/ros_cpp/bin'
[25.377s] Level 1:colcon.colcon_core.environment:checking '/home/sxxxd/Downloads/amr_example_small/install/ros_cpp/lib/pkgconfig/ros_cpp.pc'
[25.378s] Level 1:colcon.colcon_core.environment:checking '/home/sxxxd/Downloads/amr_example_small/install/ros_cpp/lib/python3.8/site-packages'
[25.378s] Level 1:colcon.colcon_core.environment:checking '/home/sxxxd/Downloads/amr_example_small/install/ros_cpp/bin'
[25.379s] INFO:colcon.colcon_core.shell:Creating package script '/home/sxxxd/Downloads/amr_example_small/install/ros_cpp/share/ros_cpp/package.ps1'
[25.380s] INFO:colcon.colcon_core.shell:Creating package descriptor '/home/sxxxd/Downloads/amr_example_small/install/ros_cpp/share/ros_cpp/package.dsv'
[25.381s] INFO:colcon.colcon_core.shell:Creating package script '/home/sxxxd/Downloads/amr_example_small/install/ros_cpp/share/ros_cpp/package.sh'
[25.382s] INFO:colcon.colcon_core.shell:Creating package script '/home/sxxxd/Downloads/amr_example_small/install/ros_cpp/share/ros_cpp/package.bash'
[25.386s] INFO:colcon.colcon_core.shell:Creating package script '/home/sxxxd/Downloads/amr_example_small/install/ros_cpp/share/ros_cpp/package.zsh'
[25.388s] Level 1:colcon.colcon_core.environment:create_file_with_runtime_dependencies(/home/sxxxd/Downloads/amr_example_small/install/ros_cpp/share/colcon-core/packages/ros_cpp)
[25.389s] DEBUG:colcon.colcon_parallel_executor.executor.parallel:closing loop
[25.389s] DEBUG:colcon.colcon_parallel_executor.executor.parallel:loop closed
[25.389s] DEBUG:colcon.colcon_parallel_executor.executor.parallel:run_until_complete finished with '0'
[25.390s] DEBUG:colcon.colcon_core.event_reactor:joining thread
[25.427s] INFO:colcon.colcon_core.plugin_system:Skipping extension 'colcon_notification.desktop_notification.terminal_notifier': Not used on non-Darwin systems
[25.427s] INFO:colcon.colcon_core.plugin_system:Skipping extension 'colcon_notification.desktop_notification.win32': Not used on non-Windows systems
[25.427s] INFO:colcon.colcon_notification.desktop_notification:Sending desktop notification using 'notify2'
[25.498s] DEBUG:colcon.colcon_core.event_reactor:joined thread
[25.499s] INFO:colcon.colcon_core.shell:Creating prefix script '/home/sxxxd/Downloads/amr_example_small/install/local_setup.ps1'
[25.501s] INFO:colcon.colcon_core.shell:Creating prefix util module '/home/sxxxd/Downloads/amr_example_small/install/_local_setup_util_ps1.py'
[25.505s] INFO:colcon.colcon_core.shell:Creating prefix chain script '/home/sxxxd/Downloads/amr_example_small/install/setup.ps1'
[25.508s] INFO:colcon.colcon_core.shell:Creating prefix script '/home/sxxxd/Downloads/amr_example_small/install/local_setup.sh'
[25.510s] INFO:colcon.colcon_core.shell:Creating prefix util module '/home/sxxxd/Downloads/amr_example_small/install/_local_setup_util_sh.py'
[25.514s] INFO:colcon.colcon_core.shell:Creating prefix chain script '/home/sxxxd/Downloads/amr_example_small/install/setup.sh'
[25.520s] INFO:colcon.colcon_core.shell:Creating prefix script '/home/sxxxd/Downloads/amr_example_small/install/local_setup.bash'
[25.522s] INFO:colcon.colcon_core.shell:Creating prefix chain script '/home/sxxxd/Downloads/amr_example_small/install/setup.bash'
[25.525s] INFO:colcon.colcon_core.shell:Creating prefix script '/home/sxxxd/Downloads/amr_example_small/install/local_setup.zsh'
[25.526s] INFO:colcon.colcon_core.shell:Creating prefix chain script '/home/sxxxd/Downloads/amr_example_small/install/setup.zsh'
