[0.318s] DEBUG:colcon:Command line arguments: ['/usr/bin/colcon', 'build']
[0.318s] DEBUG:colcon:Parsed command line arguments: Namespace(allow_overriding=[], ament_cmake_args=None, base_paths=['.'], build_base='build', catkin_cmake_args=None, catkin_skip_building_tests=False, cmake_args=None, cmake_clean_cache=False, cmake_clean_first=False, cmake_force_configure=False, cmake_target=None, cmake_target_skip_unavailable=False, continue_on_error=False, event_handlers=None, executor='parallel', ignore_user_meta=False, install_base='install', log_base=None, log_level=None, main=<bound method BuildVerb.main of <colcon_core.verb.build.BuildVerb object at 0x7fe17328a0a0>>, merge_install=False, metas=['./colcon.meta'], packages_above=None, packages_above_and_dependencies=None, packages_above_depth=None, packages_end=None, packages_ignore=None, packages_ignore_regex=None, packages_select=None, packages_select_build_failed=False, packages_select_by_dep=None, packages_select_regex=None, packages_select_test_failures=False, packages_skip=None, packages_skip_build_finished=False, packages_skip_by_dep=None, packages_skip_regex=None, packages_skip_test_passed=False, packages_skip_up_to=None, packages_start=None, packages_up_to=None, packages_up_to_regex=None, parallel_workers=8, paths=None, symlink_install=False, test_result_base=None, verb_extension=<colcon_core.verb.build.BuildVerb object at 0x7fe17328a0a0>, verb_name='build', verb_parser=<colcon_defaults.argument_parser.defaults.DefaultArgumentsDecorator object at 0x7fe17328a5e0>)
[0.344s] Level 1:colcon.colcon_core.package_discovery:discover_packages(colcon_meta) check parameters
[0.345s] Level 1:colcon.colcon_core.package_discovery:discover_packages(recursive) check parameters
[0.345s] Level 1:colcon.colcon_core.package_discovery:discover_packages(ignore) check parameters
[0.345s] Level 1:colcon.colcon_core.package_discovery:discover_packages(path) check parameters
[0.345s] Level 1:colcon.colcon_core.package_discovery:discover_packages(colcon_meta) discover
[0.345s] Level 1:colcon.colcon_core.package_discovery:discover_packages(recursive) discover
[0.345s] INFO:colcon.colcon_core.package_discovery:Crawling recursively for packages in '/home/sxxxd/Downloads/amr_example_small'
[0.345s] Level 1:colcon.colcon_core.package_identification:_identify(.) by extensions ['ignore', 'ignore_ament_install']
[0.345s] Level 1:colcon.colcon_core.package_identification:_identify(.) by extension 'ignore'
[0.345s] Level 1:colcon.colcon_core.package_identification:_identify(.) by extension 'ignore_ament_install'
[0.345s] Level 1:colcon.colcon_core.package_identification:_identify(.) by extensions ['colcon_pkg']
[0.345s] Level 1:colcon.colcon_core.package_identification:_identify(.) by extension 'colcon_pkg'
[0.346s] Level 1:colcon.colcon_core.package_identification:_identify(.) by extensions ['colcon_meta']
[0.346s] Level 1:colcon.colcon_core.package_identification:_identify(.) by extension 'colcon_meta'
[0.346s] Level 1:colcon.colcon_core.package_identification:_identify(.) by extensions ['ros']
[0.346s] Level 1:colcon.colcon_core.package_identification:_identify(.) by extension 'ros'
[0.371s] Level 1:colcon.colcon_core.package_identification:_identify(.) by extensions ['cmake', 'python']
[0.371s] Level 1:colcon.colcon_core.package_identification:_identify(.) by extension 'cmake'
[0.371s] Level 1:colcon.colcon_core.package_identification:_identify(.) by extension 'python'
[0.371s] Level 1:colcon.colcon_core.package_identification:_identify(.) by extensions ['python_setup_py']
[0.371s] Level 1:colcon.colcon_core.package_identification:_identify(.) by extension 'python_setup_py'
[0.371s] Level 1:colcon.colcon_core.package_identification:_identify(build) by extensions ['ignore', 'ignore_ament_install']
[0.371s] Level 1:colcon.colcon_core.package_identification:_identify(build) by extension 'ignore'
[0.372s] Level 1:colcon.colcon_core.package_identification:_identify(build) ignored
[0.372s] Level 1:colcon.colcon_core.package_identification:_identify(configuration) by extensions ['ignore', 'ignore_ament_install']
[0.372s] Level 1:colcon.colcon_core.package_identification:_identify(configuration) by extension 'ignore'
[0.372s] Level 1:colcon.colcon_core.package_identification:_identify(configuration) by extension 'ignore_ament_install'
[0.372s] Level 1:colcon.colcon_core.package_identification:_identify(configuration) by extensions ['colcon_pkg']
[0.372s] Level 1:colcon.colcon_core.package_identification:_identify(configuration) by extension 'colcon_pkg'
[0.372s] Level 1:colcon.colcon_core.package_identification:_identify(configuration) by extensions ['colcon_meta']
[0.372s] Level 1:colcon.colcon_core.package_identification:_identify(configuration) by extension 'colcon_meta'
[0.372s] Level 1:colcon.colcon_core.package_identification:_identify(configuration) by extensions ['ros']
[0.372s] Level 1:colcon.colcon_core.package_identification:_identify(configuration) by extension 'ros'
[0.372s] Level 1:colcon.colcon_core.package_identification:_identify(configuration) by extensions ['cmake', 'python']
[0.372s] Level 1:colcon.colcon_core.package_identification:_identify(configuration) by extension 'cmake'
[0.372s] Level 1:colcon.colcon_core.package_identification:_identify(configuration) by extension 'python'
[0.372s] Level 1:colcon.colcon_core.package_identification:_identify(configuration) by extensions ['python_setup_py']
[0.372s] Level 1:colcon.colcon_core.package_identification:_identify(configuration) by extension 'python_setup_py'
[0.372s] Level 1:colcon.colcon_core.package_identification:_identify(install) by extensions ['ignore', 'ignore_ament_install']
[0.372s] Level 1:colcon.colcon_core.package_identification:_identify(install) by extension 'ignore'
[0.372s] Level 1:colcon.colcon_core.package_identification:_identify(install) ignored
[0.372s] Level 1:colcon.colcon_core.package_identification:_identify(log) by extensions ['ignore', 'ignore_ament_install']
[0.372s] Level 1:colcon.colcon_core.package_identification:_identify(log) by extension 'ignore'
[0.372s] Level 1:colcon.colcon_core.package_identification:_identify(log) ignored
[0.373s] Level 1:colcon.colcon_core.package_identification:_identify(msg_package) by extensions ['ignore', 'ignore_ament_install']
[0.373s] Level 1:colcon.colcon_core.package_identification:_identify(msg_package) by extension 'ignore'
[0.373s] Level 1:colcon.colcon_core.package_identification:_identify(msg_package) by extension 'ignore_ament_install'
[0.373s] Level 1:colcon.colcon_core.package_identification:_identify(msg_package) by extensions ['colcon_pkg']
[0.373s] Level 1:colcon.colcon_core.package_identification:_identify(msg_package) by extension 'colcon_pkg'
[0.373s] Level 1:colcon.colcon_core.package_identification:_identify(msg_package) by extensions ['colcon_meta']
[0.373s] Level 1:colcon.colcon_core.package_identification:_identify(msg_package) by extension 'colcon_meta'
[0.373s] Level 1:colcon.colcon_core.package_identification:_identify(msg_package) by extensions ['ros']
[0.373s] Level 1:colcon.colcon_core.package_identification:_identify(msg_package) by extension 'ros'
[0.375s] DEBUG:colcon.colcon_core.package_identification:Package 'msg_package' with type 'ros.ament_cmake' and name 'msg_package'
[0.375s] Level 1:colcon.colcon_core.package_identification:_identify(order_optimizer) by extensions ['ignore', 'ignore_ament_install']
[0.375s] Level 1:colcon.colcon_core.package_identification:_identify(order_optimizer) by extension 'ignore'
[0.376s] Level 1:colcon.colcon_core.package_identification:_identify(order_optimizer) by extension 'ignore_ament_install'
[0.376s] Level 1:colcon.colcon_core.package_identification:_identify(order_optimizer) by extensions ['colcon_pkg']
[0.376s] Level 1:colcon.colcon_core.package_identification:_identify(order_optimizer) by extension 'colcon_pkg'
[0.376s] Level 1:colcon.colcon_core.package_identification:_identify(order_optimizer) by extensions ['colcon_meta']
[0.376s] Level 1:colcon.colcon_core.package_identification:_identify(order_optimizer) by extension 'colcon_meta'
[0.376s] Level 1:colcon.colcon_core.package_identification:_identify(order_optimizer) by extensions ['ros']
[0.376s] Level 1:colcon.colcon_core.package_identification:_identify(order_optimizer) by extension 'ros'
[0.376s] DEBUG:colcon.colcon_core.package_identification:Package 'order_optimizer' with type 'ros.ament_cmake' and name 'order_optimizer'
[0.376s] Level 1:colcon.colcon_core.package_identification:_identify(orders) by extensions ['ignore', 'ignore_ament_install']
[0.376s] Level 1:colcon.colcon_core.package_identification:_identify(orders) by extension 'ignore'
[0.376s] Level 1:colcon.colcon_core.package_identification:_identify(orders) by extension 'ignore_ament_install'
[0.376s] Level 1:colcon.colcon_core.package_identification:_identify(orders) by extensions ['colcon_pkg']
[0.377s] Level 1:colcon.colcon_core.package_identification:_identify(orders) by extension 'colcon_pkg'
[0.377s] Level 1:colcon.colcon_core.package_identification:_identify(orders) by extensions ['colcon_meta']
[0.377s] Level 1:colcon.colcon_core.package_identification:_identify(orders) by extension 'colcon_meta'
[0.377s] Level 1:colcon.colcon_core.package_identification:_identify(orders) by extensions ['ros']
[0.377s] Level 1:colcon.colcon_core.package_identification:_identify(orders) by extension 'ros'
[0.377s] Level 1:colcon.colcon_core.package_identification:_identify(orders) by extensions ['cmake', 'python']
[0.377s] Level 1:colcon.colcon_core.package_identification:_identify(orders) by extension 'cmake'
[0.377s] Level 1:colcon.colcon_core.package_identification:_identify(orders) by extension 'python'
[0.377s] Level 1:colcon.colcon_core.package_identification:_identify(orders) by extensions ['python_setup_py']
[0.377s] Level 1:colcon.colcon_core.package_identification:_identify(orders) by extension 'python_setup_py'
[0.377s] Level 1:colcon.colcon_core.package_identification:_identify(ros_cpp) by extensions ['ignore', 'ignore_ament_install']
[0.377s] Level 1:colcon.colcon_core.package_identification:_identify(ros_cpp) by extension 'ignore'
[0.377s] Level 1:colcon.colcon_core.package_identification:_identify(ros_cpp) by extension 'ignore_ament_install'
[0.377s] Level 1:colcon.colcon_core.package_identification:_identify(ros_cpp) by extensions ['colcon_pkg']
[0.377s] Level 1:colcon.colcon_core.package_identification:_identify(ros_cpp) by extension 'colcon_pkg'
[0.377s] Level 1:colcon.colcon_core.package_identification:_identify(ros_cpp) by extensions ['colcon_meta']
[0.377s] Level 1:colcon.colcon_core.package_identification:_identify(ros_cpp) by extension 'colcon_meta'
[0.377s] Level 1:colcon.colcon_core.package_identification:_identify(ros_cpp) by extensions ['ros']
[0.377s] Level 1:colcon.colcon_core.package_identification:_identify(ros_cpp) by extension 'ros'
[0.378s] DEBUG:colcon.colcon_core.package_identification:Package 'ros_cpp' with type 'ros.ament_cmake' and name 'ros_cpp'
[0.378s] Level 1:colcon.colcon_core.package_discovery:discover_packages(recursive) using defaults
[0.378s] Level 1:colcon.colcon_core.package_discovery:discover_packages(ignore) discover
[0.378s] Level 1:colcon.colcon_core.package_discovery:discover_packages(ignore) using defaults
[0.379s] Level 1:colcon.colcon_core.package_discovery:discover_packages(path) discover
[0.379s] Level 1:colcon.colcon_core.package_discovery:discover_packages(path) using defaults
[0.407s] Level 1:colcon.colcon_core.package_discovery:discover_packages(prefix_path) check parameters
[0.407s] Level 1:colcon.colcon_core.package_discovery:discover_packages(prefix_path) discover
[0.410s] DEBUG:colcon.colcon_installed_package_information.package_discovery:Found 256 installed packages in /opt/ros/foxy
[0.412s] Level 1:colcon.colcon_core.package_discovery:discover_packages(prefix_path) using defaults
[0.481s] Level 5:colcon.colcon_core.verb:set package 'msg_package' build argument 'cmake_args' from command line to 'None'
[0.482s] Level 5:colcon.colcon_core.verb:set package 'msg_package' build argument 'cmake_target' from command line to 'None'
[0.482s] Level 5:colcon.colcon_core.verb:set package 'msg_package' build argument 'cmake_target_skip_unavailable' from command line to 'False'
[0.482s] Level 5:colcon.colcon_core.verb:set package 'msg_package' build argument 'cmake_clean_cache' from command line to 'False'
[0.482s] Level 5:colcon.colcon_core.verb:set package 'msg_package' build argument 'cmake_clean_first' from command line to 'False'
[0.482s] Level 5:colcon.colcon_core.verb:set package 'msg_package' build argument 'cmake_force_configure' from command line to 'False'
[0.482s] Level 5:colcon.colcon_core.verb:set package 'msg_package' build argument 'ament_cmake_args' from command line to 'None'
[0.482s] Level 5:colcon.colcon_core.verb:set package 'msg_package' build argument 'catkin_cmake_args' from command line to 'None'
[0.482s] Level 5:colcon.colcon_core.verb:set package 'msg_package' build argument 'catkin_skip_building_tests' from command line to 'False'
[0.482s] DEBUG:colcon.colcon_core.verb:Building package 'msg_package' with the following arguments: {'ament_cmake_args': None, 'build_base': '/home/sxxxd/Downloads/amr_example_small/build/msg_package', 'catkin_cmake_args': None, 'catkin_skip_building_tests': False, 'cmake_args': None, 'cmake_clean_cache': False, 'cmake_clean_first': False, 'cmake_force_configure': False, 'cmake_target': None, 'cmake_target_skip_unavailable': False, 'install_base': '/home/sxxxd/Downloads/amr_example_small/install/msg_package', 'merge_install': False, 'path': '/home/sxxxd/Downloads/amr_example_small/msg_package', 'symlink_install': False, 'test_result_base': None}
[0.483s] Level 5:colcon.colcon_core.verb:set package 'order_optimizer' build argument 'cmake_args' from command line to 'None'
[0.483s] Level 5:colcon.colcon_core.verb:set package 'order_optimizer' build argument 'cmake_target' from command line to 'None'
[0.483s] Level 5:colcon.colcon_core.verb:set package 'order_optimizer' build argument 'cmake_target_skip_unavailable' from command line to 'False'
[0.483s] Level 5:colcon.colcon_core.verb:set package 'order_optimizer' build argument 'cmake_clean_cache' from command line to 'False'
[0.483s] Level 5:colcon.colcon_core.verb:set package 'order_optimizer' build argument 'cmake_clean_first' from command line to 'False'
[0.483s] Level 5:colcon.colcon_core.verb:set package 'order_optimizer' build argument 'cmake_force_configure' from command line to 'False'
[0.483s] Level 5:colcon.colcon_core.verb:set package 'order_optimizer' build argument 'ament_cmake_args' from command line to 'None'
[0.483s] Level 5:colcon.colcon_core.verb:set package 'order_optimizer' build argument 'catkin_cmake_args' from command line to 'None'
[0.483s] Level 5:colcon.colcon_core.verb:set package 'order_optimizer' build argument 'catkin_skip_building_tests' from command line to 'False'
[0.483s] DEBUG:colcon.colcon_core.verb:Building package 'order_optimizer' with the following arguments: {'ament_cmake_args': None, 'build_base': '/home/sxxxd/Downloads/amr_example_small/build/order_optimizer', 'catkin_cmake_args': None, 'catkin_skip_building_tests': False, 'cmake_args': None, 'cmake_clean_cache': False, 'cmake_clean_first': False, 'cmake_force_configure': False, 'cmake_target': None, 'cmake_target_skip_unavailable': False, 'install_base': '/home/sxxxd/Downloads/amr_example_small/install/order_optimizer', 'merge_install': False, 'path': '/home/sxxxd/Downloads/amr_example_small/order_optimizer', 'symlink_install': False, 'test_result_base': None}
[0.484s] Level 5:colcon.colcon_core.verb:set package 'ros_cpp' build argument 'cmake_args' from command line to 'None'
[0.484s] Level 5:colcon.colcon_core.verb:set package 'ros_cpp' build argument 'cmake_target' from command line to 'None'
[0.484s] Level 5:colcon.colcon_core.verb:set package 'ros_cpp' build argument 'cmake_target_skip_unavailable' from command line to 'False'
[0.484s] Level 5:colcon.colcon_core.verb:set package 'ros_cpp' build argument 'cmake_clean_cache' from command line to 'False'
[0.484s] Level 5:colcon.colcon_core.verb:set package 'ros_cpp' build argument 'cmake_clean_first' from command line to 'False'
[0.484s] Level 5:colcon.colcon_core.verb:set package 'ros_cpp' build argument 'cmake_force_configure' from command line to 'False'
[0.484s] Level 5:colcon.colcon_core.verb:set package 'ros_cpp' build argument 'ament_cmake_args' from command line to 'None'
[0.484s] Level 5:colcon.colcon_core.verb:set package 'ros_cpp' build argument 'catkin_cmake_args' from command line to 'None'
[0.484s] Level 5:colcon.colcon_core.verb:set package 'ros_cpp' build argument 'catkin_skip_building_tests' from command line to 'False'
[0.485s] DEBUG:colcon.colcon_core.verb:Building package 'ros_cpp' with the following arguments: {'ament_cmake_args': None, 'build_base': '/home/sxxxd/Downloads/amr_example_small/build/ros_cpp', 'catkin_cmake_args': None, 'catkin_skip_building_tests': False, 'cmake_args': None, 'cmake_clean_cache': False, 'cmake_clean_first': False, 'cmake_force_configure': False, 'cmake_target': None, 'cmake_target_skip_unavailable': False, 'install_base': '/home/sxxxd/Downloads/amr_example_small/install/ros_cpp', 'merge_install': False, 'path': '/home/sxxxd/Downloads/amr_example_small/ros_cpp', 'symlink_install': False, 'test_result_base': None}
[0.486s] INFO:colcon.colcon_core.executor:Executing jobs using 'parallel' executor
[0.492s] DEBUG:colcon.colcon_parallel_executor.executor.parallel:run_until_complete
[0.495s] INFO:colcon.colcon_ros.task.ament_cmake.build:Building ROS package in '/home/sxxxd/Downloads/amr_example_small/msg_package' with build type 'ament_cmake'
[0.495s] INFO:colcon.colcon_cmake.task.cmake.build:Building CMake package in '/home/sxxxd/Downloads/amr_example_small/msg_package'
[0.505s] INFO:colcon.colcon_core.plugin_system:Skipping extension 'colcon_core.shell.bat': Not used on non-Windows systems
[0.505s] INFO:colcon.colcon_core.shell:Skip shell extension 'powershell' for command environment: Not usable outside of PowerShell
[0.505s] DEBUG:colcon.colcon_core.shell:Skip shell extension 'dsv' for command environment
[0.539s] INFO:colcon.colcon_ros.task.ament_cmake.build:Building ROS package in '/home/sxxxd/Downloads/amr_example_small/order_optimizer' with build type 'ament_cmake'
[0.540s] INFO:colcon.colcon_cmake.task.cmake.build:Building CMake package in '/home/sxxxd/Downloads/amr_example_small/order_optimizer'
[0.541s] INFO:colcon.colcon_core.shell:Skip shell extension 'powershell' for command environment: Not usable outside of PowerShell
[0.546s] DEBUG:colcon.colcon_core.shell:Skip shell extension 'dsv' for command environment
[0.734s] DEBUG:colcon.colcon_core.event_handler.log_command:Invoking command in '/home/sxxxd/Downloads/amr_example_small/build/msg_package': CMAKE_PREFIX_PATH=/opt/ros/foxy /usr/bin/cmake --build /home/sxxxd/Downloads/amr_example_small/build/msg_package -- -j8 -l8
[0.850s] DEBUG:colcon.colcon_core.event_handler.log_command:Invoking command in '/home/sxxxd/Downloads/amr_example_small/build/order_optimizer': CMAKE_PREFIX_PATH=/opt/ros/foxy /usr/bin/cmake --build /home/sxxxd/Downloads/amr_example_small/build/order_optimizer -- -j8 -l8
[1.011s] DEBUG:colcon.colcon_core.event_handler.log_command:Invoked command in '/home/sxxxd/Downloads/amr_example_small/build/order_optimizer' returned '0': CMAKE_PREFIX_PATH=/opt/ros/foxy /usr/bin/cmake --build /home/sxxxd/Downloads/amr_example_small/build/order_optimizer -- -j8 -l8
[1.209s] DEBUG:colcon.colcon_core.event_handler.log_command:Invoking command in '/home/sxxxd/Downloads/amr_example_small/build/order_optimizer': CMAKE_PREFIX_PATH=/opt/ros/foxy /usr/bin/cmake --install /home/sxxxd/Downloads/amr_example_small/build/order_optimizer
[1.309s] Level 1:colcon.colcon_core.environment:create_environment_scripts_only(order_optimizer)
[1.369s] Level 1:colcon.colcon_core.environment:checking '/home/sxxxd/Downloads/amr_example_small/install/order_optimizer' for CMake module files
[1.371s] Level 1:colcon.colcon_core.environment:checking '/home/sxxxd/Downloads/amr_example_small/install/order_optimizer' for CMake config files
[1.371s] Level 1:colcon.colcon_core.shell:create_environment_hook('order_optimizer', 'cmake_prefix_path')
[1.400s] DEBUG:colcon.colcon_core.event_handler.log_command:Invoked command in '/home/sxxxd/Downloads/amr_example_small/build/order_optimizer' returned '0': CMAKE_PREFIX_PATH=/opt/ros/foxy /usr/bin/cmake --install /home/sxxxd/Downloads/amr_example_small/build/order_optimizer
[1.402s] INFO:colcon.colcon_core.shell:Creating environment hook '/home/sxxxd/Downloads/amr_example_small/install/order_optimizer/share/order_optimizer/hook/cmake_prefix_path.ps1'
[1.407s] INFO:colcon.colcon_core.shell:Creating environment descriptor '/home/sxxxd/Downloads/amr_example_small/install/order_optimizer/share/order_optimizer/hook/cmake_prefix_path.dsv'
[1.409s] INFO:colcon.colcon_core.shell:Creating environment hook '/home/sxxxd/Downloads/amr_example_small/install/order_optimizer/share/order_optimizer/hook/cmake_prefix_path.sh'
[1.418s] Level 1:colcon.colcon_core.environment:checking '/home/sxxxd/Downloads/amr_example_small/install/order_optimizer/bin'
[1.418s] Level 1:colcon.colcon_core.environment:checking '/home/sxxxd/Downloads/amr_example_small/install/order_optimizer/lib/pkgconfig/order_optimizer.pc'
[1.418s] Level 1:colcon.colcon_core.environment:checking '/home/sxxxd/Downloads/amr_example_small/install/order_optimizer/lib/python3.8/site-packages'
[1.418s] Level 1:colcon.colcon_core.environment:checking '/home/sxxxd/Downloads/amr_example_small/install/order_optimizer/bin'
[1.423s] INFO:colcon.colcon_core.shell:Creating package script '/home/sxxxd/Downloads/amr_example_small/install/order_optimizer/share/order_optimizer/package.ps1'
[1.425s] INFO:colcon.colcon_core.shell:Creating package descriptor '/home/sxxxd/Downloads/amr_example_small/install/order_optimizer/share/order_optimizer/package.dsv'
[1.432s] INFO:colcon.colcon_core.shell:Creating package script '/home/sxxxd/Downloads/amr_example_small/install/order_optimizer/share/order_optimizer/package.sh'
[1.437s] INFO:colcon.colcon_core.shell:Creating package script '/home/sxxxd/Downloads/amr_example_small/install/order_optimizer/share/order_optimizer/package.bash'
[1.439s] INFO:colcon.colcon_core.shell:Creating package script '/home/sxxxd/Downloads/amr_example_small/install/order_optimizer/share/order_optimizer/package.zsh'
[1.445s] Level 1:colcon.colcon_core.environment:create_file_with_runtime_dependencies(/home/sxxxd/Downloads/amr_example_small/install/order_optimizer/share/colcon-core/packages/order_optimizer)
[1.759s] Level 1:colcon.colcon_core.environment:create_environment_scripts_only(order_optimizer)
[1.761s] Level 1:colcon.colcon_core.environment:checking '/home/sxxxd/Downloads/amr_example_small/install/order_optimizer' for CMake module files
[1.761s] Level 1:colcon.colcon_core.environment:checking '/home/sxxxd/Downloads/amr_example_small/install/order_optimizer' for CMake config files
[1.762s] Level 1:colcon.colcon_core.shell:create_environment_hook('order_optimizer', 'cmake_prefix_path')
[1.764s] INFO:colcon.colcon_core.shell:Creating environment hook '/home/sxxxd/Downloads/amr_example_small/install/order_optimizer/share/order_optimizer/hook/cmake_prefix_path.ps1'
[1.769s] INFO:colcon.colcon_core.shell:Creating environment descriptor '/home/sxxxd/Downloads/amr_example_small/install/order_optimizer/share/order_optimizer/hook/cmake_prefix_path.dsv'
[1.773s] INFO:colcon.colcon_core.shell:Creating environment hook '/home/sxxxd/Downloads/amr_example_small/install/order_optimizer/share/order_optimizer/hook/cmake_prefix_path.sh'
[1.775s] Level 1:colcon.colcon_core.environment:checking '/home/sxxxd/Downloads/amr_example_small/install/order_optimizer/bin'
[1.775s] Level 1:colcon.colcon_core.environment:checking '/home/sxxxd/Downloads/amr_example_small/install/order_optimizer/lib/pkgconfig/order_optimizer.pc'
[1.776s] Level 1:colcon.colcon_core.environment:checking '/home/sxxxd/Downloads/amr_example_small/install/order_optimizer/lib/python3.8/site-packages'
[1.776s] Level 1:colcon.colcon_core.environment:checking '/home/sxxxd/Downloads/amr_example_small/install/order_optimizer/bin'
[1.779s] INFO:colcon.colcon_core.shell:Creating package script '/home/sxxxd/Downloads/amr_example_small/install/order_optimizer/share/order_optimizer/package.ps1'
[1.787s] INFO:colcon.colcon_core.shell:Creating package descriptor '/home/sxxxd/Downloads/amr_example_small/install/order_optimizer/share/order_optimizer/package.dsv'
[1.792s] INFO:colcon.colcon_core.shell:Creating package script '/home/sxxxd/Downloads/amr_example_small/install/order_optimizer/share/order_optimizer/package.sh'
[1.797s] INFO:colcon.colcon_core.shell:Creating package script '/home/sxxxd/Downloads/amr_example_small/install/order_optimizer/share/order_optimizer/package.bash'
[1.803s] INFO:colcon.colcon_core.shell:Creating package script '/home/sxxxd/Downloads/amr_example_small/install/order_optimizer/share/order_optimizer/package.zsh'
[1.805s] Level 1:colcon.colcon_core.environment:create_file_with_runtime_dependencies(/home/sxxxd/Downloads/amr_example_small/install/order_optimizer/share/colcon-core/packages/order_optimizer)
[1.992s] DEBUG:colcon.colcon_core.event_handler.log_command:Invoked command in '/home/sxxxd/Downloads/amr_example_small/build/msg_package' returned '0': CMAKE_PREFIX_PATH=/opt/ros/foxy /usr/bin/cmake --build /home/sxxxd/Downloads/amr_example_small/build/msg_package -- -j8 -l8
[2.947s] DEBUG:colcon.colcon_core.event_handler.log_command:Invoking command in '/home/sxxxd/Downloads/amr_example_small/build/msg_package': CMAKE_PREFIX_PATH=/opt/ros/foxy /usr/bin/cmake --install /home/sxxxd/Downloads/amr_example_small/build/msg_package
[3.106s] Level 1:colcon.colcon_core.environment:create_environment_scripts_only(msg_package)
[3.108s] Level 1:colcon.colcon_core.environment:checking '/home/sxxxd/Downloads/amr_example_small/install/msg_package' for CMake module files
[3.109s] DEBUG:colcon.colcon_core.event_handler.log_command:Invoked command in '/home/sxxxd/Downloads/amr_example_small/build/msg_package' returned '0': CMAKE_PREFIX_PATH=/opt/ros/foxy /usr/bin/cmake --install /home/sxxxd/Downloads/amr_example_small/build/msg_package
[3.111s] Level 1:colcon.colcon_core.environment:checking '/home/sxxxd/Downloads/amr_example_small/install/msg_package' for CMake config files
[3.111s] Level 1:colcon.colcon_core.shell:create_environment_hook('msg_package', 'cmake_prefix_path')
[3.113s] INFO:colcon.colcon_core.shell:Creating environment hook '/home/sxxxd/Downloads/amr_example_small/install/msg_package/share/msg_package/hook/cmake_prefix_path.ps1'
[3.113s] INFO:colcon.colcon_core.shell:Creating environment descriptor '/home/sxxxd/Downloads/amr_example_small/install/msg_package/share/msg_package/hook/cmake_prefix_path.dsv'
[3.116s] INFO:colcon.colcon_core.shell:Creating environment hook '/home/sxxxd/Downloads/amr_example_small/install/msg_package/share/msg_package/hook/cmake_prefix_path.sh'
[3.120s] Level 1:colcon.colcon_core.environment:checking '/home/sxxxd/Downloads/amr_example_small/install/msg_package/lib'
[3.120s] Level 1:colcon.colcon_core.shell:create_environment_hook('msg_package', 'ld_library_path_lib')
[3.122s] INFO:colcon.colcon_core.shell:Creating environment hook '/home/sxxxd/Downloads/amr_example_small/install/msg_package/share/msg_package/hook/ld_library_path_lib.ps1'
[3.122s] INFO:colcon.colcon_core.shell:Creating environment descriptor '/home/sxxxd/Downloads/amr_example_small/install/msg_package/share/msg_package/hook/ld_library_path_lib.dsv'
[3.123s] INFO:colcon.colcon_core.shell:Creating environment hook '/home/sxxxd/Downloads/amr_example_small/install/msg_package/share/msg_package/hook/ld_library_path_lib.sh'
[3.124s] Level 1:colcon.colcon_core.environment:checking '/home/sxxxd/Downloads/amr_example_small/install/msg_package/bin'
[3.124s] Level 1:colcon.colcon_core.environment:checking '/home/sxxxd/Downloads/amr_example_small/install/msg_package/lib/pkgconfig/msg_package.pc'
[3.124s] Level 1:colcon.colcon_core.environment:checking '/home/sxxxd/Downloads/amr_example_small/install/msg_package/lib/python3.8/site-packages'
[3.124s] Level 1:colcon.colcon_core.shell:create_environment_hook('msg_package', 'pythonpath')
[3.126s] INFO:colcon.colcon_core.shell:Creating environment hook '/home/sxxxd/Downloads/amr_example_small/install/msg_package/share/msg_package/hook/pythonpath.ps1'
[3.126s] INFO:colcon.colcon_core.shell:Creating environment descriptor '/home/sxxxd/Downloads/amr_example_small/install/msg_package/share/msg_package/hook/pythonpath.dsv'
[3.127s] INFO:colcon.colcon_core.shell:Creating environment hook '/home/sxxxd/Downloads/amr_example_small/install/msg_package/share/msg_package/hook/pythonpath.sh'
[3.128s] Level 1:colcon.colcon_core.environment:checking '/home/sxxxd/Downloads/amr_example_small/install/msg_package/bin'
[3.130s] INFO:colcon.colcon_core.shell:Creating package script '/home/sxxxd/Downloads/amr_example_small/install/msg_package/share/msg_package/package.ps1'
[3.131s] INFO:colcon.colcon_core.shell:Creating package descriptor '/home/sxxxd/Downloads/amr_example_small/install/msg_package/share/msg_package/package.dsv'
[3.131s] INFO:colcon.colcon_core.shell:Creating package script '/home/sxxxd/Downloads/amr_example_small/install/msg_package/share/msg_package/package.sh'
[3.132s] INFO:colcon.colcon_core.shell:Creating package script '/home/sxxxd/Downloads/amr_example_small/install/msg_package/share/msg_package/package.bash'
[3.135s] INFO:colcon.colcon_core.shell:Creating package script '/home/sxxxd/Downloads/amr_example_small/install/msg_package/share/msg_package/package.zsh'
[3.136s] Level 1:colcon.colcon_core.environment:create_file_with_runtime_dependencies(/home/sxxxd/Downloads/amr_example_small/install/msg_package/share/colcon-core/packages/msg_package)
[3.567s] Level 1:colcon.colcon_core.environment:create_environment_scripts_only(msg_package)
[3.572s] Level 1:colcon.colcon_core.environment:checking '/home/sxxxd/Downloads/amr_example_small/install/msg_package' for CMake module files
[3.573s] Level 1:colcon.colcon_core.environment:checking '/home/sxxxd/Downloads/amr_example_small/install/msg_package' for CMake config files
[3.576s] Level 1:colcon.colcon_core.shell:create_environment_hook('msg_package', 'cmake_prefix_path')
[3.580s] INFO:colcon.colcon_core.shell:Creating environment hook '/home/sxxxd/Downloads/amr_example_small/install/msg_package/share/msg_package/hook/cmake_prefix_path.ps1'
[3.585s] INFO:colcon.colcon_core.shell:Creating environment descriptor '/home/sxxxd/Downloads/amr_example_small/install/msg_package/share/msg_package/hook/cmake_prefix_path.dsv'
[3.587s] INFO:colcon.colcon_core.shell:Creating environment hook '/home/sxxxd/Downloads/amr_example_small/install/msg_package/share/msg_package/hook/cmake_prefix_path.sh'
[3.592s] Level 1:colcon.colcon_core.environment:checking '/home/sxxxd/Downloads/amr_example_small/install/msg_package/lib'
[3.592s] Level 1:colcon.colcon_core.shell:create_environment_hook('msg_package', 'ld_library_path_lib')
[3.596s] INFO:colcon.colcon_core.shell:Creating environment hook '/home/sxxxd/Downloads/amr_example_small/install/msg_package/share/msg_package/hook/ld_library_path_lib.ps1'
[3.605s] INFO:colcon.colcon_core.shell:Creating environment descriptor '/home/sxxxd/Downloads/amr_example_small/install/msg_package/share/msg_package/hook/ld_library_path_lib.dsv'
[3.610s] INFO:colcon.colcon_core.shell:Creating environment hook '/home/sxxxd/Downloads/amr_example_small/install/msg_package/share/msg_package/hook/ld_library_path_lib.sh'
[3.611s] Level 1:colcon.colcon_core.environment:checking '/home/sxxxd/Downloads/amr_example_small/install/msg_package/bin'
[3.612s] Level 1:colcon.colcon_core.environment:checking '/home/sxxxd/Downloads/amr_example_small/install/msg_package/lib/pkgconfig/msg_package.pc'
[3.612s] Level 1:colcon.colcon_core.environment:checking '/home/sxxxd/Downloads/amr_example_small/install/msg_package/lib/python3.8/site-packages'
[3.612s] Level 1:colcon.colcon_core.shell:create_environment_hook('msg_package', 'pythonpath')
[3.616s] INFO:colcon.colcon_core.shell:Creating environment hook '/home/sxxxd/Downloads/amr_example_small/install/msg_package/share/msg_package/hook/pythonpath.ps1'
[3.619s] INFO:colcon.colcon_core.shell:Creating environment descriptor '/home/sxxxd/Downloads/amr_example_small/install/msg_package/share/msg_package/hook/pythonpath.dsv'
[3.620s] INFO:colcon.colcon_core.shell:Creating environment hook '/home/sxxxd/Downloads/amr_example_small/install/msg_package/share/msg_package/hook/pythonpath.sh'
[3.621s] Level 1:colcon.colcon_core.environment:checking '/home/sxxxd/Downloads/amr_example_small/install/msg_package/bin'
[3.623s] INFO:colcon.colcon_core.shell:Creating package script '/home/sxxxd/Downloads/amr_example_small/install/msg_package/share/msg_package/package.ps1'
[3.623s] INFO:colcon.colcon_core.shell:Creating package descriptor '/home/sxxxd/Downloads/amr_example_small/install/msg_package/share/msg_package/package.dsv'
[3.624s] INFO:colcon.colcon_core.shell:Creating package script '/home/sxxxd/Downloads/amr_example_small/install/msg_package/share/msg_package/package.sh'
[3.626s] INFO:colcon.colcon_core.shell:Creating package script '/home/sxxxd/Downloads/amr_example_small/install/msg_package/share/msg_package/package.bash'
[3.627s] INFO:colcon.colcon_core.shell:Creating package script '/home/sxxxd/Downloads/amr_example_small/install/msg_package/share/msg_package/package.zsh'
[3.628s] Level 1:colcon.colcon_core.environment:create_file_with_runtime_dependencies(/home/sxxxd/Downloads/amr_example_small/install/msg_package/share/colcon-core/packages/msg_package)
[3.637s] INFO:colcon.colcon_ros.task.ament_cmake.build:Building ROS package in '/home/sxxxd/Downloads/amr_example_small/ros_cpp' with build type 'ament_cmake'
[3.637s] INFO:colcon.colcon_cmake.task.cmake.build:Building CMake package in '/home/sxxxd/Downloads/amr_example_small/ros_cpp'
[3.638s] INFO:colcon.colcon_core.shell:Skip shell extension 'powershell' for command environment: Not usable outside of PowerShell
[3.639s] DEBUG:colcon.colcon_core.shell:Skip shell extension 'dsv' for command environment
[3.788s] DEBUG:colcon.colcon_core.event_handler.log_command:Invoking command in '/home/sxxxd/Downloads/amr_example_small/build/ros_cpp': AMENT_PREFIX_PATH=/home/sxxxd/Downloads/amr_example_small/install/msg_package:${AMENT_PREFIX_PATH} CMAKE_PREFIX_PATH=/home/sxxxd/Downloads/amr_example_small/install/msg_package:/opt/ros/foxy LD_LIBRARY_PATH=/home/sxxxd/Downloads/amr_example_small/install/msg_package/lib:${LD_LIBRARY_PATH} PYTHONPATH=/home/sxxxd/Downloads/amr_example_small/install/msg_package/lib/python3.8/site-packages:${PYTHONPATH} /usr/bin/cmake --build /home/sxxxd/Downloads/amr_example_small/build/ros_cpp -- -j8 -l8
[4.398s] DEBUG:colcon.colcon_core.event_handler.log_command:Invoked command in '/home/sxxxd/Downloads/amr_example_small/build/ros_cpp' returned '0': AMENT_PREFIX_PATH=/home/sxxxd/Downloads/amr_example_small/install/msg_package:${AMENT_PREFIX_PATH} CMAKE_PREFIX_PATH=/home/sxxxd/Downloads/amr_example_small/install/msg_package:/opt/ros/foxy LD_LIBRARY_PATH=/home/sxxxd/Downloads/amr_example_small/install/msg_package/lib:${LD_LIBRARY_PATH} PYTHONPATH=/home/sxxxd/Downloads/amr_example_small/install/msg_package/lib/python3.8/site-packages:${PYTHONPATH} /usr/bin/cmake --build /home/sxxxd/Downloads/amr_example_small/build/ros_cpp -- -j8 -l8
[4.763s] DEBUG:colcon.colcon_core.event_handler.log_command:Invoking command in '/home/sxxxd/Downloads/amr_example_small/build/ros_cpp': AMENT_PREFIX_PATH=/home/sxxxd/Downloads/amr_example_small/install/msg_package:${AMENT_PREFIX_PATH} CMAKE_PREFIX_PATH=/home/sxxxd/Downloads/amr_example_small/install/msg_package:/opt/ros/foxy LD_LIBRARY_PATH=/home/sxxxd/Downloads/amr_example_small/install/msg_package/lib:${LD_LIBRARY_PATH} PYTHONPATH=/home/sxxxd/Downloads/amr_example_small/install/msg_package/lib/python3.8/site-packages:${PYTHONPATH} /usr/bin/cmake --install /home/sxxxd/Downloads/amr_example_small/build/ros_cpp
[4.863s] Level 1:colcon.colcon_core.environment:create_environment_scripts_only(ros_cpp)
[4.867s] Level 1:colcon.colcon_core.environment:checking '/home/sxxxd/Downloads/amr_example_small/install/ros_cpp' for CMake module files
[4.871s] DEBUG:colcon.colcon_core.event_handler.log_command:Invoked command in '/home/sxxxd/Downloads/amr_example_small/build/ros_cpp' returned '0': AMENT_PREFIX_PATH=/home/sxxxd/Downloads/amr_example_small/install/msg_package:${AMENT_PREFIX_PATH} CMAKE_PREFIX_PATH=/home/sxxxd/Downloads/amr_example_small/install/msg_package:/opt/ros/foxy LD_LIBRARY_PATH=/home/sxxxd/Downloads/amr_example_small/install/msg_package/lib:${LD_LIBRARY_PATH} PYTHONPATH=/home/sxxxd/Downloads/amr_example_small/install/msg_package/lib/python3.8/site-packages:${PYTHONPATH} /usr/bin/cmake --install /home/sxxxd/Downloads/amr_example_small/build/ros_cpp
[4.872s] Level 1:colcon.colcon_core.environment:checking '/home/sxxxd/Downloads/amr_example_small/install/ros_cpp' for CMake config files
[4.872s] Level 1:colcon.colcon_core.shell:create_environment_hook('ros_cpp', 'cmake_prefix_path')
[4.875s] INFO:colcon.colcon_core.shell:Creating environment hook '/home/sxxxd/Downloads/amr_example_small/install/ros_cpp/share/ros_cpp/hook/cmake_prefix_path.ps1'
[4.876s] INFO:colcon.colcon_core.shell:Creating environment descriptor '/home/sxxxd/Downloads/amr_example_small/install/ros_cpp/share/ros_cpp/hook/cmake_prefix_path.dsv'
[4.877s] INFO:colcon.colcon_core.shell:Creating environment hook '/home/sxxxd/Downloads/amr_example_small/install/ros_cpp/share/ros_cpp/hook/cmake_prefix_path.sh'
[4.879s] Level 1:colcon.colcon_core.environment:checking '/home/sxxxd/Downloads/amr_example_small/install/ros_cpp/lib'
[4.879s] Level 1:colcon.colcon_core.environment:checking '/home/sxxxd/Downloads/amr_example_small/install/ros_cpp/bin'
[4.879s] Level 1:colcon.colcon_core.environment:checking '/home/sxxxd/Downloads/amr_example_small/install/ros_cpp/lib/pkgconfig/ros_cpp.pc'
[4.879s] Level 1:colcon.colcon_core.environment:checking '/home/sxxxd/Downloads/amr_example_small/install/ros_cpp/lib/python3.8/site-packages'
[4.879s] Level 1:colcon.colcon_core.environment:checking '/home/sxxxd/Downloads/amr_example_small/install/ros_cpp/bin'
[4.881s] INFO:colcon.colcon_core.shell:Creating package script '/home/sxxxd/Downloads/amr_example_small/install/ros_cpp/share/ros_cpp/package.ps1'
[4.882s] INFO:colcon.colcon_core.shell:Creating package descriptor '/home/sxxxd/Downloads/amr_example_small/install/ros_cpp/share/ros_cpp/package.dsv'
[4.883s] INFO:colcon.colcon_core.shell:Creating package script '/home/sxxxd/Downloads/amr_example_small/install/ros_cpp/share/ros_cpp/package.sh'
[4.884s] INFO:colcon.colcon_core.shell:Creating package script '/home/sxxxd/Downloads/amr_example_small/install/ros_cpp/share/ros_cpp/package.bash'
[4.885s] INFO:colcon.colcon_core.shell:Creating package script '/home/sxxxd/Downloads/amr_example_small/install/ros_cpp/share/ros_cpp/package.zsh'
[4.888s] Level 1:colcon.colcon_core.environment:create_file_with_runtime_dependencies(/home/sxxxd/Downloads/amr_example_small/install/ros_cpp/share/colcon-core/packages/ros_cpp)
[5.075s] Level 1:colcon.colcon_core.environment:create_environment_scripts_only(ros_cpp)
[5.081s] Level 1:colcon.colcon_core.environment:checking '/home/sxxxd/Downloads/amr_example_small/install/ros_cpp' for CMake module files
[5.084s] Level 1:colcon.colcon_core.environment:checking '/home/sxxxd/Downloads/amr_example_small/install/ros_cpp' for CMake config files
[5.084s] Level 1:colcon.colcon_core.shell:create_environment_hook('ros_cpp', 'cmake_prefix_path')
[5.086s] INFO:colcon.colcon_core.shell:Creating environment hook '/home/sxxxd/Downloads/amr_example_small/install/ros_cpp/share/ros_cpp/hook/cmake_prefix_path.ps1'
[5.087s] INFO:colcon.colcon_core.shell:Creating environment descriptor '/home/sxxxd/Downloads/amr_example_small/install/ros_cpp/share/ros_cpp/hook/cmake_prefix_path.dsv'
[5.088s] INFO:colcon.colcon_core.shell:Creating environment hook '/home/sxxxd/Downloads/amr_example_small/install/ros_cpp/share/ros_cpp/hook/cmake_prefix_path.sh'
[5.093s] Level 1:colcon.colcon_core.environment:checking '/home/sxxxd/Downloads/amr_example_small/install/ros_cpp/lib'
[5.094s] Level 1:colcon.colcon_core.environment:checking '/home/sxxxd/Downloads/amr_example_small/install/ros_cpp/bin'
[5.094s] Level 1:colcon.colcon_core.environment:checking '/home/sxxxd/Downloads/amr_example_small/install/ros_cpp/lib/pkgconfig/ros_cpp.pc'
[5.094s] Level 1:colcon.colcon_core.environment:checking '/home/sxxxd/Downloads/amr_example_small/install/ros_cpp/lib/python3.8/site-packages'
[5.094s] Level 1:colcon.colcon_core.environment:checking '/home/sxxxd/Downloads/amr_example_small/install/ros_cpp/bin'
[5.095s] INFO:colcon.colcon_core.shell:Creating package script '/home/sxxxd/Downloads/amr_example_small/install/ros_cpp/share/ros_cpp/package.ps1'
[5.097s] INFO:colcon.colcon_core.shell:Creating package descriptor '/home/sxxxd/Downloads/amr_example_small/install/ros_cpp/share/ros_cpp/package.dsv'
[5.101s] INFO:colcon.colcon_core.shell:Creating package script '/home/sxxxd/Downloads/amr_example_small/install/ros_cpp/share/ros_cpp/package.sh'
[5.103s] INFO:colcon.colcon_core.shell:Creating package script '/home/sxxxd/Downloads/amr_example_small/install/ros_cpp/share/ros_cpp/package.bash'
[5.104s] INFO:colcon.colcon_core.shell:Creating package script '/home/sxxxd/Downloads/amr_example_small/install/ros_cpp/share/ros_cpp/package.zsh'
[5.104s] Level 1:colcon.colcon_core.environment:create_file_with_runtime_dependencies(/home/sxxxd/Downloads/amr_example_small/install/ros_cpp/share/colcon-core/packages/ros_cpp)
[5.115s] DEBUG:colcon.colcon_parallel_executor.executor.parallel:closing loop
[5.115s] DEBUG:colcon.colcon_parallel_executor.executor.parallel:loop closed
[5.115s] DEBUG:colcon.colcon_parallel_executor.executor.parallel:run_until_complete finished with '0'
[5.115s] DEBUG:colcon.colcon_core.event_reactor:joining thread
[5.163s] INFO:colcon.colcon_core.plugin_system:Skipping extension 'colcon_notification.desktop_notification.terminal_notifier': Not used on non-Darwin systems
[5.163s] INFO:colcon.colcon_core.plugin_system:Skipping extension 'colcon_notification.desktop_notification.win32': Not used on non-Windows systems
[5.163s] INFO:colcon.colcon_notification.desktop_notification:Sending desktop notification using 'notify2'
[5.290s] DEBUG:colcon.colcon_core.event_reactor:joined thread
[5.291s] INFO:colcon.colcon_core.shell:Creating prefix script '/home/sxxxd/Downloads/amr_example_small/install/local_setup.ps1'
[5.296s] INFO:colcon.colcon_core.shell:Creating prefix util module '/home/sxxxd/Downloads/amr_example_small/install/_local_setup_util_ps1.py'
[5.312s] INFO:colcon.colcon_core.shell:Creating prefix chain script '/home/sxxxd/Downloads/amr_example_small/install/setup.ps1'
[5.328s] INFO:colcon.colcon_core.shell:Creating prefix script '/home/sxxxd/Downloads/amr_example_small/install/local_setup.sh'
[5.342s] INFO:colcon.colcon_core.shell:Creating prefix util module '/home/sxxxd/Downloads/amr_example_small/install/_local_setup_util_sh.py'
[5.343s] INFO:colcon.colcon_core.shell:Creating prefix chain script '/home/sxxxd/Downloads/amr_example_small/install/setup.sh'
[5.345s] INFO:colcon.colcon_core.shell:Creating prefix script '/home/sxxxd/Downloads/amr_example_small/install/local_setup.bash'
[5.356s] INFO:colcon.colcon_core.shell:Creating prefix chain script '/home/sxxxd/Downloads/amr_example_small/install/setup.bash'
[5.365s] INFO:colcon.colcon_core.shell:Creating prefix script '/home/sxxxd/Downloads/amr_example_small/install/local_setup.zsh'
[5.368s] INFO:colcon.colcon_core.shell:Creating prefix chain script '/home/sxxxd/Downloads/amr_example_small/install/setup.zsh'
