[0.132s] Invoking command in '/home/sxxxd/Downloads/amr_example_small/build/ros_cpp': AMENT_PREFIX_PATH=/home/sxxxd/Downloads/amr_example_small/install/msg_package:${AMENT_PREFIX_PATH} CMAKE_PREFIX_PATH=/home/sxxxd/Downloads/amr_example_small/install/msg_package:/opt/ros/foxy LD_LIBRARY_PATH=/home/sxxxd/Downloads/amr_example_small/install/msg_package/lib:${LD_LIBRARY_PATH} PYTHONPATH=/home/sxxxd/Downloads/amr_example_small/install/msg_package/lib/python3.8/site-packages:${PYTHONPATH} /usr/bin/cmake /home/sxxxd/Downloads/amr_example_small/ros_cpp -DCMAKE_INSTALL_PREFIX=/home/sxxxd/Downloads/amr_example_small/install/ros_cpp
[0.328s] -- The C compiler identification is GNU 9.4.0
[0.407s] -- The CXX compiler identification is GNU 9.4.0
[0.413s] -- Check for working C compiler: /usr/bin/cc
[0.597s] -- Check for working C compiler: /usr/bin/cc -- works
[0.610s] -- Detecting C compiler ABI info
[0.835s] -- Detecting C compiler ABI info - done
[0.854s] -- Detecting C compile features
[0.854s] -- Detecting C compile features - done
[0.879s] -- Check for working CXX compiler: /usr/bin/c++
[1.066s] -- Check for working CXX compiler: /usr/bin/c++ -- works
[1.066s] -- Detecting CXX compiler ABI info
[1.347s] -- Detecting CXX compiler ABI info - done
[1.375s] -- Detecting CXX compile features
[1.388s] -- Detecting CXX compile features - done
[1.404s] -- Found ament_cmake: 0.9.12 (/opt/ros/foxy/share/ament_cmake/cmake)
[1.467s] -- Found PythonInterp: /usr/bin/python3 (found suitable version "3.8.10", minimum required is "3") 
[1.467s] -- Using PYTHON_EXECUTABLE: /usr/bin/python3
[1.724s] -- Found rclcpp: 2.4.3 (/opt/ros/foxy/share/rclcpp/cmake)
[1.790s] -- Using all available rosidl_typesupport_c: rosidl_typesupport_fastrtps_c;rosidl_typesupport_introspection_c
[1.800s] -- Found rosidl_adapter: 1.3.1 (/opt/ros/foxy/share/rosidl_adapter/cmake)
[2.039s] -- Found OpenSSL: /usr/lib/x86_64-linux-gnu/libcrypto.so (found version "1.1.1f")  
[2.098s] -- Found FastRTPS: /opt/ros/foxy/include  
[2.201s] -- Using all available rosidl_typesupport_cpp: rosidl_typesupport_fastrtps_cpp;rosidl_typesupport_introspection_cpp
[2.270s] -- Found rmw_implementation_cmake: 1.0.4 (/opt/ros/foxy/share/rmw_implementation_cmake/cmake)
[2.272s] -- Using RMW implementation 'rmw_fastrtps_cpp' as default
[2.272s] -- Looking for pthread.h
[2.548s] -- Looking for pthread.h - found
[2.555s] -- Performing Test CMAKE_HAVE_LIBC_PTHREAD
[2.806s] -- Performing Test CMAKE_HAVE_LIBC_PTHREAD - Failed
[2.806s] -- Looking for pthread_create in pthreads
[3.079s] -- Looking for pthread_create in pthreads - not found
[3.083s] -- Looking for pthread_create in pthread
[3.261s] -- Looking for pthread_create in pthread - found
[3.263s] -- Found Threads: TRUE  
[3.464s] -- Found rclcpp_components: 2.4.3 (/opt/ros/foxy/share/rclcpp_components/cmake)
[3.536s] -- Found geometry_msgs: 2.0.5 (/opt/ros/foxy/share/geometry_msgs/cmake)
[3.573s] -- Found visualization_msgs: 2.0.5 (/opt/ros/foxy/share/visualization_msgs/cmake)
[3.659s] -- Found msg_package: 0.0.0 (/home/sxxxd/Downloads/amr_example_small/install/msg_package/share/msg_package/cmake)
[3.674s] CMake Error at CMakeLists.txt:30 (find_package):
[3.674s]   By not providing "Findyaml-cpp.cmake" in CMAKE_MODULE_PATH this project has
[3.675s]   asked CMake to find a package configuration file provided by "yaml-cpp",
[3.675s]   but CMake did not find one.
[3.675s] 
[3.675s]   Could not find a package configuration file provided by "yaml-cpp" with any
[3.675s]   of the following names:
[3.675s] 
[3.675s]     yaml-cppConfig.cmake
[3.675s]     yaml-cpp-config.cmake
[3.675s] 
[3.675s]   Add the installation prefix of "yaml-cpp" to CMAKE_PREFIX_PATH or set
[3.675s]   "yaml-cpp_DIR" to a directory containing one of the above files.  If
[3.680s]   "yaml-cpp" provides a separate development package or SDK, be sure it has
[3.680s]   been installed.
[3.680s] 
[3.680s] 
[3.682s] -- Configuring incomplete, errors occurred!
[3.682s] See also "/home/sxxxd/Downloads/amr_example_small/build/ros_cpp/CMakeFiles/CMakeOutput.log".
[3.682s] See also "/home/sxxxd/Downloads/amr_example_small/build/ros_cpp/CMakeFiles/CMakeError.log".
[3.700s] Invoked command in '/home/sxxxd/Downloads/amr_example_small/build/ros_cpp' returned '1': AMENT_PREFIX_PATH=/home/sxxxd/Downloads/amr_example_small/install/msg_package:${AMENT_PREFIX_PATH} CMAKE_PREFIX_PATH=/home/sxxxd/Downloads/amr_example_small/install/msg_package:/opt/ros/foxy LD_LIBRARY_PATH=/home/sxxxd/Downloads/amr_example_small/install/msg_package/lib:${LD_LIBRARY_PATH} PYTHONPATH=/home/sxxxd/Downloads/amr_example_small/install/msg_package/lib/python3.8/site-packages:${PYTHONPATH} /usr/bin/cmake /home/sxxxd/Downloads/amr_example_small/ros_cpp -DCMAKE_INSTALL_PREFIX=/home/sxxxd/Downloads/amr_example_small/install/ros_cpp
