[0.203s] Invoking command in '/home/sxxxd/Downloads/amr_example_small/build/order_optimizer': CMAKE_PREFIX_PATH=/opt/ros/foxy /usr/bin/cmake /home/sxxxd/Downloads/amr_example_small/order_optimizer -DCMAKE_INSTALL_PREFIX=/home/sxxxd/Downloads/amr_example_small/install/order_optimizer
[0.230s] -- Found ament_cmake: 0.9.12 (/opt/ros/foxy/share/ament_cmake/cmake)
[0.340s] -- Using PYTHON_EXECUTABLE: /usr/bin/python3
[0.565s] -- Found rosidl_default_generators: 1.0.1 (/opt/ros/foxy/share/rosidl_default_generators/cmake)
[0.567s] -- Using all available rosidl_typesupport_c: rosidl_typesupport_fastrtps_c;rosidl_typesupport_introspection_c
[0.567s] -- Found rosidl_adapter: 1.3.1 (/opt/ros/foxy/share/rosidl_adapter/cmake)
[0.837s] -- Using all available rosidl_typesupport_cpp: rosidl_typesupport_fastrtps_cpp;rosidl_typesupport_introspection_cpp
[0.910s] -- Found ament_lint_auto: 0.9.8 (/opt/ros/foxy/share/ament_lint_auto/cmake)
[1.094s] -- Added test 'copyright' to check source files copyright and LICENSE
[1.122s] -- Added test 'cppcheck' to perform static code analysis on C / C++ code
[1.122s] -- Configured cppcheck include dirs: 
[1.122s] -- Configured cppcheck exclude dirs and/or files: 
[1.139s] -- Added test 'cpplint' to check C / C++ code against the Google style
[1.139s] -- Configured cpplint exclude dirs and/or files: 
[1.139s] -- Added test 'flake8' to check Python code syntax and style conventions
[1.139s] -- Added test 'lint_cmake' to check CMake code style
[1.139s] -- Added test 'pep257' to check Python code against some of the style conventions in PEP 257
[1.158s] -- Added test 'uncrustify' to check C / C++ code style
[1.159s] -- Configured uncrustify additional arguments: 
[1.192s] -- Added test 'xmllint' to check XML markup files
[1.206s] -- Configuring done
[1.223s] -- Generating done
[1.224s] -- Build files have been written to: /home/sxxxd/Downloads/amr_example_small/build/order_optimizer
[1.254s] Invoked command in '/home/sxxxd/Downloads/amr_example_small/build/order_optimizer' returned '0': CMAKE_PREFIX_PATH=/opt/ros/foxy /usr/bin/cmake /home/sxxxd/Downloads/amr_example_small/order_optimizer -DCMAKE_INSTALL_PREFIX=/home/sxxxd/Downloads/amr_example_small/install/order_optimizer
[1.255s] Invoking command in '/home/sxxxd/Downloads/amr_example_small/build/order_optimizer': CMAKE_PREFIX_PATH=/opt/ros/foxy /usr/bin/cmake --build /home/sxxxd/Downloads/amr_example_small/build/order_optimizer -- -j8 -l8
[1.315s] Invoked command in '/home/sxxxd/Downloads/amr_example_small/build/order_optimizer' returned '0': CMAKE_PREFIX_PATH=/opt/ros/foxy /usr/bin/cmake --build /home/sxxxd/Downloads/amr_example_small/build/order_optimizer -- -j8 -l8
[1.371s] Invoking command in '/home/sxxxd/Downloads/amr_example_small/build/order_optimizer': CMAKE_PREFIX_PATH=/opt/ros/foxy /usr/bin/cmake --install /home/sxxxd/Downloads/amr_example_small/build/order_optimizer
[1.382s] -- Install configuration: ""
[1.382s] -- Installing: /home/sxxxd/Downloads/amr_example_small/install/order_optimizer/share/ament_index/resource_index/package_run_dependencies/order_optimizer
[1.382s] -- Installing: /home/sxxxd/Downloads/amr_example_small/install/order_optimizer/share/ament_index/resource_index/parent_prefix_path/order_optimizer
[1.383s] -- Installing: /home/sxxxd/Downloads/amr_example_small/install/order_optimizer/share/order_optimizer/environment/ament_prefix_path.sh
[1.383s] -- Installing: /home/sxxxd/Downloads/amr_example_small/install/order_optimizer/share/order_optimizer/environment/ament_prefix_path.dsv
[1.384s] -- Installing: /home/sxxxd/Downloads/amr_example_small/install/order_optimizer/share/order_optimizer/environment/path.sh
[1.384s] -- Installing: /home/sxxxd/Downloads/amr_example_small/install/order_optimizer/share/order_optimizer/environment/path.dsv
[1.384s] -- Installing: /home/sxxxd/Downloads/amr_example_small/install/order_optimizer/share/order_optimizer/local_setup.bash
[1.385s] -- Installing: /home/sxxxd/Downloads/amr_example_small/install/order_optimizer/share/order_optimizer/local_setup.sh
[1.386s] -- Installing: /home/sxxxd/Downloads/amr_example_small/install/order_optimizer/share/order_optimizer/local_setup.zsh
[1.386s] -- Installing: /home/sxxxd/Downloads/amr_example_small/install/order_optimizer/share/order_optimizer/local_setup.dsv
[1.386s] -- Installing: /home/sxxxd/Downloads/amr_example_small/install/order_optimizer/share/order_optimizer/package.dsv
[1.387s] -- Installing: /home/sxxxd/Downloads/amr_example_small/install/order_optimizer/share/ament_index/resource_index/packages/order_optimizer
[1.387s] -- Installing: /home/sxxxd/Downloads/amr_example_small/install/order_optimizer/share/order_optimizer/cmake/order_optimizerConfig.cmake
[1.387s] -- Installing: /home/sxxxd/Downloads/amr_example_small/install/order_optimizer/share/order_optimizer/cmake/order_optimizerConfig-version.cmake
[1.388s] -- Installing: /home/sxxxd/Downloads/amr_example_small/install/order_optimizer/share/order_optimizer/package.xml
[1.411s] Invoked command in '/home/sxxxd/Downloads/amr_example_small/build/order_optimizer' returned '0': CMAKE_PREFIX_PATH=/opt/ros/foxy /usr/bin/cmake --install /home/sxxxd/Downloads/amr_example_small/build/order_optimizer
