[0.207s] Invoking command in '/home/sxxxd/Downloads/amr_example_small/build/order_optimizer': CMAKE_PREFIX_PATH=${CMAKE_PREFIX_PATH}:/opt/ros/foxy /usr/bin/cmake --build /home/sxxxd/Downloads/amr_example_small/build/order_optimizer -- -j8 -l8
[0.275s] -- Found ament_cmake: 0.9.12 (/opt/ros/foxy/share/ament_cmake/cmake)
[0.390s] -- Using PYTHON_EXECUTABLE: /usr/bin/python3
[0.654s] -- Found ament_lint_auto: 0.9.8 (/opt/ros/foxy/share/ament_lint_auto/cmake)
[0.800s] -- Added test 'copyright' to check source files copyright and LICENSE
[0.831s] -- Added test 'cppcheck' to perform static code analysis on C / C++ code
[0.831s] -- Configured cppcheck include dirs: 
[0.831s] -- Configured cppcheck exclude dirs and/or files: 
[0.853s] -- Added test 'cpplint' to check C / C++ code against the Google style
[0.853s] -- Configured cpplint exclude dirs and/or files: 
[0.853s] -- Added test 'flake8' to check Python code syntax and style conventions
[0.910s] -- Added test 'lint_cmake' to check CMake code style
[0.911s] -- Added test 'pep257' to check Python code against some of the style conventions in PEP 257
[0.911s] -- Added test 'uncrustify' to check C / C++ code style
[0.911s] -- Configured uncrustify additional arguments: 
[0.911s] -- Added test 'xmllint' to check XML markup files
[0.938s] -- Configuring done
[0.959s] -- Generating done
[1.036s] -- Build files have been written to: /home/sxxxd/Downloads/amr_example_small/build/order_optimizer
[1.120s] Invoked command in '/home/sxxxd/Downloads/amr_example_small/build/order_optimizer' returned '0': CMAKE_PREFIX_PATH=${CMAKE_PREFIX_PATH}:/opt/ros/foxy /usr/bin/cmake --build /home/sxxxd/Downloads/amr_example_small/build/order_optimizer -- -j8 -l8
[1.440s] Invoking command in '/home/sxxxd/Downloads/amr_example_small/build/order_optimizer': CMAKE_PREFIX_PATH=${CMAKE_PREFIX_PATH}:/opt/ros/foxy /usr/bin/cmake --install /home/sxxxd/Downloads/amr_example_small/build/order_optimizer
[1.515s] -- Install configuration: ""
[1.516s] -- Up-to-date: /home/sxxxd/Downloads/amr_example_small/install/order_optimizer/share/ament_index/resource_index/package_run_dependencies/order_optimizer
[1.516s] -- Installing: /home/sxxxd/Downloads/amr_example_small/install/order_optimizer/share/ament_index/resource_index/parent_prefix_path/order_optimizer
[1.516s] -- Up-to-date: /home/sxxxd/Downloads/amr_example_small/install/order_optimizer/share/order_optimizer/environment/ament_prefix_path.sh
[1.516s] -- Installing: /home/sxxxd/Downloads/amr_example_small/install/order_optimizer/share/order_optimizer/environment/ament_prefix_path.dsv
[1.517s] -- Up-to-date: /home/sxxxd/Downloads/amr_example_small/install/order_optimizer/share/order_optimizer/environment/path.sh
[1.517s] -- Installing: /home/sxxxd/Downloads/amr_example_small/install/order_optimizer/share/order_optimizer/environment/path.dsv
[1.517s] -- Up-to-date: /home/sxxxd/Downloads/amr_example_small/install/order_optimizer/share/order_optimizer/local_setup.bash
[1.521s] -- Up-to-date: /home/sxxxd/Downloads/amr_example_small/install/order_optimizer/share/order_optimizer/local_setup.sh
[1.521s] -- Up-to-date: /home/sxxxd/Downloads/amr_example_small/install/order_optimizer/share/order_optimizer/local_setup.zsh
[1.521s] -- Installing: /home/sxxxd/Downloads/amr_example_small/install/order_optimizer/share/order_optimizer/local_setup.dsv
[1.573s] -- Installing: /home/sxxxd/Downloads/amr_example_small/install/order_optimizer/share/order_optimizer/package.dsv
[1.586s] -- Up-to-date: /home/sxxxd/Downloads/amr_example_small/install/order_optimizer/share/ament_index/resource_index/packages/order_optimizer
[1.586s] -- Up-to-date: /home/sxxxd/Downloads/amr_example_small/install/order_optimizer/share/order_optimizer/cmake/order_optimizerConfig.cmake
[1.586s] -- Up-to-date: /home/sxxxd/Downloads/amr_example_small/install/order_optimizer/share/order_optimizer/cmake/order_optimizerConfig-version.cmake
[1.586s] -- Up-to-date: /home/sxxxd/Downloads/amr_example_small/install/order_optimizer/share/order_optimizer/package.xml
[1.646s] Invoked command in '/home/sxxxd/Downloads/amr_example_small/build/order_optimizer' returned '0': CMAKE_PREFIX_PATH=${CMAKE_PREFIX_PATH}:/opt/ros/foxy /usr/bin/cmake --install /home/sxxxd/Downloads/amr_example_small/build/order_optimizer
