[0.148s] Invoking command in '/home/sxxxd/Downloads/amr_example_small/build/ros_cpp': CMAKE_PREFIX_PATH=/home/sxxxd/Downloads/amr_example_small/install/msg_package:/home/sxxxd/Downloads/amr_example_small/install/ros_cpp:/home/sxxxd/Downloads/amr_example_small/install/order_optimizer:/opt/ros/foxy /usr/bin/cmake --build /home/sxxxd/Downloads/amr_example_small/build/ros_cpp -- -j8 -l8
[0.311s] [ 16%] Built target gtest_main
[0.311s] [ 33%] Built target gtest
[0.324s] [ 58%] Built target cpp_lib
[0.428s] [ 83%] Built target cpp_node
[0.428s] [100%] Built target ros_cpp_my_test
[0.484s] Invoked command in '/home/sxxxd/Downloads/amr_example_small/build/ros_cpp' returned '0': CMAKE_PREFIX_PATH=/home/sxxxd/Downloads/amr_example_small/install/msg_package:/home/sxxxd/Downloads/amr_example_small/install/ros_cpp:/home/sxxxd/Downloads/amr_example_small/install/order_optimizer:/opt/ros/foxy /usr/bin/cmake --build /home/sxxxd/Downloads/amr_example_small/build/ros_cpp -- -j8 -l8
[0.595s] Invoking command in '/home/sxxxd/Downloads/amr_example_small/build/ros_cpp': CMAKE_PREFIX_PATH=/home/sxxxd/Downloads/amr_example_small/install/msg_package:/home/sxxxd/Downloads/amr_example_small/install/ros_cpp:/home/sxxxd/Downloads/amr_example_small/install/order_optimizer:/opt/ros/foxy /usr/bin/cmake --install /home/sxxxd/Downloads/amr_example_small/build/ros_cpp
[0.610s] -- Install configuration: ""
[0.610s] -- Up-to-date: /home/sxxxd/Downloads/amr_example_small/install/ros_cpp/lib/ros_cpp/cpp_node
[0.614s] -- Up-to-date: /home/sxxxd/Downloads/amr_example_small/install/ros_cpp/share/ament_index/resource_index/package_run_dependencies/ros_cpp
[0.617s] -- Up-to-date: /home/sxxxd/Downloads/amr_example_small/install/ros_cpp/share/ament_index/resource_index/parent_prefix_path/ros_cpp
[0.617s] -- Up-to-date: /home/sxxxd/Downloads/amr_example_small/install/ros_cpp/share/ros_cpp/environment/ament_prefix_path.sh
[0.618s] -- Up-to-date: /home/sxxxd/Downloads/amr_example_small/install/ros_cpp/share/ros_cpp/environment/ament_prefix_path.dsv
[0.618s] -- Up-to-date: /home/sxxxd/Downloads/amr_example_small/install/ros_cpp/share/ros_cpp/environment/path.sh
[0.628s] -- Up-to-date: /home/sxxxd/Downloads/amr_example_small/install/ros_cpp/share/ros_cpp/environment/path.dsv
[0.628s] -- Up-to-date: /home/sxxxd/Downloads/amr_example_small/install/ros_cpp/share/ros_cpp/local_setup.bash
[0.628s] -- Up-to-date: /home/sxxxd/Downloads/amr_example_small/install/ros_cpp/share/ros_cpp/local_setup.sh
[0.628s] -- Up-to-date: /home/sxxxd/Downloads/amr_example_small/install/ros_cpp/share/ros_cpp/local_setup.zsh
[0.628s] -- Up-to-date: /home/sxxxd/Downloads/amr_example_small/install/ros_cpp/share/ros_cpp/local_setup.dsv
[0.628s] -- Installing: /home/sxxxd/Downloads/amr_example_small/install/ros_cpp/share/ros_cpp/package.dsv
[0.653s] -- Up-to-date: /home/sxxxd/Downloads/amr_example_small/install/ros_cpp/share/ament_index/resource_index/packages/ros_cpp
[0.654s] -- Up-to-date: /home/sxxxd/Downloads/amr_example_small/install/ros_cpp/share/ros_cpp/cmake/ament_cmake_export_include_directories-extras.cmake
[0.662s] -- Up-to-date: /home/sxxxd/Downloads/amr_example_small/install/ros_cpp/share/ros_cpp/cmake/ros_cppConfig.cmake
[0.662s] -- Up-to-date: /home/sxxxd/Downloads/amr_example_small/install/ros_cpp/share/ros_cpp/cmake/ros_cppConfig-version.cmake
[0.662s] -- Up-to-date: /home/sxxxd/Downloads/amr_example_small/install/ros_cpp/share/ros_cpp/package.xml
[0.722s] Invoked command in '/home/sxxxd/Downloads/amr_example_small/build/ros_cpp' returned '0': CMAKE_PREFIX_PATH=/home/sxxxd/Downloads/amr_example_small/install/msg_package:/home/sxxxd/Downloads/amr_example_small/install/ros_cpp:/home/sxxxd/Downloads/amr_example_small/install/order_optimizer:/opt/ros/foxy /usr/bin/cmake --install /home/sxxxd/Downloads/amr_example_small/build/ros_cpp
