[0.268s] Invoking command in '/home/sxxxd/Downloads/amr_example_small/build/msg_package': CMAKE_PREFIX_PATH=/opt/ros/foxy /usr/bin/cmake /home/sxxxd/Downloads/amr_example_small/msg_package -DCMAKE_INSTALL_PREFIX=/home/sxxxd/Downloads/amr_example_small/install/msg_package
[0.568s] -- The C compiler identification is GNU 9.4.0
[0.807s] -- The CXX compiler identification is GNU 9.4.0
[0.848s] -- Check for working C compiler: /usr/bin/cc
[1.265s] -- Check for working C compiler: /usr/bin/cc -- works
[1.265s] -- Detecting C compiler ABI info
[1.675s] -- Detecting C compiler ABI info - done
[1.698s] -- Detecting C compile features
[1.699s] -- Detecting C compile features - done
[1.699s] -- Check for working CXX compiler: /usr/bin/c++
[2.051s] -- Check for working CXX compiler: /usr/bin/c++ -- works
[2.055s] -- Detecting CXX compiler ABI info
[2.399s] -- Detecting CXX compiler ABI info - done
[2.430s] -- Detecting CXX compile features
[2.430s] -- Detecting CXX compile features - done
[2.433s] -- Found ament_cmake: 0.9.12 (/opt/ros/foxy/share/ament_cmake/cmake)
[2.470s] -- Found PythonInterp: /usr/bin/python3 (found suitable version "3.8.10", minimum required is "3") 
[2.470s] -- Using PYTHON_EXECUTABLE: /usr/bin/python3
[2.863s] -- Found rclcpp: 2.4.3 (/opt/ros/foxy/share/rclcpp/cmake)
[2.919s] -- Using all available rosidl_typesupport_c: rosidl_typesupport_fastrtps_c;rosidl_typesupport_introspection_c
[2.929s] -- Found rosidl_adapter: 1.3.1 (/opt/ros/foxy/share/rosidl_adapter/cmake)
[3.234s] -- Found OpenSSL: /usr/lib/x86_64-linux-gnu/libcrypto.so (found version "1.1.1f")  
[3.288s] -- Found FastRTPS: /opt/ros/foxy/include  
[3.407s] -- Using all available rosidl_typesupport_cpp: rosidl_typesupport_fastrtps_cpp;rosidl_typesupport_introspection_cpp
[3.461s] -- Found rmw_implementation_cmake: 1.0.4 (/opt/ros/foxy/share/rmw_implementation_cmake/cmake)
[3.463s] -- Using RMW implementation 'rmw_fastrtps_cpp' as default
[3.464s] -- Looking for pthread.h
[3.860s] -- Looking for pthread.h - found
[3.867s] -- Performing Test CMAKE_HAVE_LIBC_PTHREAD
[4.111s] -- Performing Test CMAKE_HAVE_LIBC_PTHREAD - Failed
[4.111s] -- Looking for pthread_create in pthreads
[4.342s] -- Looking for pthread_create in pthreads - not found
[4.342s] -- Looking for pthread_create in pthread
[4.491s] -- Looking for pthread_create in pthread - found
[4.493s] -- Found Threads: TRUE  
[4.707s] -- Found rclcpp_components: 2.4.3 (/opt/ros/foxy/share/rclcpp_components/cmake)
[4.772s] -- Found geometry_msgs: 2.0.5 (/opt/ros/foxy/share/geometry_msgs/cmake)
[4.818s] -- Found rosidl_default_generators: 1.0.1 (/opt/ros/foxy/share/rosidl_default_generators/cmake)
[4.855s] -- Found PythonInterp: /usr/bin/python3 (found version "3.8.10") 
[5.006s] -- Found ament_cmake_ros: 0.9.2 (/opt/ros/foxy/share/ament_cmake_ros/cmake)
[5.141s] -- Using all available rosidl_typesupport_c: rosidl_typesupport_fastrtps_c;rosidl_typesupport_introspection_c
[5.149s] -- Using all available rosidl_typesupport_cpp: rosidl_typesupport_fastrtps_cpp;rosidl_typesupport_introspection_cpp
[5.174s] -- Found PythonInterp: /usr/bin/python3 (found suitable version "3.8.10", minimum required is "3.5") 
[5.176s] -- Found python_cmake_module: 0.8.1 (/opt/ros/foxy/share/python_cmake_module/cmake)
[5.206s] -- Found PythonLibs: /usr/lib/x86_64-linux-gnu/libpython3.8.so (found suitable version "3.8.10", minimum required is "3.5") 
[5.207s] -- Using PYTHON_EXECUTABLE: /usr/bin/python3
[5.207s] -- Using PYTHON_INCLUDE_DIRS: /usr/include/python3.8
[5.207s] -- Using PYTHON_LIBRARIES: /usr/lib/x86_64-linux-gnu/libpython3.8.so
[5.239s] -- Found PythonExtra: .so  
[5.295s] -- Found ament_lint_auto: 0.9.8 (/opt/ros/foxy/share/ament_lint_auto/cmake)
[5.317s] -- Added test 'copyright' to check source files copyright and LICENSE
[5.319s] -- Added test 'lint_cmake' to check CMake code style
[5.320s] -- Added test 'xmllint' to check XML markup files
[5.333s] -- Configuring done
[5.362s] -- Generating done
[5.366s] -- Build files have been written to: /home/sxxxd/Downloads/amr_example_small/build/msg_package
