[0.026s] Invoking command in '/home/sxxxd/Downloads/amr_example_small/order_optimizer/build/order_optimizer': CMAKE_PREFIX_PATH=/opt/ros/foxy /usr/bin/cmake /home/sxxxd/Downloads/amr_example_small/order_optimizer -DCMAKE_INSTALL_PREFIX=/home/sxxxd/Downloads/amr_example_small/order_optimizer/install/order_optimizer
[0.543s] -- The C compiler identification is GNU 9.4.0
[0.666s] -- The CXX compiler identification is GNU 9.4.0
[0.670s] -- Check for working C compiler: /usr/bin/cc
[0.878s] -- Check for working C compiler: /usr/bin/cc -- works
[0.880s] -- Detecting C compiler ABI info
[1.105s] -- Detecting C compiler ABI info - done
[1.121s] -- Detecting C compile features
[1.133s] -- Detecting C compile features - done
[1.151s] -- Check for working CXX compiler: /usr/bin/c++
[1.399s] -- Check for working CXX compiler: /usr/bin/c++ -- works
[1.400s] -- Detecting CXX compiler ABI info
[1.624s] -- Detecting CXX compiler ABI info - done
[1.642s] -- Detecting CXX compile features
[1.643s] -- Detecting CXX compile features - done
[1.645s] -- Found ament_cmake: 0.9.12 (/opt/ros/foxy/share/ament_cmake/cmake)
[1.678s] -- Found PythonInterp: /usr/bin/python3 (found suitable version "3.8.10", minimum required is "3") 
[1.678s] -- Using PYTHON_EXECUTABLE: /usr/bin/python3
[1.966s] -- Found rosidl_default_generators: 1.0.1 (/opt/ros/foxy/share/rosidl_default_generators/cmake)
[1.969s] -- Using all available rosidl_typesupport_c: rosidl_typesupport_fastrtps_c;rosidl_typesupport_introspection_c
[1.981s] -- Found rosidl_adapter: 1.3.1 (/opt/ros/foxy/share/rosidl_adapter/cmake)
[2.180s] -- Found OpenSSL: /usr/lib/x86_64-linux-gnu/libcrypto.so (found version "1.1.1f")  
[2.293s] -- Found FastRTPS: /opt/ros/foxy/include  
[2.543s] -- Using all available rosidl_typesupport_cpp: rosidl_typesupport_fastrtps_cpp;rosidl_typesupport_introspection_cpp
[2.584s] CMake Error at /opt/ros/foxy/share/rosidl_cmake/cmake/rosidl_generate_interfaces.cmake:93 (message):
[2.584s]   rosidl_generate_interfaces() the passed file 'msg/Order.msg' doesn't exist
[2.584s]   relative to the CMAKE_CURRENT_SOURCE_DIR
[2.584s]   '/home/sxxxd/Downloads/amr_example_small/order_optimizer'
[2.584s] Call Stack (most recent call first):
[2.584s]   CMakeLists.txt:26 (rosidl_generate_interfaces)
[2.584s] 
[2.585s] 
[2.595s] -- Configuring incomplete, errors occurred!
[2.595s] See also "/home/sxxxd/Downloads/amr_example_small/order_optimizer/build/order_optimizer/CMakeFiles/CMakeOutput.log".
[2.602s] Invoked command in '/home/sxxxd/Downloads/amr_example_small/order_optimizer/build/order_optimizer' returned '1': CMAKE_PREFIX_PATH=/opt/ros/foxy /usr/bin/cmake /home/sxxxd/Downloads/amr_example_small/order_optimizer -DCMAKE_INSTALL_PREFIX=/home/sxxxd/Downloads/amr_example_small/order_optimizer/install/order_optimizer
