[0.278s] DEBUG:colcon:Command line arguments: ['/usr/bin/colcon', 'build']
[0.278s] DEBUG:colcon:Parsed command line arguments: Namespace(allow_overriding=[], ament_cmake_args=None, base_paths=['.'], build_base='build', catkin_cmake_args=None, catkin_skip_building_tests=False, cmake_args=None, cmake_clean_cache=False, cmake_clean_first=False, cmake_force_configure=False, cmake_target=None, cmake_target_skip_unavailable=False, continue_on_error=False, event_handlers=None, executor='parallel', ignore_user_meta=False, install_base='install', log_base=None, log_level=None, main=<bound method BuildVerb.main of <colcon_core.verb.build.BuildVerb object at 0x7f3d03aa10d0>>, merge_install=False, metas=['./colcon.meta'], packages_above=None, packages_above_and_dependencies=None, packages_above_depth=None, packages_end=None, packages_ignore=None, packages_ignore_regex=None, packages_select=None, packages_select_build_failed=False, packages_select_by_dep=None, packages_select_regex=None, packages_select_test_failures=False, packages_skip=None, packages_skip_build_finished=False, packages_skip_by_dep=None, packages_skip_regex=None, packages_skip_test_passed=False, packages_skip_up_to=None, packages_start=None, packages_up_to=None, packages_up_to_regex=None, parallel_workers=8, paths=None, symlink_install=False, test_result_base=None, verb_extension=<colcon_core.verb.build.BuildVerb object at 0x7f3d03aa10d0>, verb_name='build', verb_parser=<colcon_defaults.argument_parser.defaults.DefaultArgumentsDecorator object at 0x7f3d03aa1610>)
[0.302s] Level 1:colcon.colcon_core.package_discovery:discover_packages(colcon_meta) check parameters
[0.303s] Level 1:colcon.colcon_core.package_discovery:discover_packages(recursive) check parameters
[0.303s] Level 1:colcon.colcon_core.package_discovery:discover_packages(ignore) check parameters
[0.303s] Level 1:colcon.colcon_core.package_discovery:discover_packages(path) check parameters
[0.303s] Level 1:colcon.colcon_core.package_discovery:discover_packages(colcon_meta) discover
[0.303s] Level 1:colcon.colcon_core.package_discovery:discover_packages(recursive) discover
[0.303s] INFO:colcon.colcon_core.package_discovery:Crawling recursively for packages in '/home/sxxxd/Downloads/amr_example_small'
[0.303s] Level 1:colcon.colcon_core.package_identification:_identify(.) by extensions ['ignore', 'ignore_ament_install']
[0.303s] Level 1:colcon.colcon_core.package_identification:_identify(.) by extension 'ignore'
[0.303s] Level 1:colcon.colcon_core.package_identification:_identify(.) by extension 'ignore_ament_install'
[0.303s] Level 1:colcon.colcon_core.package_identification:_identify(.) by extensions ['colcon_pkg']
[0.303s] Level 1:colcon.colcon_core.package_identification:_identify(.) by extension 'colcon_pkg'
[0.303s] Level 1:colcon.colcon_core.package_identification:_identify(.) by extensions ['colcon_meta']
[0.303s] Level 1:colcon.colcon_core.package_identification:_identify(.) by extension 'colcon_meta'
[0.303s] Level 1:colcon.colcon_core.package_identification:_identify(.) by extensions ['ros']
[0.303s] Level 1:colcon.colcon_core.package_identification:_identify(.) by extension 'ros'
[0.326s] Level 1:colcon.colcon_core.package_identification:_identify(.) by extensions ['cmake', 'python']
[0.326s] Level 1:colcon.colcon_core.package_identification:_identify(.) by extension 'cmake'
[0.326s] Level 1:colcon.colcon_core.package_identification:_identify(.) by extension 'python'
[0.326s] Level 1:colcon.colcon_core.package_identification:_identify(.) by extensions ['python_setup_py']
[0.326s] Level 1:colcon.colcon_core.package_identification:_identify(.) by extension 'python_setup_py'
[0.326s] Level 1:colcon.colcon_core.package_identification:_identify(build) by extensions ['ignore', 'ignore_ament_install']
[0.326s] Level 1:colcon.colcon_core.package_identification:_identify(build) by extension 'ignore'
[0.327s] Level 1:colcon.colcon_core.package_identification:_identify(build) ignored
[0.327s] Level 1:colcon.colcon_core.package_identification:_identify(configuration) by extensions ['ignore', 'ignore_ament_install']
[0.327s] Level 1:colcon.colcon_core.package_identification:_identify(configuration) by extension 'ignore'
[0.327s] Level 1:colcon.colcon_core.package_identification:_identify(configuration) by extension 'ignore_ament_install'
[0.327s] Level 1:colcon.colcon_core.package_identification:_identify(configuration) by extensions ['colcon_pkg']
[0.327s] Level 1:colcon.colcon_core.package_identification:_identify(configuration) by extension 'colcon_pkg'
[0.327s] Level 1:colcon.colcon_core.package_identification:_identify(configuration) by extensions ['colcon_meta']
[0.327s] Level 1:colcon.colcon_core.package_identification:_identify(configuration) by extension 'colcon_meta'
[0.327s] Level 1:colcon.colcon_core.package_identification:_identify(configuration) by extensions ['ros']
[0.327s] Level 1:colcon.colcon_core.package_identification:_identify(configuration) by extension 'ros'
[0.327s] Level 1:colcon.colcon_core.package_identification:_identify(configuration) by extensions ['cmake', 'python']
[0.327s] Level 1:colcon.colcon_core.package_identification:_identify(configuration) by extension 'cmake'
[0.327s] Level 1:colcon.colcon_core.package_identification:_identify(configuration) by extension 'python'
[0.327s] Level 1:colcon.colcon_core.package_identification:_identify(configuration) by extensions ['python_setup_py']
[0.327s] Level 1:colcon.colcon_core.package_identification:_identify(configuration) by extension 'python_setup_py'
[0.327s] Level 1:colcon.colcon_core.package_identification:_identify(install) by extensions ['ignore', 'ignore_ament_install']
[0.327s] Level 1:colcon.colcon_core.package_identification:_identify(install) by extension 'ignore'
[0.327s] Level 1:colcon.colcon_core.package_identification:_identify(install) ignored
[0.328s] Level 1:colcon.colcon_core.package_identification:_identify(log) by extensions ['ignore', 'ignore_ament_install']
[0.328s] Level 1:colcon.colcon_core.package_identification:_identify(log) by extension 'ignore'
[0.328s] Level 1:colcon.colcon_core.package_identification:_identify(log) ignored
[0.328s] Level 1:colcon.colcon_core.package_identification:_identify(msg_package) by extensions ['ignore', 'ignore_ament_install']
[0.328s] Level 1:colcon.colcon_core.package_identification:_identify(msg_package) by extension 'ignore'
[0.328s] Level 1:colcon.colcon_core.package_identification:_identify(msg_package) by extension 'ignore_ament_install'
[0.328s] Level 1:colcon.colcon_core.package_identification:_identify(msg_package) by extensions ['colcon_pkg']
[0.328s] Level 1:colcon.colcon_core.package_identification:_identify(msg_package) by extension 'colcon_pkg'
[0.328s] Level 1:colcon.colcon_core.package_identification:_identify(msg_package) by extensions ['colcon_meta']
[0.328s] Level 1:colcon.colcon_core.package_identification:_identify(msg_package) by extension 'colcon_meta'
[0.328s] Level 1:colcon.colcon_core.package_identification:_identify(msg_package) by extensions ['ros']
[0.328s] Level 1:colcon.colcon_core.package_identification:_identify(msg_package) by extension 'ros'
[0.331s] DEBUG:colcon.colcon_core.package_identification:Package 'msg_package' with type 'ros.ament_cmake' and name 'msg_package'
[0.331s] Level 1:colcon.colcon_core.package_identification:_identify(order_optimizer) by extensions ['ignore', 'ignore_ament_install']
[0.331s] Level 1:colcon.colcon_core.package_identification:_identify(order_optimizer) by extension 'ignore'
[0.331s] Level 1:colcon.colcon_core.package_identification:_identify(order_optimizer) by extension 'ignore_ament_install'
[0.331s] Level 1:colcon.colcon_core.package_identification:_identify(order_optimizer) by extensions ['colcon_pkg']
[0.331s] Level 1:colcon.colcon_core.package_identification:_identify(order_optimizer) by extension 'colcon_pkg'
[0.331s] Level 1:colcon.colcon_core.package_identification:_identify(order_optimizer) by extensions ['colcon_meta']
[0.331s] Level 1:colcon.colcon_core.package_identification:_identify(order_optimizer) by extension 'colcon_meta'
[0.331s] Level 1:colcon.colcon_core.package_identification:_identify(order_optimizer) by extensions ['ros']
[0.331s] Level 1:colcon.colcon_core.package_identification:_identify(order_optimizer) by extension 'ros'
[0.331s] DEBUG:colcon.colcon_core.package_identification:Package 'order_optimizer' with type 'ros.ament_cmake' and name 'order_optimizer'
[0.332s] Level 1:colcon.colcon_core.package_identification:_identify(orders) by extensions ['ignore', 'ignore_ament_install']
[0.332s] Level 1:colcon.colcon_core.package_identification:_identify(orders) by extension 'ignore'
[0.332s] Level 1:colcon.colcon_core.package_identification:_identify(orders) by extension 'ignore_ament_install'
[0.332s] Level 1:colcon.colcon_core.package_identification:_identify(orders) by extensions ['colcon_pkg']
[0.332s] Level 1:colcon.colcon_core.package_identification:_identify(orders) by extension 'colcon_pkg'
[0.332s] Level 1:colcon.colcon_core.package_identification:_identify(orders) by extensions ['colcon_meta']
[0.332s] Level 1:colcon.colcon_core.package_identification:_identify(orders) by extension 'colcon_meta'
[0.332s] Level 1:colcon.colcon_core.package_identification:_identify(orders) by extensions ['ros']
[0.332s] Level 1:colcon.colcon_core.package_identification:_identify(orders) by extension 'ros'
[0.332s] Level 1:colcon.colcon_core.package_identification:_identify(orders) by extensions ['cmake', 'python']
[0.332s] Level 1:colcon.colcon_core.package_identification:_identify(orders) by extension 'cmake'
[0.332s] Level 1:colcon.colcon_core.package_identification:_identify(orders) by extension 'python'
[0.332s] Level 1:colcon.colcon_core.package_identification:_identify(orders) by extensions ['python_setup_py']
[0.332s] Level 1:colcon.colcon_core.package_identification:_identify(orders) by extension 'python_setup_py'
[0.332s] Level 1:colcon.colcon_core.package_identification:_identify(ros_cpp) by extensions ['ignore', 'ignore_ament_install']
[0.332s] Level 1:colcon.colcon_core.package_identification:_identify(ros_cpp) by extension 'ignore'
[0.332s] Level 1:colcon.colcon_core.package_identification:_identify(ros_cpp) by extension 'ignore_ament_install'
[0.332s] Level 1:colcon.colcon_core.package_identification:_identify(ros_cpp) by extensions ['colcon_pkg']
[0.332s] Level 1:colcon.colcon_core.package_identification:_identify(ros_cpp) by extension 'colcon_pkg'
[0.332s] Level 1:colcon.colcon_core.package_identification:_identify(ros_cpp) by extensions ['colcon_meta']
[0.332s] Level 1:colcon.colcon_core.package_identification:_identify(ros_cpp) by extension 'colcon_meta'
[0.332s] Level 1:colcon.colcon_core.package_identification:_identify(ros_cpp) by extensions ['ros']
[0.332s] Level 1:colcon.colcon_core.package_identification:_identify(ros_cpp) by extension 'ros'
[0.333s] DEBUG:colcon.colcon_core.package_identification:Package 'ros_cpp' with type 'ros.ament_cmake' and name 'ros_cpp'
[0.333s] Level 1:colcon.colcon_core.package_discovery:discover_packages(recursive) using defaults
[0.333s] Level 1:colcon.colcon_core.package_discovery:discover_packages(ignore) discover
[0.333s] Level 1:colcon.colcon_core.package_discovery:discover_packages(ignore) using defaults
[0.333s] Level 1:colcon.colcon_core.package_discovery:discover_packages(path) discover
[0.333s] Level 1:colcon.colcon_core.package_discovery:discover_packages(path) using defaults
[0.356s] Level 1:colcon.colcon_core.package_discovery:discover_packages(prefix_path) check parameters
[0.356s] Level 1:colcon.colcon_core.package_discovery:discover_packages(prefix_path) discover
[0.359s] DEBUG:colcon.colcon_installed_package_information.package_discovery:Found 256 installed packages in /opt/ros/foxy
[0.360s] Level 1:colcon.colcon_core.package_discovery:discover_packages(prefix_path) using defaults
[0.421s] Level 5:colcon.colcon_core.verb:set package 'msg_package' build argument 'cmake_args' from command line to 'None'
[0.421s] Level 5:colcon.colcon_core.verb:set package 'msg_package' build argument 'cmake_target' from command line to 'None'
[0.421s] Level 5:colcon.colcon_core.verb:set package 'msg_package' build argument 'cmake_target_skip_unavailable' from command line to 'False'
[0.421s] Level 5:colcon.colcon_core.verb:set package 'msg_package' build argument 'cmake_clean_cache' from command line to 'False'
[0.421s] Level 5:colcon.colcon_core.verb:set package 'msg_package' build argument 'cmake_clean_first' from command line to 'False'
[0.421s] Level 5:colcon.colcon_core.verb:set package 'msg_package' build argument 'cmake_force_configure' from command line to 'False'
[0.421s] Level 5:colcon.colcon_core.verb:set package 'msg_package' build argument 'ament_cmake_args' from command line to 'None'
[0.421s] Level 5:colcon.colcon_core.verb:set package 'msg_package' build argument 'catkin_cmake_args' from command line to 'None'
[0.421s] Level 5:colcon.colcon_core.verb:set package 'msg_package' build argument 'catkin_skip_building_tests' from command line to 'False'
[0.421s] DEBUG:colcon.colcon_core.verb:Building package 'msg_package' with the following arguments: {'ament_cmake_args': None, 'build_base': '/home/sxxxd/Downloads/amr_example_small/build/msg_package', 'catkin_cmake_args': None, 'catkin_skip_building_tests': False, 'cmake_args': None, 'cmake_clean_cache': False, 'cmake_clean_first': False, 'cmake_force_configure': False, 'cmake_target': None, 'cmake_target_skip_unavailable': False, 'install_base': '/home/sxxxd/Downloads/amr_example_small/install/msg_package', 'merge_install': False, 'path': '/home/sxxxd/Downloads/amr_example_small/msg_package', 'symlink_install': False, 'test_result_base': None}
[0.422s] Level 5:colcon.colcon_core.verb:set package 'order_optimizer' build argument 'cmake_args' from command line to 'None'
[0.423s] Level 5:colcon.colcon_core.verb:set package 'order_optimizer' build argument 'cmake_target' from command line to 'None'
[0.423s] Level 5:colcon.colcon_core.verb:set package 'order_optimizer' build argument 'cmake_target_skip_unavailable' from command line to 'False'
[0.423s] Level 5:colcon.colcon_core.verb:set package 'order_optimizer' build argument 'cmake_clean_cache' from command line to 'False'
[0.423s] Level 5:colcon.colcon_core.verb:set package 'order_optimizer' build argument 'cmake_clean_first' from command line to 'False'
[0.423s] Level 5:colcon.colcon_core.verb:set package 'order_optimizer' build argument 'cmake_force_configure' from command line to 'False'
[0.423s] Level 5:colcon.colcon_core.verb:set package 'order_optimizer' build argument 'ament_cmake_args' from command line to 'None'
[0.423s] Level 5:colcon.colcon_core.verb:set package 'order_optimizer' build argument 'catkin_cmake_args' from command line to 'None'
[0.423s] Level 5:colcon.colcon_core.verb:set package 'order_optimizer' build argument 'catkin_skip_building_tests' from command line to 'False'
[0.423s] DEBUG:colcon.colcon_core.verb:Building package 'order_optimizer' with the following arguments: {'ament_cmake_args': None, 'build_base': '/home/sxxxd/Downloads/amr_example_small/build/order_optimizer', 'catkin_cmake_args': None, 'catkin_skip_building_tests': False, 'cmake_args': None, 'cmake_clean_cache': False, 'cmake_clean_first': False, 'cmake_force_configure': False, 'cmake_target': None, 'cmake_target_skip_unavailable': False, 'install_base': '/home/sxxxd/Downloads/amr_example_small/install/order_optimizer', 'merge_install': False, 'path': '/home/sxxxd/Downloads/amr_example_small/order_optimizer', 'symlink_install': False, 'test_result_base': None}
[0.424s] Level 5:colcon.colcon_core.verb:set package 'ros_cpp' build argument 'cmake_args' from command line to 'None'
[0.424s] Level 5:colcon.colcon_core.verb:set package 'ros_cpp' build argument 'cmake_target' from command line to 'None'
[0.424s] Level 5:colcon.colcon_core.verb:set package 'ros_cpp' build argument 'cmake_target_skip_unavailable' from command line to 'False'
[0.424s] Level 5:colcon.colcon_core.verb:set package 'ros_cpp' build argument 'cmake_clean_cache' from command line to 'False'
[0.424s] Level 5:colcon.colcon_core.verb:set package 'ros_cpp' build argument 'cmake_clean_first' from command line to 'False'
[0.424s] Level 5:colcon.colcon_core.verb:set package 'ros_cpp' build argument 'cmake_force_configure' from command line to 'False'
[0.424s] Level 5:colcon.colcon_core.verb:set package 'ros_cpp' build argument 'ament_cmake_args' from command line to 'None'
[0.424s] Level 5:colcon.colcon_core.verb:set package 'ros_cpp' build argument 'catkin_cmake_args' from command line to 'None'
[0.424s] Level 5:colcon.colcon_core.verb:set package 'ros_cpp' build argument 'catkin_skip_building_tests' from command line to 'False'
[0.424s] DEBUG:colcon.colcon_core.verb:Building package 'ros_cpp' with the following arguments: {'ament_cmake_args': None, 'build_base': '/home/sxxxd/Downloads/amr_example_small/build/ros_cpp', 'catkin_cmake_args': None, 'catkin_skip_building_tests': False, 'cmake_args': None, 'cmake_clean_cache': False, 'cmake_clean_first': False, 'cmake_force_configure': False, 'cmake_target': None, 'cmake_target_skip_unavailable': False, 'install_base': '/home/sxxxd/Downloads/amr_example_small/install/ros_cpp', 'merge_install': False, 'path': '/home/sxxxd/Downloads/amr_example_small/ros_cpp', 'symlink_install': False, 'test_result_base': None}
[0.424s] INFO:colcon.colcon_core.executor:Executing jobs using 'parallel' executor
[0.428s] DEBUG:colcon.colcon_parallel_executor.executor.parallel:run_until_complete
[0.429s] INFO:colcon.colcon_ros.task.ament_cmake.build:Building ROS package in '/home/sxxxd/Downloads/amr_example_small/msg_package' with build type 'ament_cmake'
[0.429s] INFO:colcon.colcon_cmake.task.cmake.build:Building CMake package in '/home/sxxxd/Downloads/amr_example_small/msg_package'
[0.436s] INFO:colcon.colcon_core.plugin_system:Skipping extension 'colcon_core.shell.bat': Not used on non-Windows systems
[0.436s] INFO:colcon.colcon_core.shell:Skip shell extension 'powershell' for command environment: Not usable outside of PowerShell
[0.436s] DEBUG:colcon.colcon_core.shell:Skip shell extension 'dsv' for command environment
[0.443s] INFO:colcon.colcon_ros.task.ament_cmake.build:Building ROS package in '/home/sxxxd/Downloads/amr_example_small/order_optimizer' with build type 'ament_cmake'
[0.452s] INFO:colcon.colcon_cmake.task.cmake.build:Building CMake package in '/home/sxxxd/Downloads/amr_example_small/order_optimizer'
[0.458s] INFO:colcon.colcon_core.shell:Skip shell extension 'powershell' for command environment: Not usable outside of PowerShell
[0.458s] DEBUG:colcon.colcon_core.shell:Skip shell extension 'dsv' for command environment
[0.587s] DEBUG:colcon.colcon_core.event_handler.log_command:Invoking command in '/home/sxxxd/Downloads/amr_example_small/build/msg_package': CMAKE_PREFIX_PATH=/opt/ros/foxy /usr/bin/cmake --build /home/sxxxd/Downloads/amr_example_small/build/msg_package -- -j8 -l8
[0.699s] DEBUG:colcon.colcon_core.event_handler.log_command:Invoking command in '/home/sxxxd/Downloads/amr_example_small/build/order_optimizer': CMAKE_PREFIX_PATH=/opt/ros/foxy /usr/bin/cmake --build /home/sxxxd/Downloads/amr_example_small/build/order_optimizer -- -j8 -l8
[1.692s] DEBUG:colcon.colcon_core.event_handler.log_command:Invoked command in '/home/sxxxd/Downloads/amr_example_small/build/msg_package' returned '0': CMAKE_PREFIX_PATH=/opt/ros/foxy /usr/bin/cmake --build /home/sxxxd/Downloads/amr_example_small/build/msg_package -- -j8 -l8
[1.857s] DEBUG:colcon.colcon_core.event_handler.log_command:Invoked command in '/home/sxxxd/Downloads/amr_example_small/build/order_optimizer' returned '0': CMAKE_PREFIX_PATH=/opt/ros/foxy /usr/bin/cmake --build /home/sxxxd/Downloads/amr_example_small/build/order_optimizer -- -j8 -l8
[2.278s] DEBUG:colcon.colcon_core.event_handler.log_command:Invoking command in '/home/sxxxd/Downloads/amr_example_small/build/order_optimizer': CMAKE_PREFIX_PATH=/opt/ros/foxy /usr/bin/cmake --install /home/sxxxd/Downloads/amr_example_small/build/order_optimizer
[2.299s] Level 1:colcon.colcon_core.environment:create_environment_scripts_only(order_optimizer)
[2.320s] Level 1:colcon.colcon_core.environment:checking '/home/sxxxd/Downloads/amr_example_small/install/order_optimizer' for CMake module files
[2.320s] Level 1:colcon.colcon_core.environment:checking '/home/sxxxd/Downloads/amr_example_small/install/order_optimizer' for CMake config files
[2.320s] Level 1:colcon.colcon_core.shell:create_environment_hook('order_optimizer', 'cmake_prefix_path')
[2.322s] INFO:colcon.colcon_core.shell:Creating environment hook '/home/sxxxd/Downloads/amr_example_small/install/order_optimizer/share/order_optimizer/hook/cmake_prefix_path.ps1'
[2.333s] INFO:colcon.colcon_core.shell:Creating environment descriptor '/home/sxxxd/Downloads/amr_example_small/install/order_optimizer/share/order_optimizer/hook/cmake_prefix_path.dsv'
[2.339s] INFO:colcon.colcon_core.shell:Creating environment hook '/home/sxxxd/Downloads/amr_example_small/install/order_optimizer/share/order_optimizer/hook/cmake_prefix_path.sh'
[2.341s] Level 1:colcon.colcon_core.environment:checking '/home/sxxxd/Downloads/amr_example_small/install/order_optimizer/bin'
[2.352s] Level 1:colcon.colcon_core.environment:checking '/home/sxxxd/Downloads/amr_example_small/install/order_optimizer/lib/pkgconfig/order_optimizer.pc'
[2.352s] Level 1:colcon.colcon_core.environment:checking '/home/sxxxd/Downloads/amr_example_small/install/order_optimizer/lib/python3.8/site-packages'
[2.352s] Level 1:colcon.colcon_core.environment:checking '/home/sxxxd/Downloads/amr_example_small/install/order_optimizer/bin'
[2.354s] INFO:colcon.colcon_core.shell:Creating package script '/home/sxxxd/Downloads/amr_example_small/install/order_optimizer/share/order_optimizer/package.ps1'
[2.365s] DEBUG:colcon.colcon_core.event_handler.log_command:Invoked command in '/home/sxxxd/Downloads/amr_example_small/build/order_optimizer' returned '0': CMAKE_PREFIX_PATH=/opt/ros/foxy /usr/bin/cmake --install /home/sxxxd/Downloads/amr_example_small/build/order_optimizer
[2.379s] INFO:colcon.colcon_core.shell:Creating package descriptor '/home/sxxxd/Downloads/amr_example_small/install/order_optimizer/share/order_optimizer/package.dsv'
[2.383s] INFO:colcon.colcon_core.shell:Creating package script '/home/sxxxd/Downloads/amr_example_small/install/order_optimizer/share/order_optimizer/package.sh'
[2.386s] INFO:colcon.colcon_core.shell:Creating package script '/home/sxxxd/Downloads/amr_example_small/install/order_optimizer/share/order_optimizer/package.bash'
[2.391s] INFO:colcon.colcon_core.shell:Creating package script '/home/sxxxd/Downloads/amr_example_small/install/order_optimizer/share/order_optimizer/package.zsh'
[2.397s] Level 1:colcon.colcon_core.environment:create_file_with_runtime_dependencies(/home/sxxxd/Downloads/amr_example_small/install/order_optimizer/share/colcon-core/packages/order_optimizer)
[2.847s] Level 1:colcon.colcon_core.environment:create_environment_scripts_only(order_optimizer)
[2.864s] Level 1:colcon.colcon_core.environment:checking '/home/sxxxd/Downloads/amr_example_small/install/order_optimizer' for CMake module files
[2.865s] Level 1:colcon.colcon_core.environment:checking '/home/sxxxd/Downloads/amr_example_small/install/order_optimizer' for CMake config files
[2.865s] Level 1:colcon.colcon_core.shell:create_environment_hook('order_optimizer', 'cmake_prefix_path')
[2.870s] INFO:colcon.colcon_core.shell:Creating environment hook '/home/sxxxd/Downloads/amr_example_small/install/order_optimizer/share/order_optimizer/hook/cmake_prefix_path.ps1'
[2.878s] INFO:colcon.colcon_core.shell:Creating environment descriptor '/home/sxxxd/Downloads/amr_example_small/install/order_optimizer/share/order_optimizer/hook/cmake_prefix_path.dsv'
[2.883s] INFO:colcon.colcon_core.shell:Creating environment hook '/home/sxxxd/Downloads/amr_example_small/install/order_optimizer/share/order_optimizer/hook/cmake_prefix_path.sh'
[2.885s] Level 1:colcon.colcon_core.environment:checking '/home/sxxxd/Downloads/amr_example_small/install/order_optimizer/bin'
[2.885s] Level 1:colcon.colcon_core.environment:checking '/home/sxxxd/Downloads/amr_example_small/install/order_optimizer/lib/pkgconfig/order_optimizer.pc'
[2.886s] Level 1:colcon.colcon_core.environment:checking '/home/sxxxd/Downloads/amr_example_small/install/order_optimizer/lib/python3.8/site-packages'
[2.886s] Level 1:colcon.colcon_core.environment:checking '/home/sxxxd/Downloads/amr_example_small/install/order_optimizer/bin'
[2.897s] INFO:colcon.colcon_core.shell:Creating package script '/home/sxxxd/Downloads/amr_example_small/install/order_optimizer/share/order_optimizer/package.ps1'
[2.906s] INFO:colcon.colcon_core.shell:Creating package descriptor '/home/sxxxd/Downloads/amr_example_small/install/order_optimizer/share/order_optimizer/package.dsv'
[2.910s] INFO:colcon.colcon_core.shell:Creating package script '/home/sxxxd/Downloads/amr_example_small/install/order_optimizer/share/order_optimizer/package.sh'
[2.915s] INFO:colcon.colcon_core.shell:Creating package script '/home/sxxxd/Downloads/amr_example_small/install/order_optimizer/share/order_optimizer/package.bash'
[2.918s] INFO:colcon.colcon_core.shell:Creating package script '/home/sxxxd/Downloads/amr_example_small/install/order_optimizer/share/order_optimizer/package.zsh'
[2.923s] Level 1:colcon.colcon_core.environment:create_file_with_runtime_dependencies(/home/sxxxd/Downloads/amr_example_small/install/order_optimizer/share/colcon-core/packages/order_optimizer)
[3.060s] DEBUG:colcon.colcon_core.event_handler.log_command:Invoking command in '/home/sxxxd/Downloads/amr_example_small/build/msg_package': CMAKE_PREFIX_PATH=/opt/ros/foxy /usr/bin/cmake --install /home/sxxxd/Downloads/amr_example_small/build/msg_package
[3.211s] DEBUG:colcon.colcon_core.event_handler.log_command:Invoked command in '/home/sxxxd/Downloads/amr_example_small/build/msg_package' returned '0': CMAKE_PREFIX_PATH=/opt/ros/foxy /usr/bin/cmake --install /home/sxxxd/Downloads/amr_example_small/build/msg_package
[3.212s] Level 1:colcon.colcon_core.environment:create_environment_scripts_only(msg_package)
[3.215s] Level 1:colcon.colcon_core.environment:checking '/home/sxxxd/Downloads/amr_example_small/install/msg_package' for CMake module files
[3.216s] Level 1:colcon.colcon_core.environment:checking '/home/sxxxd/Downloads/amr_example_small/install/msg_package' for CMake config files
[3.216s] Level 1:colcon.colcon_core.shell:create_environment_hook('msg_package', 'cmake_prefix_path')
[3.220s] INFO:colcon.colcon_core.shell:Creating environment hook '/home/sxxxd/Downloads/amr_example_small/install/msg_package/share/msg_package/hook/cmake_prefix_path.ps1'
[3.221s] INFO:colcon.colcon_core.shell:Creating environment descriptor '/home/sxxxd/Downloads/amr_example_small/install/msg_package/share/msg_package/hook/cmake_prefix_path.dsv'
[3.222s] INFO:colcon.colcon_core.shell:Creating environment hook '/home/sxxxd/Downloads/amr_example_small/install/msg_package/share/msg_package/hook/cmake_prefix_path.sh'
[3.229s] Level 1:colcon.colcon_core.environment:checking '/home/sxxxd/Downloads/amr_example_small/install/msg_package/lib'
[3.230s] Level 1:colcon.colcon_core.shell:create_environment_hook('msg_package', 'ld_library_path_lib')
[3.234s] INFO:colcon.colcon_core.shell:Creating environment hook '/home/sxxxd/Downloads/amr_example_small/install/msg_package/share/msg_package/hook/ld_library_path_lib.ps1'
[3.242s] INFO:colcon.colcon_core.shell:Creating environment descriptor '/home/sxxxd/Downloads/amr_example_small/install/msg_package/share/msg_package/hook/ld_library_path_lib.dsv'
[3.246s] INFO:colcon.colcon_core.shell:Creating environment hook '/home/sxxxd/Downloads/amr_example_small/install/msg_package/share/msg_package/hook/ld_library_path_lib.sh'
[3.247s] Level 1:colcon.colcon_core.environment:checking '/home/sxxxd/Downloads/amr_example_small/install/msg_package/bin'
[3.247s] Level 1:colcon.colcon_core.environment:checking '/home/sxxxd/Downloads/amr_example_small/install/msg_package/lib/pkgconfig/msg_package.pc'
[3.247s] Level 1:colcon.colcon_core.environment:checking '/home/sxxxd/Downloads/amr_example_small/install/msg_package/lib/python3.8/site-packages'
[3.247s] Level 1:colcon.colcon_core.shell:create_environment_hook('msg_package', 'pythonpath')
[3.249s] INFO:colcon.colcon_core.shell:Creating environment hook '/home/sxxxd/Downloads/amr_example_small/install/msg_package/share/msg_package/hook/pythonpath.ps1'
[3.250s] INFO:colcon.colcon_core.shell:Creating environment descriptor '/home/sxxxd/Downloads/amr_example_small/install/msg_package/share/msg_package/hook/pythonpath.dsv'
[3.251s] INFO:colcon.colcon_core.shell:Creating environment hook '/home/sxxxd/Downloads/amr_example_small/install/msg_package/share/msg_package/hook/pythonpath.sh'
[3.252s] Level 1:colcon.colcon_core.environment:checking '/home/sxxxd/Downloads/amr_example_small/install/msg_package/bin'
[3.253s] INFO:colcon.colcon_core.shell:Creating package script '/home/sxxxd/Downloads/amr_example_small/install/msg_package/share/msg_package/package.ps1'
[3.254s] INFO:colcon.colcon_core.shell:Creating package descriptor '/home/sxxxd/Downloads/amr_example_small/install/msg_package/share/msg_package/package.dsv'
[3.255s] INFO:colcon.colcon_core.shell:Creating package script '/home/sxxxd/Downloads/amr_example_small/install/msg_package/share/msg_package/package.sh'
[3.255s] INFO:colcon.colcon_core.shell:Creating package script '/home/sxxxd/Downloads/amr_example_small/install/msg_package/share/msg_package/package.bash'
[3.256s] INFO:colcon.colcon_core.shell:Creating package script '/home/sxxxd/Downloads/amr_example_small/install/msg_package/share/msg_package/package.zsh'
[3.257s] Level 1:colcon.colcon_core.environment:create_file_with_runtime_dependencies(/home/sxxxd/Downloads/amr_example_small/install/msg_package/share/colcon-core/packages/msg_package)
[4.143s] Level 1:colcon.colcon_core.environment:create_environment_scripts_only(msg_package)
[4.144s] Level 1:colcon.colcon_core.environment:checking '/home/sxxxd/Downloads/amr_example_small/install/msg_package' for CMake module files
[4.145s] Level 1:colcon.colcon_core.environment:checking '/home/sxxxd/Downloads/amr_example_small/install/msg_package' for CMake config files
[4.145s] Level 1:colcon.colcon_core.shell:create_environment_hook('msg_package', 'cmake_prefix_path')
[4.149s] INFO:colcon.colcon_core.shell:Creating environment hook '/home/sxxxd/Downloads/amr_example_small/install/msg_package/share/msg_package/hook/cmake_prefix_path.ps1'
[4.150s] INFO:colcon.colcon_core.shell:Creating environment descriptor '/home/sxxxd/Downloads/amr_example_small/install/msg_package/share/msg_package/hook/cmake_prefix_path.dsv'
[4.153s] INFO:colcon.colcon_core.shell:Creating environment hook '/home/sxxxd/Downloads/amr_example_small/install/msg_package/share/msg_package/hook/cmake_prefix_path.sh'
[4.157s] Level 1:colcon.colcon_core.environment:checking '/home/sxxxd/Downloads/amr_example_small/install/msg_package/lib'
[4.157s] Level 1:colcon.colcon_core.shell:create_environment_hook('msg_package', 'ld_library_path_lib')
[4.158s] INFO:colcon.colcon_core.shell:Creating environment hook '/home/sxxxd/Downloads/amr_example_small/install/msg_package/share/msg_package/hook/ld_library_path_lib.ps1'
[4.159s] INFO:colcon.colcon_core.shell:Creating environment descriptor '/home/sxxxd/Downloads/amr_example_small/install/msg_package/share/msg_package/hook/ld_library_path_lib.dsv'
[4.160s] INFO:colcon.colcon_core.shell:Creating environment hook '/home/sxxxd/Downloads/amr_example_small/install/msg_package/share/msg_package/hook/ld_library_path_lib.sh'
[4.160s] Level 1:colcon.colcon_core.environment:checking '/home/sxxxd/Downloads/amr_example_small/install/msg_package/bin'
[4.160s] Level 1:colcon.colcon_core.environment:checking '/home/sxxxd/Downloads/amr_example_small/install/msg_package/lib/pkgconfig/msg_package.pc'
[4.161s] Level 1:colcon.colcon_core.environment:checking '/home/sxxxd/Downloads/amr_example_small/install/msg_package/lib/python3.8/site-packages'
[4.161s] Level 1:colcon.colcon_core.shell:create_environment_hook('msg_package', 'pythonpath')
[4.164s] INFO:colcon.colcon_core.shell:Creating environment hook '/home/sxxxd/Downloads/amr_example_small/install/msg_package/share/msg_package/hook/pythonpath.ps1'
[4.165s] INFO:colcon.colcon_core.shell:Creating environment descriptor '/home/sxxxd/Downloads/amr_example_small/install/msg_package/share/msg_package/hook/pythonpath.dsv'
[4.166s] INFO:colcon.colcon_core.shell:Creating environment hook '/home/sxxxd/Downloads/amr_example_small/install/msg_package/share/msg_package/hook/pythonpath.sh'
[4.167s] Level 1:colcon.colcon_core.environment:checking '/home/sxxxd/Downloads/amr_example_small/install/msg_package/bin'
[4.168s] INFO:colcon.colcon_core.shell:Creating package script '/home/sxxxd/Downloads/amr_example_small/install/msg_package/share/msg_package/package.ps1'
[4.169s] INFO:colcon.colcon_core.shell:Creating package descriptor '/home/sxxxd/Downloads/amr_example_small/install/msg_package/share/msg_package/package.dsv'
[4.170s] INFO:colcon.colcon_core.shell:Creating package script '/home/sxxxd/Downloads/amr_example_small/install/msg_package/share/msg_package/package.sh'
[4.171s] INFO:colcon.colcon_core.shell:Creating package script '/home/sxxxd/Downloads/amr_example_small/install/msg_package/share/msg_package/package.bash'
[4.171s] INFO:colcon.colcon_core.shell:Creating package script '/home/sxxxd/Downloads/amr_example_small/install/msg_package/share/msg_package/package.zsh'
[4.172s] Level 1:colcon.colcon_core.environment:create_file_with_runtime_dependencies(/home/sxxxd/Downloads/amr_example_small/install/msg_package/share/colcon-core/packages/msg_package)
[4.173s] INFO:colcon.colcon_ros.task.ament_cmake.build:Building ROS package in '/home/sxxxd/Downloads/amr_example_small/ros_cpp' with build type 'ament_cmake'
[4.173s] INFO:colcon.colcon_cmake.task.cmake.build:Building CMake package in '/home/sxxxd/Downloads/amr_example_small/ros_cpp'
[4.177s] INFO:colcon.colcon_core.shell:Skip shell extension 'powershell' for command environment: Not usable outside of PowerShell
[4.177s] DEBUG:colcon.colcon_core.shell:Skip shell extension 'dsv' for command environment
[4.324s] DEBUG:colcon.colcon_core.event_handler.log_command:Invoking command in '/home/sxxxd/Downloads/amr_example_small/build/ros_cpp': AMENT_PREFIX_PATH=/home/sxxxd/Downloads/amr_example_small/install/msg_package:${AMENT_PREFIX_PATH} CMAKE_PREFIX_PATH=/home/sxxxd/Downloads/amr_example_small/install/msg_package:/opt/ros/foxy LD_LIBRARY_PATH=/home/sxxxd/Downloads/amr_example_small/install/msg_package/lib:${LD_LIBRARY_PATH} PYTHONPATH=/home/sxxxd/Downloads/amr_example_small/install/msg_package/lib/python3.8/site-packages:${PYTHONPATH} /usr/bin/cmake --build /home/sxxxd/Downloads/amr_example_small/build/ros_cpp -- -j8 -l8
[4.835s] DEBUG:colcon.colcon_core.event_handler.log_command:Invoked command in '/home/sxxxd/Downloads/amr_example_small/build/ros_cpp' returned '0': AMENT_PREFIX_PATH=/home/sxxxd/Downloads/amr_example_small/install/msg_package:${AMENT_PREFIX_PATH} CMAKE_PREFIX_PATH=/home/sxxxd/Downloads/amr_example_small/install/msg_package:/opt/ros/foxy LD_LIBRARY_PATH=/home/sxxxd/Downloads/amr_example_small/install/msg_package/lib:${LD_LIBRARY_PATH} PYTHONPATH=/home/sxxxd/Downloads/amr_example_small/install/msg_package/lib/python3.8/site-packages:${PYTHONPATH} /usr/bin/cmake --build /home/sxxxd/Downloads/amr_example_small/build/ros_cpp -- -j8 -l8
[5.047s] DEBUG:colcon.colcon_core.event_handler.log_command:Invoking command in '/home/sxxxd/Downloads/amr_example_small/build/ros_cpp': AMENT_PREFIX_PATH=/home/sxxxd/Downloads/amr_example_small/install/msg_package:${AMENT_PREFIX_PATH} CMAKE_PREFIX_PATH=/home/sxxxd/Downloads/amr_example_small/install/msg_package:/opt/ros/foxy LD_LIBRARY_PATH=/home/sxxxd/Downloads/amr_example_small/install/msg_package/lib:${LD_LIBRARY_PATH} PYTHONPATH=/home/sxxxd/Downloads/amr_example_small/install/msg_package/lib/python3.8/site-packages:${PYTHONPATH} /usr/bin/cmake --install /home/sxxxd/Downloads/amr_example_small/build/ros_cpp
[5.152s] Level 1:colcon.colcon_core.environment:create_environment_scripts_only(ros_cpp)
[5.155s] Level 1:colcon.colcon_core.environment:checking '/home/sxxxd/Downloads/amr_example_small/install/ros_cpp' for CMake module files
[5.174s] Level 1:colcon.colcon_core.environment:checking '/home/sxxxd/Downloads/amr_example_small/install/ros_cpp' for CMake config files
[5.175s] Level 1:colcon.colcon_core.shell:create_environment_hook('ros_cpp', 'cmake_prefix_path')
[5.176s] INFO:colcon.colcon_core.shell:Creating environment hook '/home/sxxxd/Downloads/amr_example_small/install/ros_cpp/share/ros_cpp/hook/cmake_prefix_path.ps1'
[5.189s] INFO:colcon.colcon_core.shell:Creating environment descriptor '/home/sxxxd/Downloads/amr_example_small/install/ros_cpp/share/ros_cpp/hook/cmake_prefix_path.dsv'
[5.190s] DEBUG:colcon.colcon_core.event_handler.log_command:Invoked command in '/home/sxxxd/Downloads/amr_example_small/build/ros_cpp' returned '0': AMENT_PREFIX_PATH=/home/sxxxd/Downloads/amr_example_small/install/msg_package:${AMENT_PREFIX_PATH} CMAKE_PREFIX_PATH=/home/sxxxd/Downloads/amr_example_small/install/msg_package:/opt/ros/foxy LD_LIBRARY_PATH=/home/sxxxd/Downloads/amr_example_small/install/msg_package/lib:${LD_LIBRARY_PATH} PYTHONPATH=/home/sxxxd/Downloads/amr_example_small/install/msg_package/lib/python3.8/site-packages:${PYTHONPATH} /usr/bin/cmake --install /home/sxxxd/Downloads/amr_example_small/build/ros_cpp
[5.191s] INFO:colcon.colcon_core.shell:Creating environment hook '/home/sxxxd/Downloads/amr_example_small/install/ros_cpp/share/ros_cpp/hook/cmake_prefix_path.sh'
[5.193s] Level 1:colcon.colcon_core.environment:checking '/home/sxxxd/Downloads/amr_example_small/install/ros_cpp/lib'
[5.193s] Level 1:colcon.colcon_core.environment:checking '/home/sxxxd/Downloads/amr_example_small/install/ros_cpp/bin'
[5.193s] Level 1:colcon.colcon_core.environment:checking '/home/sxxxd/Downloads/amr_example_small/install/ros_cpp/lib/pkgconfig/ros_cpp.pc'
[5.193s] Level 1:colcon.colcon_core.environment:checking '/home/sxxxd/Downloads/amr_example_small/install/ros_cpp/lib/python3.8/site-packages'
[5.193s] Level 1:colcon.colcon_core.environment:checking '/home/sxxxd/Downloads/amr_example_small/install/ros_cpp/bin'
[5.196s] INFO:colcon.colcon_core.shell:Creating package script '/home/sxxxd/Downloads/amr_example_small/install/ros_cpp/share/ros_cpp/package.ps1'
[5.197s] INFO:colcon.colcon_core.shell:Creating package descriptor '/home/sxxxd/Downloads/amr_example_small/install/ros_cpp/share/ros_cpp/package.dsv'
[5.198s] INFO:colcon.colcon_core.shell:Creating package script '/home/sxxxd/Downloads/amr_example_small/install/ros_cpp/share/ros_cpp/package.sh'
[5.198s] INFO:colcon.colcon_core.shell:Creating package script '/home/sxxxd/Downloads/amr_example_small/install/ros_cpp/share/ros_cpp/package.bash'
[5.199s] INFO:colcon.colcon_core.shell:Creating package script '/home/sxxxd/Downloads/amr_example_small/install/ros_cpp/share/ros_cpp/package.zsh'
[5.200s] Level 1:colcon.colcon_core.environment:create_file_with_runtime_dependencies(/home/sxxxd/Downloads/amr_example_small/install/ros_cpp/share/colcon-core/packages/ros_cpp)
[5.361s] Level 1:colcon.colcon_core.environment:create_environment_scripts_only(ros_cpp)
[5.363s] Level 1:colcon.colcon_core.environment:checking '/home/sxxxd/Downloads/amr_example_small/install/ros_cpp' for CMake module files
[5.363s] Level 1:colcon.colcon_core.environment:checking '/home/sxxxd/Downloads/amr_example_small/install/ros_cpp' for CMake config files
[5.364s] Level 1:colcon.colcon_core.shell:create_environment_hook('ros_cpp', 'cmake_prefix_path')
[5.365s] INFO:colcon.colcon_core.shell:Creating environment hook '/home/sxxxd/Downloads/amr_example_small/install/ros_cpp/share/ros_cpp/hook/cmake_prefix_path.ps1'
[5.369s] INFO:colcon.colcon_core.shell:Creating environment descriptor '/home/sxxxd/Downloads/amr_example_small/install/ros_cpp/share/ros_cpp/hook/cmake_prefix_path.dsv'
[5.369s] INFO:colcon.colcon_core.shell:Creating environment hook '/home/sxxxd/Downloads/amr_example_small/install/ros_cpp/share/ros_cpp/hook/cmake_prefix_path.sh'
[5.370s] Level 1:colcon.colcon_core.environment:checking '/home/sxxxd/Downloads/amr_example_small/install/ros_cpp/lib'
[5.370s] Level 1:colcon.colcon_core.environment:checking '/home/sxxxd/Downloads/amr_example_small/install/ros_cpp/bin'
[5.370s] Level 1:colcon.colcon_core.environment:checking '/home/sxxxd/Downloads/amr_example_small/install/ros_cpp/lib/pkgconfig/ros_cpp.pc'
[5.371s] Level 1:colcon.colcon_core.environment:checking '/home/sxxxd/Downloads/amr_example_small/install/ros_cpp/lib/python3.8/site-packages'
[5.371s] Level 1:colcon.colcon_core.environment:checking '/home/sxxxd/Downloads/amr_example_small/install/ros_cpp/bin'
[5.372s] INFO:colcon.colcon_core.shell:Creating package script '/home/sxxxd/Downloads/amr_example_small/install/ros_cpp/share/ros_cpp/package.ps1'
[5.373s] INFO:colcon.colcon_core.shell:Creating package descriptor '/home/sxxxd/Downloads/amr_example_small/install/ros_cpp/share/ros_cpp/package.dsv'
[5.374s] INFO:colcon.colcon_core.shell:Creating package script '/home/sxxxd/Downloads/amr_example_small/install/ros_cpp/share/ros_cpp/package.sh'
[5.374s] INFO:colcon.colcon_core.shell:Creating package script '/home/sxxxd/Downloads/amr_example_small/install/ros_cpp/share/ros_cpp/package.bash'
[5.377s] INFO:colcon.colcon_core.shell:Creating package script '/home/sxxxd/Downloads/amr_example_small/install/ros_cpp/share/ros_cpp/package.zsh'
[5.377s] Level 1:colcon.colcon_core.environment:create_file_with_runtime_dependencies(/home/sxxxd/Downloads/amr_example_small/install/ros_cpp/share/colcon-core/packages/ros_cpp)
[5.378s] DEBUG:colcon.colcon_parallel_executor.executor.parallel:closing loop
[5.379s] DEBUG:colcon.colcon_parallel_executor.executor.parallel:loop closed
[5.379s] DEBUG:colcon.colcon_parallel_executor.executor.parallel:run_until_complete finished with '0'
[5.379s] DEBUG:colcon.colcon_core.event_reactor:joining thread
[5.420s] INFO:colcon.colcon_core.plugin_system:Skipping extension 'colcon_notification.desktop_notification.terminal_notifier': Not used on non-Darwin systems
[5.420s] INFO:colcon.colcon_core.plugin_system:Skipping extension 'colcon_notification.desktop_notification.win32': Not used on non-Windows systems
[5.420s] INFO:colcon.colcon_notification.desktop_notification:Sending desktop notification using 'notify2'
[5.531s] DEBUG:colcon.colcon_core.event_reactor:joined thread
[5.533s] INFO:colcon.colcon_core.shell:Creating prefix script '/home/sxxxd/Downloads/amr_example_small/install/local_setup.ps1'
[5.534s] INFO:colcon.colcon_core.shell:Creating prefix util module '/home/sxxxd/Downloads/amr_example_small/install/_local_setup_util_ps1.py'
[5.536s] INFO:colcon.colcon_core.shell:Creating prefix chain script '/home/sxxxd/Downloads/amr_example_small/install/setup.ps1'
[5.540s] INFO:colcon.colcon_core.shell:Creating prefix script '/home/sxxxd/Downloads/amr_example_small/install/local_setup.sh'
[5.542s] INFO:colcon.colcon_core.shell:Creating prefix util module '/home/sxxxd/Downloads/amr_example_small/install/_local_setup_util_sh.py'
[5.544s] INFO:colcon.colcon_core.shell:Creating prefix chain script '/home/sxxxd/Downloads/amr_example_small/install/setup.sh'
[5.547s] INFO:colcon.colcon_core.shell:Creating prefix script '/home/sxxxd/Downloads/amr_example_small/install/local_setup.bash'
[5.563s] INFO:colcon.colcon_core.shell:Creating prefix chain script '/home/sxxxd/Downloads/amr_example_small/install/setup.bash'
[5.566s] INFO:colcon.colcon_core.shell:Creating prefix script '/home/sxxxd/Downloads/amr_example_small/install/local_setup.zsh'
[5.568s] INFO:colcon.colcon_core.shell:Creating prefix chain script '/home/sxxxd/Downloads/amr_example_small/install/setup.zsh'
