[0.141s] Invoking command in '/home/sxxxd/Downloads/amr_example_small/build/ros_cpp': AMENT_PREFIX_PATH=/home/sxxxd/Downloads/amr_example_small/install/msg_package:${AMENT_PREFIX_PATH} CMAKE_PREFIX_PATH=/home/sxxxd/Downloads/amr_example_small/install/msg_package:/opt/ros/foxy LD_LIBRARY_PATH=/home/sxxxd/Downloads/amr_example_small/install/msg_package/lib:${LD_LIBRARY_PATH} PYTHONPATH=/home/sxxxd/Downloads/amr_example_small/install/msg_package/lib/python3.8/site-packages:${PYTHONPATH} /usr/bin/cmake --build /home/sxxxd/Downloads/amr_example_small/build/ros_cpp -- -j8 -l8
[0.345s] [ 16%] Built target gtest
[0.345s] [ 33%] Built target gtest_main
[0.366s] [ 58%] Built target cpp_lib
[0.520s] [ 75%] Built target ros_cpp_my_test
[0.551s] [100%] Built target cpp_node
[0.651s] Invoked command in '/home/sxxxd/Downloads/amr_example_small/build/ros_cpp' returned '0': AMENT_PREFIX_PATH=/home/sxxxd/Downloads/amr_example_small/install/msg_package:${AMENT_PREFIX_PATH} CMAKE_PREFIX_PATH=/home/sxxxd/Downloads/amr_example_small/install/msg_package:/opt/ros/foxy LD_LIBRARY_PATH=/home/sxxxd/Downloads/amr_example_small/install/msg_package/lib:${LD_LIBRARY_PATH} PYTHONPATH=/home/sxxxd/Downloads/amr_example_small/install/msg_package/lib/python3.8/site-packages:${PYTHONPATH} /usr/bin/cmake --build /home/sxxxd/Downloads/amr_example_small/build/ros_cpp -- -j8 -l8
[0.864s] Invoking command in '/home/sxxxd/Downloads/amr_example_small/build/ros_cpp': AMENT_PREFIX_PATH=/home/sxxxd/Downloads/amr_example_small/install/msg_package:${AMENT_PREFIX_PATH} CMAKE_PREFIX_PATH=/home/sxxxd/Downloads/amr_example_small/install/msg_package:/opt/ros/foxy LD_LIBRARY_PATH=/home/sxxxd/Downloads/amr_example_small/install/msg_package/lib:${LD_LIBRARY_PATH} PYTHONPATH=/home/sxxxd/Downloads/amr_example_small/install/msg_package/lib/python3.8/site-packages:${PYTHONPATH} /usr/bin/cmake --install /home/sxxxd/Downloads/amr_example_small/build/ros_cpp
[0.929s] -- Install configuration: ""
[0.929s] -- Up-to-date: /home/sxxxd/Downloads/amr_example_small/install/ros_cpp/lib/ros_cpp/cpp_node
[0.929s] -- Up-to-date: /home/sxxxd/Downloads/amr_example_small/install/ros_cpp/share/ament_index/resource_index/package_run_dependencies/ros_cpp
[0.930s] -- Up-to-date: /home/sxxxd/Downloads/amr_example_small/install/ros_cpp/share/ament_index/resource_index/parent_prefix_path/ros_cpp
[0.930s] -- Up-to-date: /home/sxxxd/Downloads/amr_example_small/install/ros_cpp/share/ros_cpp/environment/ament_prefix_path.sh
[0.930s] -- Up-to-date: /home/sxxxd/Downloads/amr_example_small/install/ros_cpp/share/ros_cpp/environment/ament_prefix_path.dsv
[0.930s] -- Up-to-date: /home/sxxxd/Downloads/amr_example_small/install/ros_cpp/share/ros_cpp/environment/path.sh
[0.930s] -- Up-to-date: /home/sxxxd/Downloads/amr_example_small/install/ros_cpp/share/ros_cpp/environment/path.dsv
[0.930s] -- Up-to-date: /home/sxxxd/Downloads/amr_example_small/install/ros_cpp/share/ros_cpp/local_setup.bash
[0.930s] -- Up-to-date: /home/sxxxd/Downloads/amr_example_small/install/ros_cpp/share/ros_cpp/local_setup.sh
[0.930s] -- Up-to-date: /home/sxxxd/Downloads/amr_example_small/install/ros_cpp/share/ros_cpp/local_setup.zsh
[0.930s] -- Up-to-date: /home/sxxxd/Downloads/amr_example_small/install/ros_cpp/share/ros_cpp/local_setup.dsv
[0.930s] -- Installing: /home/sxxxd/Downloads/amr_example_small/install/ros_cpp/share/ros_cpp/package.dsv
[0.930s] -- Up-to-date: /home/sxxxd/Downloads/amr_example_small/install/ros_cpp/share/ament_index/resource_index/packages/ros_cpp
[0.930s] -- Up-to-date: /home/sxxxd/Downloads/amr_example_small/install/ros_cpp/share/ros_cpp/cmake/ament_cmake_export_include_directories-extras.cmake
[0.930s] -- Up-to-date: /home/sxxxd/Downloads/amr_example_small/install/ros_cpp/share/ros_cpp/cmake/ros_cppConfig.cmake
[0.930s] -- Up-to-date: /home/sxxxd/Downloads/amr_example_small/install/ros_cpp/share/ros_cpp/cmake/ros_cppConfig-version.cmake
[0.930s] -- Up-to-date: /home/sxxxd/Downloads/amr_example_small/install/ros_cpp/share/ros_cpp/package.xml
[1.007s] Invoked command in '/home/sxxxd/Downloads/amr_example_small/build/ros_cpp' returned '0': AMENT_PREFIX_PATH=/home/sxxxd/Downloads/amr_example_small/install/msg_package:${AMENT_PREFIX_PATH} CMAKE_PREFIX_PATH=/home/sxxxd/Downloads/amr_example_small/install/msg_package:/opt/ros/foxy LD_LIBRARY_PATH=/home/sxxxd/Downloads/amr_example_small/install/msg_package/lib:${LD_LIBRARY_PATH} PYTHONPATH=/home/sxxxd/Downloads/amr_example_small/install/msg_package/lib/python3.8/site-packages:${PYTHONPATH} /usr/bin/cmake --install /home/sxxxd/Downloads/amr_example_small/build/ros_cpp
