[0.198s] Invoking command in '/home/sxxxd/Downloads/amr_example_small/build/msg_package': CMAKE_PREFIX_PATH=/opt/ros/foxy /usr/bin/cmake --build /home/sxxxd/Downloads/amr_example_small/build/msg_package -- -j8 -l8
[0.462s] [  9%] Built target msg_package__rosidl_generator_c
[0.462s] [ 12%] Built target msg_package__cpp
[0.583s] [ 22%] Built target msg_package__rosidl_typesupport_c
[0.662s] [ 32%] Built target msg_package__rosidl_typesupport_introspection_c
[0.663s] [ 41%] Built target msg_package__rosidl_typesupport_introspection_cpp
[0.809s] [ 51%] Built target msg_package__rosidl_typesupport_cpp
[0.837s] [ 61%] Built target msg_package__rosidl_typesupport_fastrtps_cpp
[0.903s] [ 70%] Built target msg_package__rosidl_typesupport_fastrtps_c
[0.993s] [ 70%] Built target msg_package
[1.202s] [ 74%] Built target msg_package__py
[1.353s] [ 80%] Built target msg_package__python
[1.527s] [ 87%] Built target msg_package__rosidl_typesupport_fastrtps_c__pyext
[1.527s] [ 93%] Built target msg_package__rosidl_typesupport_introspection_c__pyext
[1.544s] [100%] Built target msg_package__rosidl_typesupport_c__pyext
[1.640s] Invoked command in '/home/sxxxd/Downloads/amr_example_small/build/msg_package' returned '0': CMAKE_PREFIX_PATH=/opt/ros/foxy /usr/bin/cmake --build /home/sxxxd/Downloads/amr_example_small/build/msg_package -- -j8 -l8
[2.248s] Invoking command in '/home/sxxxd/Downloads/amr_example_small/build/msg_package': CMAKE_PREFIX_PATH=/opt/ros/foxy /usr/bin/cmake --install /home/sxxxd/Downloads/amr_example_small/build/msg_package
[2.264s] -- Install configuration: ""
[2.264s] -- Up-to-date: /home/sxxxd/Downloads/amr_example_small/install/msg_package/share/ament_index/resource_index/rosidl_interfaces/msg_package
[2.264s] -- Up-to-date: /home/sxxxd/Downloads/amr_example_small/install/msg_package/include/msg_package
[2.277s] -- Up-to-date: /home/sxxxd/Downloads/amr_example_small/install/msg_package/include/msg_package/msg
[2.277s] -- Up-to-date: /home/sxxxd/Downloads/amr_example_small/install/msg_package/include/msg_package/msg/detail
[2.277s] -- Up-to-date: /home/sxxxd/Downloads/amr_example_small/install/msg_package/include/msg_package/msg/detail/order__struct.h
[2.277s] -- Up-to-date: /home/sxxxd/Downloads/amr_example_small/install/msg_package/include/msg_package/msg/detail/order__functions.c
[2.277s] -- Up-to-date: /home/sxxxd/Downloads/amr_example_small/install/msg_package/include/msg_package/msg/detail/order__type_support.h
[2.277s] -- Up-to-date: /home/sxxxd/Downloads/amr_example_small/install/msg_package/include/msg_package/msg/detail/order__functions.h
[2.277s] -- Up-to-date: /home/sxxxd/Downloads/amr_example_small/install/msg_package/include/msg_package/msg/order.h
[2.277s] -- Up-to-date: /home/sxxxd/Downloads/amr_example_small/install/msg_package/include/msg_package/msg/rosidl_generator_c__visibility_control.h
[2.277s] -- Up-to-date: /home/sxxxd/Downloads/amr_example_small/install/msg_package/share/msg_package/environment/library_path.sh
[2.277s] -- Up-to-date: /home/sxxxd/Downloads/amr_example_small/install/msg_package/share/msg_package/environment/library_path.dsv
[2.277s] -- Up-to-date: /home/sxxxd/Downloads/amr_example_small/install/msg_package/lib/libmsg_package__rosidl_generator_c.so
[2.277s] -- Up-to-date: /home/sxxxd/Downloads/amr_example_small/install/msg_package/include/msg_package
[2.277s] -- Up-to-date: /home/sxxxd/Downloads/amr_example_small/install/msg_package/include/msg_package/msg
[2.277s] -- Up-to-date: /home/sxxxd/Downloads/amr_example_small/install/msg_package/include/msg_package/msg/detail
[2.277s] -- Up-to-date: /home/sxxxd/Downloads/amr_example_small/install/msg_package/include/msg_package/msg/detail/order__rosidl_typesupport_fastrtps_c.h
[2.277s] -- Up-to-date: /home/sxxxd/Downloads/amr_example_small/install/msg_package/include/msg_package/msg/rosidl_typesupport_fastrtps_c__visibility_control.h
[2.278s] -- Up-to-date: /home/sxxxd/Downloads/amr_example_small/install/msg_package/lib/libmsg_package__rosidl_typesupport_fastrtps_c.so
[2.278s] -- Up-to-date: /home/sxxxd/Downloads/amr_example_small/install/msg_package/include/msg_package
[2.278s] -- Up-to-date: /home/sxxxd/Downloads/amr_example_small/install/msg_package/include/msg_package/msg
[2.279s] -- Up-to-date: /home/sxxxd/Downloads/amr_example_small/install/msg_package/include/msg_package/msg/rosidl_typesupport_fastrtps_cpp__visibility_control.h
[2.279s] -- Up-to-date: /home/sxxxd/Downloads/amr_example_small/install/msg_package/include/msg_package/msg/detail
[2.279s] -- Up-to-date: /home/sxxxd/Downloads/amr_example_small/install/msg_package/include/msg_package/msg/detail/order__rosidl_typesupport_fastrtps_cpp.hpp
[2.279s] -- Up-to-date: /home/sxxxd/Downloads/amr_example_small/install/msg_package/include/msg_package/msg/detail/dds_fastrtps
[2.279s] -- Up-to-date: /home/sxxxd/Downloads/amr_example_small/install/msg_package/lib/libmsg_package__rosidl_typesupport_fastrtps_cpp.so
[2.279s] -- Up-to-date: /home/sxxxd/Downloads/amr_example_small/install/msg_package/include/msg_package
[2.279s] -- Up-to-date: /home/sxxxd/Downloads/amr_example_small/install/msg_package/include/msg_package/msg
[2.279s] -- Up-to-date: /home/sxxxd/Downloads/amr_example_small/install/msg_package/include/msg_package/msg/rosidl_typesupport_introspection_c__visibility_control.h
[2.280s] -- Up-to-date: /home/sxxxd/Downloads/amr_example_small/install/msg_package/include/msg_package/msg/detail
[2.280s] -- Up-to-date: /home/sxxxd/Downloads/amr_example_small/install/msg_package/include/msg_package/msg/detail/order__type_support.c
[2.280s] -- Up-to-date: /home/sxxxd/Downloads/amr_example_small/install/msg_package/include/msg_package/msg/detail/order__rosidl_typesupport_introspection_c.h
[2.280s] -- Up-to-date: /home/sxxxd/Downloads/amr_example_small/install/msg_package/lib/libmsg_package__rosidl_typesupport_introspection_c.so
[2.280s] -- Up-to-date: /home/sxxxd/Downloads/amr_example_small/install/msg_package/lib/libmsg_package__rosidl_typesupport_c.so
[2.280s] -- Up-to-date: /home/sxxxd/Downloads/amr_example_small/install/msg_package/include/msg_package
[2.280s] -- Up-to-date: /home/sxxxd/Downloads/amr_example_small/install/msg_package/include/msg_package/msg
[2.280s] -- Up-to-date: /home/sxxxd/Downloads/amr_example_small/install/msg_package/include/msg_package/msg/rosidl_generator_cpp__visibility_control.hpp
[2.280s] -- Up-to-date: /home/sxxxd/Downloads/amr_example_small/install/msg_package/include/msg_package/msg/detail
[2.280s] -- Up-to-date: /home/sxxxd/Downloads/amr_example_small/install/msg_package/include/msg_package/msg/detail/order__struct.hpp
[2.280s] -- Up-to-date: /home/sxxxd/Downloads/amr_example_small/install/msg_package/include/msg_package/msg/detail/order__builder.hpp
[2.280s] -- Up-to-date: /home/sxxxd/Downloads/amr_example_small/install/msg_package/include/msg_package/msg/detail/order__traits.hpp
[2.280s] -- Up-to-date: /home/sxxxd/Downloads/amr_example_small/install/msg_package/include/msg_package/msg/detail/order__type_support.hpp
[2.280s] -- Up-to-date: /home/sxxxd/Downloads/amr_example_small/install/msg_package/include/msg_package/msg/order.hpp
[2.280s] -- Up-to-date: /home/sxxxd/Downloads/amr_example_small/install/msg_package/include/msg_package
[2.280s] -- Up-to-date: /home/sxxxd/Downloads/amr_example_small/install/msg_package/include/msg_package/msg
[2.280s] -- Up-to-date: /home/sxxxd/Downloads/amr_example_small/install/msg_package/include/msg_package/msg/detail
[2.280s] -- Up-to-date: /home/sxxxd/Downloads/amr_example_small/install/msg_package/include/msg_package/msg/detail/order__type_support.cpp
[2.280s] -- Up-to-date: /home/sxxxd/Downloads/amr_example_small/install/msg_package/include/msg_package/msg/detail/order__rosidl_typesupport_introspection_cpp.hpp
[2.280s] -- Up-to-date: /home/sxxxd/Downloads/amr_example_small/install/msg_package/lib/libmsg_package__rosidl_typesupport_introspection_cpp.so
[2.280s] -- Up-to-date: /home/sxxxd/Downloads/amr_example_small/install/msg_package/lib/libmsg_package__rosidl_typesupport_cpp.so
[2.281s] -- Up-to-date: /home/sxxxd/Downloads/amr_example_small/install/msg_package/share/msg_package/environment/pythonpath.sh
[2.281s] -- Up-to-date: /home/sxxxd/Downloads/amr_example_small/install/msg_package/share/msg_package/environment/pythonpath.dsv
[2.281s] -- Up-to-date: /home/sxxxd/Downloads/amr_example_small/install/msg_package/lib/python3.8/site-packages/msg_package/__init__.py
[2.313s] -- Up-to-date: /home/sxxxd/Downloads/amr_example_small/install/msg_package/lib/python3.8/site-packages/msg_package/msg
[2.314s] -- Up-to-date: /home/sxxxd/Downloads/amr_example_small/install/msg_package/lib/python3.8/site-packages/msg_package/msg/__init__.py
[2.314s] -- Up-to-date: /home/sxxxd/Downloads/amr_example_small/install/msg_package/lib/python3.8/site-packages/msg_package/msg/_order.py
[2.314s] -- Up-to-date: /home/sxxxd/Downloads/amr_example_small/install/msg_package/lib/python3.8/site-packages/msg_package/msg/_order_s.c
[2.314s] -- Up-to-date: /home/sxxxd/Downloads/amr_example_small/install/msg_package/lib/python3.8/site-packages/msg_package/msg_package_s__rosidl_typesupport_fastrtps_c.cpython-38-x86_64-linux-gnu.so
[2.314s] -- Up-to-date: /home/sxxxd/Downloads/amr_example_small/install/msg_package/lib/python3.8/site-packages/msg_package/msg_package_s__rosidl_typesupport_introspection_c.cpython-38-x86_64-linux-gnu.so
[2.314s] -- Up-to-date: /home/sxxxd/Downloads/amr_example_small/install/msg_package/lib/python3.8/site-packages/msg_package/msg_package_s__rosidl_typesupport_c.cpython-38-x86_64-linux-gnu.so
[2.315s] -- Up-to-date: /home/sxxxd/Downloads/amr_example_small/install/msg_package/lib/libmsg_package__python.so
[2.315s] -- Up-to-date: /home/sxxxd/Downloads/amr_example_small/install/msg_package/share/msg_package/msg/Order.idl
[2.322s] -- Up-to-date: /home/sxxxd/Downloads/amr_example_small/install/msg_package/share/msg_package/msg/Order.msg
[2.322s] -- Up-to-date: /home/sxxxd/Downloads/amr_example_small/install/msg_package/share/ament_index/resource_index/package_run_dependencies/msg_package
[2.330s] -- Up-to-date: /home/sxxxd/Downloads/amr_example_small/install/msg_package/share/ament_index/resource_index/parent_prefix_path/msg_package
[2.331s] -- Up-to-date: /home/sxxxd/Downloads/amr_example_small/install/msg_package/share/msg_package/environment/ament_prefix_path.sh
[2.331s] -- Up-to-date: /home/sxxxd/Downloads/amr_example_small/install/msg_package/share/msg_package/environment/ament_prefix_path.dsv
[2.331s] -- Up-to-date: /home/sxxxd/Downloads/amr_example_small/install/msg_package/share/msg_package/environment/path.sh
[2.331s] -- Up-to-date: /home/sxxxd/Downloads/amr_example_small/install/msg_package/share/msg_package/environment/path.dsv
[2.332s] -- Up-to-date: /home/sxxxd/Downloads/amr_example_small/install/msg_package/share/msg_package/local_setup.bash
[2.332s] -- Up-to-date: /home/sxxxd/Downloads/amr_example_small/install/msg_package/share/msg_package/local_setup.sh
[2.332s] -- Up-to-date: /home/sxxxd/Downloads/amr_example_small/install/msg_package/share/msg_package/local_setup.zsh
[2.332s] -- Up-to-date: /home/sxxxd/Downloads/amr_example_small/install/msg_package/share/msg_package/local_setup.dsv
[2.332s] -- Installing: /home/sxxxd/Downloads/amr_example_small/install/msg_package/share/msg_package/package.dsv
[2.332s] -- Up-to-date: /home/sxxxd/Downloads/amr_example_small/install/msg_package/share/ament_index/resource_index/packages/msg_package
[2.332s] -- Up-to-date: /home/sxxxd/Downloads/amr_example_small/install/msg_package/share/msg_package/cmake/msg_package__rosidl_generator_cExport.cmake
[2.332s] -- Up-to-date: /home/sxxxd/Downloads/amr_example_small/install/msg_package/share/msg_package/cmake/msg_package__rosidl_generator_cExport-noconfig.cmake
[2.332s] -- Up-to-date: /home/sxxxd/Downloads/amr_example_small/install/msg_package/share/msg_package/cmake/msg_package__rosidl_typesupport_introspection_cExport.cmake
[2.332s] -- Up-to-date: /home/sxxxd/Downloads/amr_example_small/install/msg_package/share/msg_package/cmake/msg_package__rosidl_typesupport_introspection_cExport-noconfig.cmake
[2.332s] -- Up-to-date: /home/sxxxd/Downloads/amr_example_small/install/msg_package/share/msg_package/cmake/msg_package__rosidl_typesupport_cExport.cmake
[2.332s] -- Up-to-date: /home/sxxxd/Downloads/amr_example_small/install/msg_package/share/msg_package/cmake/msg_package__rosidl_typesupport_cExport-noconfig.cmake
[2.332s] -- Up-to-date: /home/sxxxd/Downloads/amr_example_small/install/msg_package/share/msg_package/cmake/msg_package__rosidl_generator_cppExport.cmake
[2.332s] -- Up-to-date: /home/sxxxd/Downloads/amr_example_small/install/msg_package/share/msg_package/cmake/msg_package__rosidl_typesupport_introspection_cppExport.cmake
[2.332s] -- Up-to-date: /home/sxxxd/Downloads/amr_example_small/install/msg_package/share/msg_package/cmake/msg_package__rosidl_typesupport_introspection_cppExport-noconfig.cmake
[2.332s] -- Up-to-date: /home/sxxxd/Downloads/amr_example_small/install/msg_package/share/msg_package/cmake/msg_package__rosidl_typesupport_cppExport.cmake
[2.332s] -- Up-to-date: /home/sxxxd/Downloads/amr_example_small/install/msg_package/share/msg_package/cmake/msg_package__rosidl_typesupport_cppExport-noconfig.cmake
[2.332s] -- Up-to-date: /home/sxxxd/Downloads/amr_example_small/install/msg_package/share/msg_package/cmake/rosidl_cmake-extras.cmake
[2.332s] -- Up-to-date: /home/sxxxd/Downloads/amr_example_small/install/msg_package/share/msg_package/cmake/ament_cmake_export_dependencies-extras.cmake
[2.332s] -- Up-to-date: /home/sxxxd/Downloads/amr_example_small/install/msg_package/share/msg_package/cmake/ament_cmake_export_libraries-extras.cmake
[2.333s] -- Up-to-date: /home/sxxxd/Downloads/amr_example_small/install/msg_package/share/msg_package/cmake/ament_cmake_export_targets-extras.cmake
[2.333s] -- Up-to-date: /home/sxxxd/Downloads/amr_example_small/install/msg_package/share/msg_package/cmake/ament_cmake_export_include_directories-extras.cmake
[2.333s] -- Up-to-date: /home/sxxxd/Downloads/amr_example_small/install/msg_package/share/msg_package/cmake/rosidl_cmake_export_typesupport_libraries-extras.cmake
[2.333s] -- Up-to-date: /home/sxxxd/Downloads/amr_example_small/install/msg_package/share/msg_package/cmake/rosidl_cmake_export_typesupport_targets-extras.cmake
[2.333s] -- Up-to-date: /home/sxxxd/Downloads/amr_example_small/install/msg_package/share/msg_package/cmake/msg_packageConfig.cmake
[2.334s] -- Up-to-date: /home/sxxxd/Downloads/amr_example_small/install/msg_package/share/msg_package/cmake/msg_packageConfig-version.cmake
[2.334s] -- Up-to-date: /home/sxxxd/Downloads/amr_example_small/install/msg_package/share/msg_package/package.xml
[2.339s] Invoked command in '/home/sxxxd/Downloads/amr_example_small/build/msg_package' returned '0': CMAKE_PREFIX_PATH=/opt/ros/foxy /usr/bin/cmake --install /home/sxxxd/Downloads/amr_example_small/build/msg_package
