[0.310s] Invoking command in '/home/sxxxd/Downloads/amr_example_small/build/order_optimizer': CMAKE_PREFIX_PATH=/opt/ros/foxy /usr/bin/cmake /home/sxxxd/Downloads/amr_example_small/order_optimizer -DCMAKE_INSTALL_PREFIX=/home/sxxxd/Downloads/amr_example_small/install/order_optimizer
[0.668s] -- The C compiler identification is GNU 9.4.0
[0.873s] -- The CXX compiler identification is GNU 9.4.0
[0.898s] -- Check for working C compiler: /usr/bin/cc
[1.259s] -- Check for working C compiler: /usr/bin/cc -- works
[1.260s] -- Detecting C compiler ABI info
[1.727s] -- Detecting C compiler ABI info - done
[1.759s] -- Detecting C compile features
[1.759s] -- Detecting C compile features - done
[1.798s] -- Check for working CXX compiler: /usr/bin/c++
[2.186s] -- Check for working CXX compiler: /usr/bin/c++ -- works
[2.186s] -- Detecting CXX compiler ABI info
[2.453s] -- Detecting CXX compiler ABI info - done
[2.453s] -- Detecting CXX compile features
[2.474s] -- Detecting CXX compile features - done
[2.484s] -- Found ament_cmake: 0.9.12 (/opt/ros/foxy/share/ament_cmake/cmake)
[2.574s] -- Found PythonInterp: /usr/bin/python3 (found suitable version "3.8.10", minimum required is "3") 
[2.574s] -- Using PYTHON_EXECUTABLE: /usr/bin/python3
[2.896s] -- Found rosidl_default_generators: 1.0.1 (/opt/ros/foxy/share/rosidl_default_generators/cmake)
[2.900s] -- Using all available rosidl_typesupport_c: rosidl_typesupport_fastrtps_c;rosidl_typesupport_introspection_c
[2.909s] -- Found rosidl_adapter: 1.3.1 (/opt/ros/foxy/share/rosidl_adapter/cmake)
[3.278s] -- Found OpenSSL: /usr/lib/x86_64-linux-gnu/libcrypto.so (found version "1.1.1f")  
[3.299s] -- Found FastRTPS: /opt/ros/foxy/include  
[3.399s] -- Using all available rosidl_typesupport_cpp: rosidl_typesupport_fastrtps_cpp;rosidl_typesupport_introspection_cpp
[3.468s] CMake Error at /opt/ros/foxy/share/rosidl_cmake/cmake/rosidl_generate_interfaces.cmake:93 (message):
[3.468s]   rosidl_generate_interfaces() the passed file 'msg/Order.msg' doesn't exist
[3.468s]   relative to the CMAKE_CURRENT_SOURCE_DIR
[3.468s]   '/home/sxxxd/Downloads/amr_example_small/order_optimizer'
[3.468s] Call Stack (most recent call first):
[3.468s]   CMakeLists.txt:26 (rosidl_generate_interfaces)
[3.468s] 
[3.468s] 
[3.484s] -- Configuring incomplete, errors occurred!
[3.484s] See also "/home/sxxxd/Downloads/amr_example_small/build/order_optimizer/CMakeFiles/CMakeOutput.log".
[3.493s] Invoked command in '/home/sxxxd/Downloads/amr_example_small/build/order_optimizer' returned '1': CMAKE_PREFIX_PATH=/opt/ros/foxy /usr/bin/cmake /home/sxxxd/Downloads/amr_example_small/order_optimizer -DCMAKE_INSTALL_PREFIX=/home/sxxxd/Downloads/amr_example_small/install/order_optimizer
