CMake Warning (dev) at /home/sxxxd/Downloads/amr_example_small/build/ros_cpp/ament_cmake_core/package.cmake:4:
  Syntax Warning in cmake code at column 93

  Argument not separated from preceding token by whitespace.
Call Stack (most recent call first):
  /opt/ros/foxy/share/ament_cmake_core/cmake/core/ament_package_xml.cmake:99 (include)
  /opt/ros/foxy/share/ament_cmake_core/cmake/core/ament_package_xml.cmake:49 (_ament_package_xml)
  /opt/ros/foxy/share/ament_cmake_core/cmake/core/ament_package.cmake:63 (ament_package_xml)
  CMakeLists.txt:82 (ament_package)
This warning is for project developers.  Use -Wno-dev to suppress it.

CMake Warning (dev) at /home/sxxxd/Downloads/amr_example_small/build/ros_cpp/ament_cmake_core/package.cmake:6:
  Syntax Warning in cmake code at column 72

  Argument not separated from preceding token by whitespace.
Call Stack (most recent call first):
  /opt/ros/foxy/share/ament_cmake_core/cmake/core/ament_package_xml.cmake:99 (include)
  /opt/ros/foxy/share/ament_cmake_core/cmake/core/ament_package_xml.cmake:49 (_ament_package_xml)
  /opt/ros/foxy/share/ament_cmake_core/cmake/core/ament_package.cmake:63 (ament_package_xml)
  CMakeLists.txt:82 (ament_package)
This warning is for project developers.  Use -Wno-dev to suppress it.

CMake Warning (dev) at /home/sxxxd/Downloads/amr_example_small/build/ros_cpp/ament_cmake_core/package.cmake:8:
  Syntax Warning in cmake code at column 89

  Argument not separated from preceding token by whitespace.
Call Stack (most recent call first):
  /opt/ros/foxy/share/ament_cmake_core/cmake/core/ament_package_xml.cmake:99 (include)
  /opt/ros/foxy/share/ament_cmake_core/cmake/core/ament_package_xml.cmake:49 (_ament_package_xml)
  /opt/ros/foxy/share/ament_cmake_core/cmake/core/ament_package.cmake:63 (ament_package_xml)
  CMakeLists.txt:82 (ament_package)
This warning is for project developers.  Use -Wno-dev to suppress it.

[01m[K/home/sxxxd/Downloads/amr_example_small/ros_cpp/src/OrderOptimizerNode.cpp:[m[K In member function ‘[01m[Kvoid OrderOptimizerNode::msgNextOrder(msg_package::msg::Order_<std::allocator<void> >::SharedPtr)[m[K’:
[01m[K/home/sxxxd/Downloads/amr_example_small/ros_cpp/src/OrderOptimizerNode.cpp:54:18:[m[K [01;35m[Kwarning: [m[Kunused variable ‘[01m[Kfile[m[K’ [[01;35m[K-Wunused-variable[m[K]
   54 |       for (auto &[01;35m[Kfile[m[K : std::filesystem::directory_iterator(folder.path())) {
      |                  [01;35m[K^~~~[m[K
[01m[K/home/sxxxd/Downloads/amr_example_small/ros_cpp/src/OrderOptimizerNode.cpp:[m[K In member function ‘[01m[Kstd::vector<std::pair<float, Part> > OrderOptimizerNode::FindShortestPath(OrderDetails)[m[K’:
[01m[K/home/sxxxd/Downloads/amr_example_small/ros_cpp/src/OrderOptimizerNode.cpp:118:1:[m[K [01;35m[Kwarning: [m[Kno return statement in function returning non-void [[01;35m[K-Wreturn-type[m[K]
  118 | [01;35m[K}[m[K
      | [01;35m[K^[m[K
[01m[K/home/sxxxd/Downloads/amr_example_small/ros_cpp/src/OrderOptimizerNode.cpp:115:87:[m[K [01;35m[Kwarning: [m[Kunused parameter ‘[01m[Kdetails_[m[K’ [[01;35m[K-Wunused-parameter[m[K]
  115 | std::vector<std::pair<float, Part>> OrderOptimizerNode::FindShortestPath([01;35m[KOrderDetails details_[m[K)
      |                                                                          [01;35m[K~~~~~~~~~~~~~^~~~~~~~[m[K
[01m[K/home/sxxxd/Downloads/amr_example_small/ros_cpp/src/OrderOptimizerNode.cpp:[m[K In member function ‘[01m[Kvoid OrderOptimizerNode::msgNextOrder(msg_package::msg::Order_<std::allocator<void> >::SharedPtr)[m[K’:
[01m[K/home/sxxxd/Downloads/amr_example_small/ros_cpp/src/OrderOptimizerNode.cpp:54:18:[m[K [01;35m[Kwarning: [m[Kunused variable ‘[01m[Kfile[m[K’ [[01;35m[K-Wunused-variable[m[K]
   54 |       for (auto &[01;35m[Kfile[m[K : std::filesystem::directory_iterator(folder.path())) {
      |                  [01;35m[K^~~~[m[K
[01m[K/home/sxxxd/Downloads/amr_example_small/ros_cpp/src/OrderOptimizerNode.cpp:[m[K In member function ‘[01m[Kstd::vector<std::pair<float, Part> > OrderOptimizerNode::FindShortestPath(OrderDetails)[m[K’:
[01m[K/home/sxxxd/Downloads/amr_example_small/ros_cpp/src/OrderOptimizerNode.cpp:118:1:[m[K [01;35m[Kwarning: [m[Kno return statement in function returning non-void [[01;35m[K-Wreturn-type[m[K]
  118 | [01;35m[K}[m[K
      | [01;35m[K^[m[K
[01m[K/home/sxxxd/Downloads/amr_example_small/ros_cpp/src/OrderOptimizerNode.cpp:115:87:[m[K [01;35m[Kwarning: [m[Kunused parameter ‘[01m[Kdetails_[m[K’ [[01;35m[K-Wunused-parameter[m[K]
  115 | std::vector<std::pair<float, Part>> OrderOptimizerNode::FindShortestPath([01;35m[KOrderDetails details_[m[K)
      |                                                                          [01;35m[K~~~~~~~~~~~~~^~~~~~~~[m[K
