-- Found ament_cmake: 0.9.12 (/opt/ros/foxy/share/ament_cmake/cmake)
-- Using PYTHON_EXECUTABLE: /usr/bin/python3
-- Found rclcpp: 2.4.3 (/opt/ros/foxy/share/rclcpp/cmake)
-- Using all available rosidl_typesupport_c: rosidl_typesupport_fastrtps_c;rosidl_typesupport_introspection_c
-- Found rosidl_adapter: 1.3.1 (/opt/ros/foxy/share/rosidl_adapter/cmake)
-- Using all available rosidl_typesupport_cpp: rosidl_typesupport_fastrtps_cpp;rosidl_typesupport_introspection_cpp
-- Found rmw_implementation_cmake: 1.0.4 (/opt/ros/foxy/share/rmw_implementation_cmake/cmake)
-- Using RMW implementation 'rmw_fastrtps_cpp' as default
-- Found rclcpp_components: 2.4.3 (/opt/ros/foxy/share/rclcpp_components/cmake)
-- Found geometry_msgs: 2.0.5 (/opt/ros/foxy/share/geometry_msgs/cmake)
-- Found visualization_msgs: 2.0.5 (/opt/ros/foxy/share/visualization_msgs/cmake)
-- Found msg_package: 0.0.0 (/home/sxxxd/Downloads/amr_example_small/install/msg_package/share/msg_package/cmake)
-- Found ament_cmake_gtest: 0.9.12 (/opt/ros/foxy/share/ament_cmake_gtest/cmake)
-- Found gtest sources under '/opt/ros/foxy/src/gtest_vendor': C++ tests using 'Google Test' will be built
-- Check if compiler accepts -pthread
-- Check if compiler accepts -pthread - yes
CMake Warning (dev) at /home/sxxxd/Downloads/amr_example_small/build/ros_cpp/ament_cmake_core/package.cmake:4:
  Syntax Warning in cmake code at column 93

  Argument not separated from preceding token by whitespace.
Call Stack (most recent call first):
  /opt/ros/foxy/share/ament_cmake_core/cmake/core/ament_package_xml.cmake:99 (include)
  /opt/ros/foxy/share/ament_cmake_core/cmake/core/ament_package_xml.cmake:49 (_ament_package_xml)
  /opt/ros/foxy/share/ament_cmake_core/cmake/core/ament_package.cmake:63 (ament_package_xml)
  CMakeLists.txt:82 (ament_package)
This warning is for project developers.  Use -Wno-dev to suppress it.

CMake Warning (dev) at /home/sxxxd/Downloads/amr_example_small/build/ros_cpp/ament_cmake_core/package.cmake:6:
  Syntax Warning in cmake code at column 72

  Argument not separated from preceding token by whitespace.
Call Stack (most recent call first):
  /opt/ros/foxy/share/ament_cmake_core/cmake/core/ament_package_xml.cmake:99 (include)
  /opt/ros/foxy/share/ament_cmake_core/cmake/core/ament_package_xml.cmake:49 (_ament_package_xml)
  /opt/ros/foxy/share/ament_cmake_core/cmake/core/ament_package.cmake:63 (ament_package_xml)
  CMakeLists.txt:82 (ament_package)
This warning is for project developers.  Use -Wno-dev to suppress it.

CMake Warning (dev) at /home/sxxxd/Downloads/amr_example_small/build/ros_cpp/ament_cmake_core/package.cmake:8:
  Syntax Warning in cmake code at column 89

  Argument not separated from preceding token by whitespace.
Call Stack (most recent call first):
  /opt/ros/foxy/share/ament_cmake_core/cmake/core/ament_package_xml.cmake:99 (include)
  /opt/ros/foxy/share/ament_cmake_core/cmake/core/ament_package_xml.cmake:49 (_ament_package_xml)
  /opt/ros/foxy/share/ament_cmake_core/cmake/core/ament_package.cmake:63 (ament_package_xml)
  CMakeLists.txt:82 (ament_package)
This warning is for project developers.  Use -Wno-dev to suppress it.

-- Configuring done
-- Generating done
-- Build files have been written to: /home/sxxxd/Downloads/amr_example_small/build/ros_cpp
[35m[1mScanning dependencies of target cpp_lib[0m
[35m[1mScanning dependencies of target gtest_main[0m
[35m[1mScanning dependencies of target gtest[0m
[  8%] [32mBuilding CXX object gtest/CMakeFiles/gtest_main.dir/src/gtest_main.cc.o[0m
[ 16%] [32mBuilding CXX object gtest/CMakeFiles/gtest.dir/src/gtest-all.cc.o[0m
[ 25%] [32mBuilding CXX object CMakeFiles/cpp_lib.dir/src/OrderOptimizerMain.cpp.o[0m
[ 33%] [32mBuilding CXX object CMakeFiles/cpp_lib.dir/src/OrderOptimizerNode.cpp.o[0m
[ 41%] [32m[1mLinking CXX static library libgtest_main.a[0m
[ 41%] Built target gtest_main
[01m[K/home/sxxxd/Downloads/amr_example_small/ros_cpp/src/OrderOptimizerNode.cpp:[m[K In member function ‘[01m[Kvoid OrderOptimizerNode::msgNextOrder(msg_package::msg::Order_<std::allocator<void> >::SharedPtr)[m[K’:
[01m[K/home/sxxxd/Downloads/amr_example_small/ros_cpp/src/OrderOptimizerNode.cpp:54:18:[m[K [01;35m[Kwarning: [m[Kunused variable ‘[01m[Kfile[m[K’ [[01;35m[K-Wunused-variable[m[K]
   54 |       for (auto &[01;35m[Kfile[m[K : std::filesystem::directory_iterator(folder.path())) {
      |                  [01;35m[K^~~~[m[K
[01m[K/home/sxxxd/Downloads/amr_example_small/ros_cpp/src/OrderOptimizerNode.cpp:[m[K In member function ‘[01m[Kstd::vector<std::pair<float, Part> > OrderOptimizerNode::FindShortestPath(OrderDetails)[m[K’:
[01m[K/home/sxxxd/Downloads/amr_example_small/ros_cpp/src/OrderOptimizerNode.cpp:118:1:[m[K [01;35m[Kwarning: [m[Kno return statement in function returning non-void [[01;35m[K-Wreturn-type[m[K]
  118 | [01;35m[K}[m[K
      | [01;35m[K^[m[K
[01m[K/home/sxxxd/Downloads/amr_example_small/ros_cpp/src/OrderOptimizerNode.cpp:115:87:[m[K [01;35m[Kwarning: [m[Kunused parameter ‘[01m[Kdetails_[m[K’ [[01;35m[K-Wunused-parameter[m[K]
  115 | std::vector<std::pair<float, Part>> OrderOptimizerNode::FindShortestPath([01;35m[KOrderDetails details_[m[K)
      |                                                                          [01;35m[K~~~~~~~~~~~~~^~~~~~~~[m[K
[ 50%] [32m[1mLinking CXX static library libcpp_lib.a[0m
[ 58%] [32m[1mLinking CXX static library libgtest.a[0m
[ 58%] Built target cpp_lib
[35m[1mScanning dependencies of target cpp_node[0m
[ 58%] Built target gtest
[35m[1mScanning dependencies of target ros_cpp_my_test[0m
[ 66%] [32mBuilding CXX object CMakeFiles/cpp_node.dir/src/OrderOptimizerMain.cpp.o[0m
[ 75%] [32mBuilding CXX object CMakeFiles/cpp_node.dir/src/OrderOptimizerNode.cpp.o[0m
[ 83%] [32mBuilding CXX object CMakeFiles/ros_cpp_my_test.dir/tests/test2.cpp.o[0m
[01m[K/home/sxxxd/Downloads/amr_example_small/ros_cpp/src/OrderOptimizerNode.cpp:[m[K In member function ‘[01m[Kvoid OrderOptimizerNode::msgNextOrder(msg_package::msg::Order_<std::allocator<void> >::SharedPtr)[m[K’:
[01m[K/home/sxxxd/Downloads/amr_example_small/ros_cpp/src/OrderOptimizerNode.cpp:54:18:[m[K [01;35m[Kwarning: [m[Kunused variable ‘[01m[Kfile[m[K’ [[01;35m[K-Wunused-variable[m[K]
   54 |       for (auto &[01;35m[Kfile[m[K : std::filesystem::directory_iterator(folder.path())) {
      |                  [01;35m[K^~~~[m[K
[01m[K/home/sxxxd/Downloads/amr_example_small/ros_cpp/src/OrderOptimizerNode.cpp:[m[K In member function ‘[01m[Kstd::vector<std::pair<float, Part> > OrderOptimizerNode::FindShortestPath(OrderDetails)[m[K’:
[01m[K/home/sxxxd/Downloads/amr_example_small/ros_cpp/src/OrderOptimizerNode.cpp:118:1:[m[K [01;35m[Kwarning: [m[Kno return statement in function returning non-void [[01;35m[K-Wreturn-type[m[K]
  118 | [01;35m[K}[m[K
      | [01;35m[K^[m[K
[01m[K/home/sxxxd/Downloads/amr_example_small/ros_cpp/src/OrderOptimizerNode.cpp:115:87:[m[K [01;35m[Kwarning: [m[Kunused parameter ‘[01m[Kdetails_[m[K’ [[01;35m[K-Wunused-parameter[m[K]
  115 | std::vector<std::pair<float, Part>> OrderOptimizerNode::FindShortestPath([01;35m[KOrderDetails details_[m[K)
      |                                                                          [01;35m[K~~~~~~~~~~~~~^~~~~~~~[m[K
[ 91%] [32m[1mLinking CXX executable cpp_node[0m
[ 91%] Built target cpp_node
[100%] [32m[1mLinking CXX executable ros_cpp_my_test[0m
[100%] Built target ros_cpp_my_test
-- Install configuration: ""
-- Installing: /home/sxxxd/Downloads/amr_example_small/install/ros_cpp/lib/ros_cpp/cpp_node
-- Set runtime path of "/home/sxxxd/Downloads/amr_example_small/install/ros_cpp/lib/ros_cpp/cpp_node" to ""
-- Installing: /home/sxxxd/Downloads/amr_example_small/install/ros_cpp/share/ament_index/resource_index/package_run_dependencies/ros_cpp
-- Installing: /home/sxxxd/Downloads/amr_example_small/install/ros_cpp/share/ament_index/resource_index/parent_prefix_path/ros_cpp
-- Installing: /home/sxxxd/Downloads/amr_example_small/install/ros_cpp/share/ros_cpp/environment/ament_prefix_path.sh
-- Installing: /home/sxxxd/Downloads/amr_example_small/install/ros_cpp/share/ros_cpp/environment/ament_prefix_path.dsv
-- Installing: /home/sxxxd/Downloads/amr_example_small/install/ros_cpp/share/ros_cpp/environment/path.sh
-- Installing: /home/sxxxd/Downloads/amr_example_small/install/ros_cpp/share/ros_cpp/environment/path.dsv
-- Installing: /home/sxxxd/Downloads/amr_example_small/install/ros_cpp/share/ros_cpp/local_setup.bash
-- Installing: /home/sxxxd/Downloads/amr_example_small/install/ros_cpp/share/ros_cpp/local_setup.sh
-- Installing: /home/sxxxd/Downloads/amr_example_small/install/ros_cpp/share/ros_cpp/local_setup.zsh
-- Installing: /home/sxxxd/Downloads/amr_example_small/install/ros_cpp/share/ros_cpp/local_setup.dsv
-- Installing: /home/sxxxd/Downloads/amr_example_small/install/ros_cpp/share/ros_cpp/package.dsv
-- Installing: /home/sxxxd/Downloads/amr_example_small/install/ros_cpp/share/ament_index/resource_index/packages/ros_cpp
-- Installing: /home/sxxxd/Downloads/amr_example_small/install/ros_cpp/share/ros_cpp/cmake/ament_cmake_export_include_directories-extras.cmake
-- Installing: /home/sxxxd/Downloads/amr_example_small/install/ros_cpp/share/ros_cpp/cmake/ros_cppConfig.cmake
-- Installing: /home/sxxxd/Downloads/amr_example_small/install/ros_cpp/share/ros_cpp/cmake/ros_cppConfig-version.cmake
-- Installing: /home/sxxxd/Downloads/amr_example_small/install/ros_cpp/share/ros_cpp/package.xml
