[0.143s] Invoking command in '/home/sxxxd/Downloads/amr_example_small/build/ros_cpp': AMENT_PREFIX_PATH=/home/sxxxd/Downloads/amr_example_small/install/msg_package:${AMENT_PREFIX_PATH} CMAKE_PREFIX_PATH=/home/sxxxd/Downloads/amr_example_small/install/msg_package:/opt/ros/foxy LD_LIBRARY_PATH=/home/sxxxd/Downloads/amr_example_small/install/msg_package/lib:${LD_LIBRARY_PATH} PYTHONPATH=/home/sxxxd/Downloads/amr_example_small/install/msg_package/lib/python3.8/site-packages:${PYTHONPATH} /usr/bin/cmake /home/sxxxd/Downloads/amr_example_small/ros_cpp -DCMAKE_INSTALL_PREFIX=/home/sxxxd/Downloads/amr_example_small/install/ros_cpp
[0.200s] -- Found ament_cmake: 0.9.12 (/opt/ros/foxy/share/ament_cmake/cmake)
[0.244s] -- Using PYTHON_EXECUTABLE: /usr/bin/python3
[0.479s] -- Found rclcpp: 2.4.3 (/opt/ros/foxy/share/rclcpp/cmake)
[0.535s] -- Using all available rosidl_typesupport_c: rosidl_typesupport_fastrtps_c;rosidl_typesupport_introspection_c
[0.537s] -- Found rosidl_adapter: 1.3.1 (/opt/ros/foxy/share/rosidl_adapter/cmake)
[0.725s] -- Using all available rosidl_typesupport_cpp: rosidl_typesupport_fastrtps_cpp;rosidl_typesupport_introspection_cpp
[0.789s] -- Found rmw_implementation_cmake: 1.0.4 (/opt/ros/foxy/share/rmw_implementation_cmake/cmake)
[0.791s] -- Using RMW implementation 'rmw_fastrtps_cpp' as default
[0.962s] -- Found rclcpp_components: 2.4.3 (/opt/ros/foxy/share/rclcpp_components/cmake)
[1.032s] -- Found geometry_msgs: 2.0.5 (/opt/ros/foxy/share/geometry_msgs/cmake)
[1.071s] -- Found visualization_msgs: 2.0.5 (/opt/ros/foxy/share/visualization_msgs/cmake)
[1.161s] -- Found msg_package: 0.0.0 (/home/sxxxd/Downloads/amr_example_small/install/msg_package/share/msg_package/cmake)
[1.176s] -- Found ament_cmake_gtest: 0.9.12 (/opt/ros/foxy/share/ament_cmake_gtest/cmake)
[1.177s] -- Found gtest sources under '/opt/ros/foxy/src/gtest_vendor': C++ tests using 'Google Test' will be built
[1.181s] -- Check if compiler accepts -pthread
[1.437s] -- Check if compiler accepts -pthread - yes
[1.522s] CMake Warning (dev) at /home/sxxxd/Downloads/amr_example_small/build/ros_cpp/ament_cmake_core/package.cmake:4:
[1.522s]   Syntax Warning in cmake code at column 93
[1.522s] 
[1.522s]   Argument not separated from preceding token by whitespace.
[1.522s] Call Stack (most recent call first):
[1.522s]   /opt/ros/foxy/share/ament_cmake_core/cmake/core/ament_package_xml.cmake:99 (include)
[1.522s]   /opt/ros/foxy/share/ament_cmake_core/cmake/core/ament_package_xml.cmake:49 (_ament_package_xml)
[1.522s]   /opt/ros/foxy/share/ament_cmake_core/cmake/core/ament_package.cmake:63 (ament_package_xml)
[1.522s]   CMakeLists.txt:82 (ament_package)
[1.522s] This warning is for project developers.  Use -Wno-dev to suppress it.
[1.522s] 
[1.522s] CMake Warning (dev) at /home/sxxxd/Downloads/amr_example_small/build/ros_cpp/ament_cmake_core/package.cmake:6:
[1.522s]   Syntax Warning in cmake code at column 72
[1.522s] 
[1.523s]   Argument not separated from preceding token by whitespace.
[1.523s] Call Stack (most recent call first):
[1.523s]   /opt/ros/foxy/share/ament_cmake_core/cmake/core/ament_package_xml.cmake:99 (include)
[1.523s]   /opt/ros/foxy/share/ament_cmake_core/cmake/core/ament_package_xml.cmake:49 (_ament_package_xml)
[1.523s]   /opt/ros/foxy/share/ament_cmake_core/cmake/core/ament_package.cmake:63 (ament_package_xml)
[1.523s]   CMakeLists.txt:82 (ament_package)
[1.523s] This warning is for project developers.  Use -Wno-dev to suppress it.
[1.523s] 
[1.523s] CMake Warning (dev) at /home/sxxxd/Downloads/amr_example_small/build/ros_cpp/ament_cmake_core/package.cmake:8:
[1.523s]   Syntax Warning in cmake code at column 89
[1.523s] 
[1.525s]   Argument not separated from preceding token by whitespace.
[1.525s] Call Stack (most recent call first):
[1.526s]   /opt/ros/foxy/share/ament_cmake_core/cmake/core/ament_package_xml.cmake:99 (include)
[1.526s]   /opt/ros/foxy/share/ament_cmake_core/cmake/core/ament_package_xml.cmake:49 (_ament_package_xml)
[1.526s]   /opt/ros/foxy/share/ament_cmake_core/cmake/core/ament_package.cmake:63 (ament_package_xml)
[1.526s]   CMakeLists.txt:82 (ament_package)
[1.526s] This warning is for project developers.  Use -Wno-dev to suppress it.
[1.526s] 
[1.530s] -- Configuring done
[1.559s] -- Generating done
[1.562s] -- Build files have been written to: /home/sxxxd/Downloads/amr_example_small/build/ros_cpp
[1.667s] Invoked command in '/home/sxxxd/Downloads/amr_example_small/build/ros_cpp' returned '0': AMENT_PREFIX_PATH=/home/sxxxd/Downloads/amr_example_small/install/msg_package:${AMENT_PREFIX_PATH} CMAKE_PREFIX_PATH=/home/sxxxd/Downloads/amr_example_small/install/msg_package:/opt/ros/foxy LD_LIBRARY_PATH=/home/sxxxd/Downloads/amr_example_small/install/msg_package/lib:${LD_LIBRARY_PATH} PYTHONPATH=/home/sxxxd/Downloads/amr_example_small/install/msg_package/lib/python3.8/site-packages:${PYTHONPATH} /usr/bin/cmake /home/sxxxd/Downloads/amr_example_small/ros_cpp -DCMAKE_INSTALL_PREFIX=/home/sxxxd/Downloads/amr_example_small/install/ros_cpp
[1.746s] Invoking command in '/home/sxxxd/Downloads/amr_example_small/build/ros_cpp': AMENT_PREFIX_PATH=/home/sxxxd/Downloads/amr_example_small/install/msg_package:${AMENT_PREFIX_PATH} CMAKE_PREFIX_PATH=/home/sxxxd/Downloads/amr_example_small/install/msg_package:/opt/ros/foxy LD_LIBRARY_PATH=/home/sxxxd/Downloads/amr_example_small/install/msg_package/lib:${LD_LIBRARY_PATH} PYTHONPATH=/home/sxxxd/Downloads/amr_example_small/install/msg_package/lib/python3.8/site-packages:${PYTHONPATH} /usr/bin/cmake --build /home/sxxxd/Downloads/amr_example_small/build/ros_cpp -- -j8 -l8
[1.897s] [35m[1mScanning dependencies of target cpp_lib[0m
[1.898s] [35m[1mScanning dependencies of target gtest_main[0m
[1.901s] [35m[1mScanning dependencies of target gtest[0m
[1.930s] [  8%] [32mBuilding CXX object gtest/CMakeFiles/gtest_main.dir/src/gtest_main.cc.o[0m
[1.996s] [ 16%] [32mBuilding CXX object gtest/CMakeFiles/gtest.dir/src/gtest-all.cc.o[0m
[2.006s] [ 25%] [32mBuilding CXX object CMakeFiles/cpp_lib.dir/src/OrderOptimizerMain.cpp.o[0m
[2.031s] [ 33%] [32mBuilding CXX object CMakeFiles/cpp_lib.dir/src/OrderOptimizerNode.cpp.o[0m
[4.114s] [ 41%] [32m[1mLinking CXX static library libgtest_main.a[0m
[4.251s] [ 41%] Built target gtest_main
[6.385s] [01m[K/home/sxxxd/Downloads/amr_example_small/ros_cpp/src/OrderOptimizerNode.cpp:[m[K In member function ‘[01m[Kvoid OrderOptimizerNode::msgNextOrder(msg_package::msg::Order_<std::allocator<void> >::SharedPtr)[m[K’:
[6.386s] [01m[K/home/sxxxd/Downloads/amr_example_small/ros_cpp/src/OrderOptimizerNode.cpp:54:18:[m[K [01;35m[Kwarning: [m[Kunused variable ‘[01m[Kfile[m[K’ [[01;35m[K-Wunused-variable[m[K]
[6.386s]    54 |       for (auto &[01;35m[Kfile[m[K : std::filesystem::directory_iterator(folder.path())) {
[6.386s]       |                  [01;35m[K^~~~[m[K
[6.406s] [01m[K/home/sxxxd/Downloads/amr_example_small/ros_cpp/src/OrderOptimizerNode.cpp:[m[K In member function ‘[01m[Kstd::vector<std::pair<float, Part> > OrderOptimizerNode::FindShortestPath(OrderDetails)[m[K’:
[6.407s] [01m[K/home/sxxxd/Downloads/amr_example_small/ros_cpp/src/OrderOptimizerNode.cpp:118:1:[m[K [01;35m[Kwarning: [m[Kno return statement in function returning non-void [[01;35m[K-Wreturn-type[m[K]
[6.407s]   118 | [01;35m[K}[m[K
[6.407s]       | [01;35m[K^[m[K
[6.407s] [01m[K/home/sxxxd/Downloads/amr_example_small/ros_cpp/src/OrderOptimizerNode.cpp:115:87:[m[K [01;35m[Kwarning: [m[Kunused parameter ‘[01m[Kdetails_[m[K’ [[01;35m[K-Wunused-parameter[m[K]
[6.407s]   115 | std::vector<std::pair<float, Part>> OrderOptimizerNode::FindShortestPath([01;35m[KOrderDetails details_[m[K)
[6.407s]       |                                                                          [01;35m[K~~~~~~~~~~~~~^~~~~~~~[m[K
[8.491s] [ 50%] [32m[1mLinking CXX static library libcpp_lib.a[0m
[8.492s] [ 58%] [32m[1mLinking CXX static library libgtest.a[0m
[8.696s] [ 58%] Built target cpp_lib
[8.756s] [35m[1mScanning dependencies of target cpp_node[0m
[8.759s] [ 58%] Built target gtest
[8.776s] [35m[1mScanning dependencies of target ros_cpp_my_test[0m
[8.836s] [ 66%] [32mBuilding CXX object CMakeFiles/cpp_node.dir/src/OrderOptimizerMain.cpp.o[0m
[8.868s] [ 75%] [32mBuilding CXX object CMakeFiles/cpp_node.dir/src/OrderOptimizerNode.cpp.o[0m
[8.903s] [ 83%] [32mBuilding CXX object CMakeFiles/ros_cpp_my_test.dir/tests/test2.cpp.o[0m
[12.226s] [01m[K/home/sxxxd/Downloads/amr_example_small/ros_cpp/src/OrderOptimizerNode.cpp:[m[K In member function ‘[01m[Kvoid OrderOptimizerNode::msgNextOrder(msg_package::msg::Order_<std::allocator<void> >::SharedPtr)[m[K’:
[12.226s] [01m[K/home/sxxxd/Downloads/amr_example_small/ros_cpp/src/OrderOptimizerNode.cpp:54:18:[m[K [01;35m[Kwarning: [m[Kunused variable ‘[01m[Kfile[m[K’ [[01;35m[K-Wunused-variable[m[K]
[12.226s]    54 |       for (auto &[01;35m[Kfile[m[K : std::filesystem::directory_iterator(folder.path())) {
[12.226s]       |                  [01;35m[K^~~~[m[K
[12.243s] [01m[K/home/sxxxd/Downloads/amr_example_small/ros_cpp/src/OrderOptimizerNode.cpp:[m[K In member function ‘[01m[Kstd::vector<std::pair<float, Part> > OrderOptimizerNode::FindShortestPath(OrderDetails)[m[K’:
[12.243s] [01m[K/home/sxxxd/Downloads/amr_example_small/ros_cpp/src/OrderOptimizerNode.cpp:118:1:[m[K [01;35m[Kwarning: [m[Kno return statement in function returning non-void [[01;35m[K-Wreturn-type[m[K]
[12.243s]   118 | [01;35m[K}[m[K
[12.243s]       | [01;35m[K^[m[K
[12.243s] [01m[K/home/sxxxd/Downloads/amr_example_small/ros_cpp/src/OrderOptimizerNode.cpp:115:87:[m[K [01;35m[Kwarning: [m[Kunused parameter ‘[01m[Kdetails_[m[K’ [[01;35m[K-Wunused-parameter[m[K]
[12.243s]   115 | std::vector<std::pair<float, Part>> OrderOptimizerNode::FindShortestPath([01;35m[KOrderDetails details_[m[K)
[12.243s]       |                                                                          [01;35m[K~~~~~~~~~~~~~^~~~~~~~[m[K
[14.655s] [ 91%] [32m[1mLinking CXX executable cpp_node[0m
[14.970s] [ 91%] Built target cpp_node
[19.424s] [100%] [32m[1mLinking CXX executable ros_cpp_my_test[0m
[20.118s] [100%] Built target ros_cpp_my_test
[20.274s] Invoked command in '/home/sxxxd/Downloads/amr_example_small/build/ros_cpp' returned '0': AMENT_PREFIX_PATH=/home/sxxxd/Downloads/amr_example_small/install/msg_package:${AMENT_PREFIX_PATH} CMAKE_PREFIX_PATH=/home/sxxxd/Downloads/amr_example_small/install/msg_package:/opt/ros/foxy LD_LIBRARY_PATH=/home/sxxxd/Downloads/amr_example_small/install/msg_package/lib:${LD_LIBRARY_PATH} PYTHONPATH=/home/sxxxd/Downloads/amr_example_small/install/msg_package/lib/python3.8/site-packages:${PYTHONPATH} /usr/bin/cmake --build /home/sxxxd/Downloads/amr_example_small/build/ros_cpp -- -j8 -l8
[20.434s] Invoking command in '/home/sxxxd/Downloads/amr_example_small/build/ros_cpp': AMENT_PREFIX_PATH=/home/sxxxd/Downloads/amr_example_small/install/msg_package:${AMENT_PREFIX_PATH} CMAKE_PREFIX_PATH=/home/sxxxd/Downloads/amr_example_small/install/msg_package:/opt/ros/foxy LD_LIBRARY_PATH=/home/sxxxd/Downloads/amr_example_small/install/msg_package/lib:${LD_LIBRARY_PATH} PYTHONPATH=/home/sxxxd/Downloads/amr_example_small/install/msg_package/lib/python3.8/site-packages:${PYTHONPATH} /usr/bin/cmake --install /home/sxxxd/Downloads/amr_example_small/build/ros_cpp
[20.462s] -- Install configuration: ""
[20.462s] -- Installing: /home/sxxxd/Downloads/amr_example_small/install/ros_cpp/lib/ros_cpp/cpp_node
[20.466s] -- Set runtime path of "/home/sxxxd/Downloads/amr_example_small/install/ros_cpp/lib/ros_cpp/cpp_node" to ""
[20.527s] -- Installing: /home/sxxxd/Downloads/amr_example_small/install/ros_cpp/share/ament_index/resource_index/package_run_dependencies/ros_cpp
[20.534s] -- Installing: /home/sxxxd/Downloads/amr_example_small/install/ros_cpp/share/ament_index/resource_index/parent_prefix_path/ros_cpp
[20.534s] -- Installing: /home/sxxxd/Downloads/amr_example_small/install/ros_cpp/share/ros_cpp/environment/ament_prefix_path.sh
[20.534s] -- Installing: /home/sxxxd/Downloads/amr_example_small/install/ros_cpp/share/ros_cpp/environment/ament_prefix_path.dsv
[20.534s] -- Installing: /home/sxxxd/Downloads/amr_example_small/install/ros_cpp/share/ros_cpp/environment/path.sh
[20.534s] -- Installing: /home/sxxxd/Downloads/amr_example_small/install/ros_cpp/share/ros_cpp/environment/path.dsv
[20.534s] -- Installing: /home/sxxxd/Downloads/amr_example_small/install/ros_cpp/share/ros_cpp/local_setup.bash
[20.534s] -- Installing: /home/sxxxd/Downloads/amr_example_small/install/ros_cpp/share/ros_cpp/local_setup.sh
[20.534s] -- Installing: /home/sxxxd/Downloads/amr_example_small/install/ros_cpp/share/ros_cpp/local_setup.zsh
[20.534s] -- Installing: /home/sxxxd/Downloads/amr_example_small/install/ros_cpp/share/ros_cpp/local_setup.dsv
[20.534s] -- Installing: /home/sxxxd/Downloads/amr_example_small/install/ros_cpp/share/ros_cpp/package.dsv
[20.534s] -- Installing: /home/sxxxd/Downloads/amr_example_small/install/ros_cpp/share/ament_index/resource_index/packages/ros_cpp
[20.568s] -- Installing: /home/sxxxd/Downloads/amr_example_small/install/ros_cpp/share/ros_cpp/cmake/ament_cmake_export_include_directories-extras.cmake
[20.569s] -- Installing: /home/sxxxd/Downloads/amr_example_small/install/ros_cpp/share/ros_cpp/cmake/ros_cppConfig.cmake
[20.569s] -- Installing: /home/sxxxd/Downloads/amr_example_small/install/ros_cpp/share/ros_cpp/cmake/ros_cppConfig-version.cmake
[20.570s] -- Installing: /home/sxxxd/Downloads/amr_example_small/install/ros_cpp/share/ros_cpp/package.xml
[20.571s] Invoked command in '/home/sxxxd/Downloads/amr_example_small/build/ros_cpp' returned '0': AMENT_PREFIX_PATH=/home/sxxxd/Downloads/amr_example_small/install/msg_package:${AMENT_PREFIX_PATH} CMAKE_PREFIX_PATH=/home/sxxxd/Downloads/amr_example_small/install/msg_package:/opt/ros/foxy LD_LIBRARY_PATH=/home/sxxxd/Downloads/amr_example_small/install/msg_package/lib:${LD_LIBRARY_PATH} PYTHONPATH=/home/sxxxd/Downloads/amr_example_small/install/msg_package/lib/python3.8/site-packages:${PYTHONPATH} /usr/bin/cmake --install /home/sxxxd/Downloads/amr_example_small/build/ros_cpp
