[0.299s] DEBUG:colcon:Command line arguments: ['/usr/bin/colcon', 'build', '--packages-select', 'ros_cpp']
[0.299s] DEBUG:colcon:Parsed command line arguments: Namespace(allow_overriding=[], ament_cmake_args=None, base_paths=['.'], build_base='build', catkin_cmake_args=None, catkin_skip_building_tests=False, cmake_args=None, cmake_clean_cache=False, cmake_clean_first=False, cmake_force_configure=False, cmake_target=None, cmake_target_skip_unavailable=False, continue_on_error=False, event_handlers=None, executor='parallel', ignore_user_meta=False, install_base='install', log_base=None, log_level=None, main=<bound method BuildVerb.main of <colcon_core.verb.build.BuildVerb object at 0x7ff94fb30dc0>>, merge_install=False, metas=['./colcon.meta'], packages_above=None, packages_above_and_dependencies=None, packages_above_depth=None, packages_end=None, packages_ignore=None, packages_ignore_regex=None, packages_select=['ros_cpp'], packages_select_build_failed=False, packages_select_by_dep=None, packages_select_regex=None, packages_select_test_failures=False, packages_skip=None, packages_skip_build_finished=False, packages_skip_by_dep=None, packages_skip_regex=None, packages_skip_test_passed=False, packages_skip_up_to=None, packages_start=None, packages_up_to=None, packages_up_to_regex=None, parallel_workers=8, paths=None, symlink_install=False, test_result_base=None, verb_extension=<colcon_core.verb.build.BuildVerb object at 0x7ff94fb30dc0>, verb_name='build', verb_parser=<colcon_defaults.argument_parser.defaults.DefaultArgumentsDecorator object at 0x7ff94faba370>)
[0.328s] Level 1:colcon.colcon_core.package_discovery:discover_packages(colcon_meta) check parameters
[0.328s] Level 1:colcon.colcon_core.package_discovery:discover_packages(recursive) check parameters
[0.328s] Level 1:colcon.colcon_core.package_discovery:discover_packages(ignore) check parameters
[0.328s] Level 1:colcon.colcon_core.package_discovery:discover_packages(path) check parameters
[0.328s] Level 1:colcon.colcon_core.package_discovery:discover_packages(colcon_meta) discover
[0.329s] Level 1:colcon.colcon_core.package_discovery:discover_packages(recursive) discover
[0.329s] INFO:colcon.colcon_core.package_discovery:Crawling recursively for packages in '/home/sxxxd/Downloads/amr_example_small'
[0.329s] Level 1:colcon.colcon_core.package_identification:_identify(.) by extensions ['ignore', 'ignore_ament_install']
[0.329s] Level 1:colcon.colcon_core.package_identification:_identify(.) by extension 'ignore'
[0.329s] Level 1:colcon.colcon_core.package_identification:_identify(.) by extension 'ignore_ament_install'
[0.329s] Level 1:colcon.colcon_core.package_identification:_identify(.) by extensions ['colcon_pkg']
[0.329s] Level 1:colcon.colcon_core.package_identification:_identify(.) by extension 'colcon_pkg'
[0.329s] Level 1:colcon.colcon_core.package_identification:_identify(.) by extensions ['colcon_meta']
[0.329s] Level 1:colcon.colcon_core.package_identification:_identify(.) by extension 'colcon_meta'
[0.329s] Level 1:colcon.colcon_core.package_identification:_identify(.) by extensions ['ros']
[0.329s] Level 1:colcon.colcon_core.package_identification:_identify(.) by extension 'ros'
[0.352s] Level 1:colcon.colcon_core.package_identification:_identify(.) by extensions ['cmake', 'python']
[0.352s] Level 1:colcon.colcon_core.package_identification:_identify(.) by extension 'cmake'
[0.352s] Level 1:colcon.colcon_core.package_identification:_identify(.) by extension 'python'
[0.352s] Level 1:colcon.colcon_core.package_identification:_identify(.) by extensions ['python_setup_py']
[0.352s] Level 1:colcon.colcon_core.package_identification:_identify(.) by extension 'python_setup_py'
[0.352s] Level 1:colcon.colcon_core.package_identification:_identify(build) by extensions ['ignore', 'ignore_ament_install']
[0.352s] Level 1:colcon.colcon_core.package_identification:_identify(build) by extension 'ignore'
[0.352s] Level 1:colcon.colcon_core.package_identification:_identify(build) ignored
[0.352s] Level 1:colcon.colcon_core.package_identification:_identify(configuration) by extensions ['ignore', 'ignore_ament_install']
[0.353s] Level 1:colcon.colcon_core.package_identification:_identify(configuration) by extension 'ignore'
[0.353s] Level 1:colcon.colcon_core.package_identification:_identify(configuration) by extension 'ignore_ament_install'
[0.353s] Level 1:colcon.colcon_core.package_identification:_identify(configuration) by extensions ['colcon_pkg']
[0.353s] Level 1:colcon.colcon_core.package_identification:_identify(configuration) by extension 'colcon_pkg'
[0.353s] Level 1:colcon.colcon_core.package_identification:_identify(configuration) by extensions ['colcon_meta']
[0.353s] Level 1:colcon.colcon_core.package_identification:_identify(configuration) by extension 'colcon_meta'
[0.353s] Level 1:colcon.colcon_core.package_identification:_identify(configuration) by extensions ['ros']
[0.353s] Level 1:colcon.colcon_core.package_identification:_identify(configuration) by extension 'ros'
[0.353s] Level 1:colcon.colcon_core.package_identification:_identify(configuration) by extensions ['cmake', 'python']
[0.353s] Level 1:colcon.colcon_core.package_identification:_identify(configuration) by extension 'cmake'
[0.353s] Level 1:colcon.colcon_core.package_identification:_identify(configuration) by extension 'python'
[0.353s] Level 1:colcon.colcon_core.package_identification:_identify(configuration) by extensions ['python_setup_py']
[0.353s] Level 1:colcon.colcon_core.package_identification:_identify(configuration) by extension 'python_setup_py'
[0.353s] Level 1:colcon.colcon_core.package_identification:_identify(install) by extensions ['ignore', 'ignore_ament_install']
[0.353s] Level 1:colcon.colcon_core.package_identification:_identify(install) by extension 'ignore'
[0.353s] Level 1:colcon.colcon_core.package_identification:_identify(install) ignored
[0.353s] Level 1:colcon.colcon_core.package_identification:_identify(log) by extensions ['ignore', 'ignore_ament_install']
[0.353s] Level 1:colcon.colcon_core.package_identification:_identify(log) by extension 'ignore'
[0.353s] Level 1:colcon.colcon_core.package_identification:_identify(log) ignored
[0.353s] Level 1:colcon.colcon_core.package_identification:_identify(msg_package) by extensions ['ignore', 'ignore_ament_install']
[0.353s] Level 1:colcon.colcon_core.package_identification:_identify(msg_package) by extension 'ignore'
[0.353s] Level 1:colcon.colcon_core.package_identification:_identify(msg_package) by extension 'ignore_ament_install'
[0.354s] Level 1:colcon.colcon_core.package_identification:_identify(msg_package) by extensions ['colcon_pkg']
[0.354s] Level 1:colcon.colcon_core.package_identification:_identify(msg_package) by extension 'colcon_pkg'
[0.354s] Level 1:colcon.colcon_core.package_identification:_identify(msg_package) by extensions ['colcon_meta']
[0.354s] Level 1:colcon.colcon_core.package_identification:_identify(msg_package) by extension 'colcon_meta'
[0.354s] Level 1:colcon.colcon_core.package_identification:_identify(msg_package) by extensions ['ros']
[0.354s] Level 1:colcon.colcon_core.package_identification:_identify(msg_package) by extension 'ros'
[0.357s] DEBUG:colcon.colcon_core.package_identification:Package 'msg_package' with type 'ros.ament_cmake' and name 'msg_package'
[0.357s] Level 1:colcon.colcon_core.package_identification:_identify(order_optimizer) by extensions ['ignore', 'ignore_ament_install']
[0.357s] Level 1:colcon.colcon_core.package_identification:_identify(order_optimizer) by extension 'ignore'
[0.357s] Level 1:colcon.colcon_core.package_identification:_identify(order_optimizer) by extension 'ignore_ament_install'
[0.357s] Level 1:colcon.colcon_core.package_identification:_identify(order_optimizer) by extensions ['colcon_pkg']
[0.357s] Level 1:colcon.colcon_core.package_identification:_identify(order_optimizer) by extension 'colcon_pkg'
[0.357s] Level 1:colcon.colcon_core.package_identification:_identify(order_optimizer) by extensions ['colcon_meta']
[0.357s] Level 1:colcon.colcon_core.package_identification:_identify(order_optimizer) by extension 'colcon_meta'
[0.357s] Level 1:colcon.colcon_core.package_identification:_identify(order_optimizer) by extensions ['ros']
[0.357s] Level 1:colcon.colcon_core.package_identification:_identify(order_optimizer) by extension 'ros'
[0.358s] DEBUG:colcon.colcon_core.package_identification:Package 'order_optimizer' with type 'ros.ament_cmake' and name 'order_optimizer'
[0.358s] Level 1:colcon.colcon_core.package_identification:_identify(orders) by extensions ['ignore', 'ignore_ament_install']
[0.358s] Level 1:colcon.colcon_core.package_identification:_identify(orders) by extension 'ignore'
[0.358s] Level 1:colcon.colcon_core.package_identification:_identify(orders) by extension 'ignore_ament_install'
[0.358s] Level 1:colcon.colcon_core.package_identification:_identify(orders) by extensions ['colcon_pkg']
[0.358s] Level 1:colcon.colcon_core.package_identification:_identify(orders) by extension 'colcon_pkg'
[0.358s] Level 1:colcon.colcon_core.package_identification:_identify(orders) by extensions ['colcon_meta']
[0.358s] Level 1:colcon.colcon_core.package_identification:_identify(orders) by extension 'colcon_meta'
[0.358s] Level 1:colcon.colcon_core.package_identification:_identify(orders) by extensions ['ros']
[0.358s] Level 1:colcon.colcon_core.package_identification:_identify(orders) by extension 'ros'
[0.358s] Level 1:colcon.colcon_core.package_identification:_identify(orders) by extensions ['cmake', 'python']
[0.359s] Level 1:colcon.colcon_core.package_identification:_identify(orders) by extension 'cmake'
[0.359s] Level 1:colcon.colcon_core.package_identification:_identify(orders) by extension 'python'
[0.359s] Level 1:colcon.colcon_core.package_identification:_identify(orders) by extensions ['python_setup_py']
[0.359s] Level 1:colcon.colcon_core.package_identification:_identify(orders) by extension 'python_setup_py'
[0.359s] Level 1:colcon.colcon_core.package_identification:_identify(ros_cpp) by extensions ['ignore', 'ignore_ament_install']
[0.359s] Level 1:colcon.colcon_core.package_identification:_identify(ros_cpp) by extension 'ignore'
[0.359s] Level 1:colcon.colcon_core.package_identification:_identify(ros_cpp) by extension 'ignore_ament_install'
[0.359s] Level 1:colcon.colcon_core.package_identification:_identify(ros_cpp) by extensions ['colcon_pkg']
[0.359s] Level 1:colcon.colcon_core.package_identification:_identify(ros_cpp) by extension 'colcon_pkg'
[0.359s] Level 1:colcon.colcon_core.package_identification:_identify(ros_cpp) by extensions ['colcon_meta']
[0.359s] Level 1:colcon.colcon_core.package_identification:_identify(ros_cpp) by extension 'colcon_meta'
[0.359s] Level 1:colcon.colcon_core.package_identification:_identify(ros_cpp) by extensions ['ros']
[0.359s] Level 1:colcon.colcon_core.package_identification:_identify(ros_cpp) by extension 'ros'
[0.360s] DEBUG:colcon.colcon_core.package_identification:Package 'ros_cpp' with type 'ros.ament_cmake' and name 'ros_cpp'
[0.360s] Level 1:colcon.colcon_core.package_discovery:discover_packages(recursive) using defaults
[0.360s] Level 1:colcon.colcon_core.package_discovery:discover_packages(ignore) discover
[0.360s] Level 1:colcon.colcon_core.package_discovery:discover_packages(ignore) using defaults
[0.360s] Level 1:colcon.colcon_core.package_discovery:discover_packages(path) discover
[0.360s] Level 1:colcon.colcon_core.package_discovery:discover_packages(path) using defaults
[0.379s] INFO:colcon.colcon_core.package_selection:Skipping not selected package 'msg_package' in 'msg_package'
[0.379s] INFO:colcon.colcon_core.package_selection:Skipping not selected package 'order_optimizer' in 'order_optimizer'
[0.380s] Level 1:colcon.colcon_core.package_discovery:discover_packages(prefix_path) check parameters
[0.380s] Level 1:colcon.colcon_core.package_discovery:discover_packages(prefix_path) discover
[0.383s] DEBUG:colcon.colcon_installed_package_information.package_discovery:Found 256 installed packages in /opt/ros/foxy
[0.384s] Level 1:colcon.colcon_core.package_discovery:discover_packages(prefix_path) using defaults
[0.450s] Level 5:colcon.colcon_core.verb:set package 'ros_cpp' build argument 'cmake_args' from command line to 'None'
[0.450s] Level 5:colcon.colcon_core.verb:set package 'ros_cpp' build argument 'cmake_target' from command line to 'None'
[0.450s] Level 5:colcon.colcon_core.verb:set package 'ros_cpp' build argument 'cmake_target_skip_unavailable' from command line to 'False'
[0.450s] Level 5:colcon.colcon_core.verb:set package 'ros_cpp' build argument 'cmake_clean_cache' from command line to 'False'
[0.450s] Level 5:colcon.colcon_core.verb:set package 'ros_cpp' build argument 'cmake_clean_first' from command line to 'False'
[0.450s] Level 5:colcon.colcon_core.verb:set package 'ros_cpp' build argument 'cmake_force_configure' from command line to 'False'
[0.450s] Level 5:colcon.colcon_core.verb:set package 'ros_cpp' build argument 'ament_cmake_args' from command line to 'None'
[0.450s] Level 5:colcon.colcon_core.verb:set package 'ros_cpp' build argument 'catkin_cmake_args' from command line to 'None'
[0.450s] Level 5:colcon.colcon_core.verb:set package 'ros_cpp' build argument 'catkin_skip_building_tests' from command line to 'False'
[0.450s] DEBUG:colcon.colcon_core.verb:Building package 'ros_cpp' with the following arguments: {'ament_cmake_args': None, 'build_base': '/home/sxxxd/Downloads/amr_example_small/build/ros_cpp', 'catkin_cmake_args': None, 'catkin_skip_building_tests': False, 'cmake_args': None, 'cmake_clean_cache': False, 'cmake_clean_first': False, 'cmake_force_configure': False, 'cmake_target': None, 'cmake_target_skip_unavailable': False, 'install_base': '/home/sxxxd/Downloads/amr_example_small/install/ros_cpp', 'merge_install': False, 'path': '/home/sxxxd/Downloads/amr_example_small/ros_cpp', 'symlink_install': False, 'test_result_base': None}
[0.451s] INFO:colcon.colcon_core.executor:Executing jobs using 'parallel' executor
[0.455s] DEBUG:colcon.colcon_parallel_executor.executor.parallel:run_until_complete
[0.455s] INFO:colcon.colcon_ros.task.ament_cmake.build:Building ROS package in '/home/sxxxd/Downloads/amr_example_small/ros_cpp' with build type 'ament_cmake'
[0.455s] INFO:colcon.colcon_cmake.task.cmake.build:Building CMake package in '/home/sxxxd/Downloads/amr_example_small/ros_cpp'
[0.478s] INFO:colcon.colcon_core.plugin_system:Skipping extension 'colcon_core.shell.bat': Not used on non-Windows systems
[0.478s] INFO:colcon.colcon_core.shell:Skip shell extension 'powershell' for command environment: Not usable outside of PowerShell
[0.478s] DEBUG:colcon.colcon_core.shell:Skip shell extension 'dsv' for command environment
[0.485s] ERROR:colcon.colcon_cmake.task.cmake.build:Failed to find the following files:
- /home/sxxxd/Downloads/amr_example_small/install/msg_package/share/msg_package/package.sh
Check that the following packages have been built:
- msg_package
[0.486s] Level 1:colcon.colcon_core.environment:create_environment_scripts_only(ros_cpp)
[0.496s] Level 1:colcon.colcon_core.environment:checking '/home/sxxxd/Downloads/amr_example_small/install/ros_cpp' for CMake module files
[0.496s] Level 1:colcon.colcon_core.environment:checking '/home/sxxxd/Downloads/amr_example_small/install/ros_cpp' for CMake config files
[0.497s] Level 1:colcon.colcon_core.environment:checking '/home/sxxxd/Downloads/amr_example_small/install/ros_cpp/bin'
[0.497s] Level 1:colcon.colcon_core.environment:checking '/home/sxxxd/Downloads/amr_example_small/install/ros_cpp/lib/pkgconfig/ros_cpp.pc'
[0.497s] Level 1:colcon.colcon_core.environment:checking '/home/sxxxd/Downloads/amr_example_small/install/ros_cpp/lib/python3.8/site-packages'
[0.497s] Level 1:colcon.colcon_core.environment:checking '/home/sxxxd/Downloads/amr_example_small/install/ros_cpp/bin'
[0.498s] INFO:colcon.colcon_core.shell:Creating package script '/home/sxxxd/Downloads/amr_example_small/install/ros_cpp/share/ros_cpp/package.ps1'
[0.502s] INFO:colcon.colcon_core.shell:Creating package descriptor '/home/sxxxd/Downloads/amr_example_small/install/ros_cpp/share/ros_cpp/package.dsv'
[0.503s] INFO:colcon.colcon_core.shell:Creating package script '/home/sxxxd/Downloads/amr_example_small/install/ros_cpp/share/ros_cpp/package.sh'
[0.504s] INFO:colcon.colcon_core.shell:Creating package script '/home/sxxxd/Downloads/amr_example_small/install/ros_cpp/share/ros_cpp/package.bash'
[0.505s] INFO:colcon.colcon_core.shell:Creating package script '/home/sxxxd/Downloads/amr_example_small/install/ros_cpp/share/ros_cpp/package.zsh'
[0.509s] Level 1:colcon.colcon_core.environment:create_file_with_runtime_dependencies(/home/sxxxd/Downloads/amr_example_small/install/ros_cpp/share/colcon-core/packages/ros_cpp)
[0.534s] DEBUG:colcon.colcon_parallel_executor.executor.parallel:closing loop
[0.534s] DEBUG:colcon.colcon_parallel_executor.executor.parallel:loop closed
[0.534s] DEBUG:colcon.colcon_parallel_executor.executor.parallel:run_until_complete finished with '1'
[0.539s] DEBUG:colcon.colcon_core.event_reactor:joining thread
[0.614s] INFO:colcon.colcon_core.plugin_system:Skipping extension 'colcon_notification.desktop_notification.terminal_notifier': Not used on non-Darwin systems
[0.614s] INFO:colcon.colcon_core.plugin_system:Skipping extension 'colcon_notification.desktop_notification.win32': Not used on non-Windows systems
[0.614s] INFO:colcon.colcon_notification.desktop_notification:Sending desktop notification using 'notify2'
[0.830s] DEBUG:colcon.colcon_core.event_reactor:joined thread
[0.832s] INFO:colcon.colcon_core.shell:Creating prefix script '/home/sxxxd/Downloads/amr_example_small/install/local_setup.ps1'
[0.834s] INFO:colcon.colcon_core.shell:Creating prefix util module '/home/sxxxd/Downloads/amr_example_small/install/_local_setup_util_ps1.py'
[0.837s] INFO:colcon.colcon_core.shell:Creating prefix chain script '/home/sxxxd/Downloads/amr_example_small/install/setup.ps1'
[0.844s] INFO:colcon.colcon_core.shell:Creating prefix script '/home/sxxxd/Downloads/amr_example_small/install/local_setup.sh'
[0.890s] INFO:colcon.colcon_core.shell:Creating prefix util module '/home/sxxxd/Downloads/amr_example_small/install/_local_setup_util_sh.py'
[0.897s] INFO:colcon.colcon_core.shell:Creating prefix chain script '/home/sxxxd/Downloads/amr_example_small/install/setup.sh'
[0.912s] INFO:colcon.colcon_core.shell:Creating prefix script '/home/sxxxd/Downloads/amr_example_small/install/local_setup.bash'
[0.946s] INFO:colcon.colcon_core.shell:Creating prefix chain script '/home/sxxxd/Downloads/amr_example_small/install/setup.bash'
[0.961s] INFO:colcon.colcon_core.shell:Creating prefix script '/home/sxxxd/Downloads/amr_example_small/install/local_setup.zsh'
[0.977s] INFO:colcon.colcon_core.shell:Creating prefix chain script '/home/sxxxd/Downloads/amr_example_small/install/setup.zsh'
