[0.442s] DEBUG:colcon:Command line arguments: ['/usr/bin/colcon', 'build']
[0.442s] DEBUG:colcon:Parsed command line arguments: Namespace(allow_overriding=[], ament_cmake_args=None, base_paths=['.'], build_base='build', catkin_cmake_args=None, catkin_skip_building_tests=False, cmake_args=None, cmake_clean_cache=False, cmake_clean_first=False, cmake_force_configure=False, cmake_target=None, cmake_target_skip_unavailable=False, continue_on_error=False, event_handlers=None, executor='parallel', ignore_user_meta=False, install_base='install', log_base=None, log_level=None, main=<bound method BuildVerb.main of <colcon_core.verb.build.BuildVerb object at 0x7f7b0a5a17f0>>, merge_install=False, metas=['./colcon.meta'], packages_above=None, packages_above_and_dependencies=None, packages_above_depth=None, packages_end=None, packages_ignore=None, packages_ignore_regex=None, packages_select=None, packages_select_build_failed=False, packages_select_by_dep=None, packages_select_regex=None, packages_select_test_failures=False, packages_skip=None, packages_skip_build_finished=False, packages_skip_by_dep=None, packages_skip_regex=None, packages_skip_test_passed=False, packages_skip_up_to=None, packages_start=None, packages_up_to=None, packages_up_to_regex=None, parallel_workers=8, paths=None, symlink_install=False, test_result_base=None, verb_extension=<colcon_core.verb.build.BuildVerb object at 0x7f7b0a5a17f0>, verb_name='build', verb_parser=<colcon_defaults.argument_parser.defaults.DefaultArgumentsDecorator object at 0x7f7b0a52a4f0>)
[0.487s] Level 1:colcon.colcon_core.package_discovery:discover_packages(colcon_meta) check parameters
[0.487s] Level 1:colcon.colcon_core.package_discovery:discover_packages(recursive) check parameters
[0.487s] Level 1:colcon.colcon_core.package_discovery:discover_packages(ignore) check parameters
[0.487s] Level 1:colcon.colcon_core.package_discovery:discover_packages(path) check parameters
[0.487s] Level 1:colcon.colcon_core.package_discovery:discover_packages(colcon_meta) discover
[0.487s] Level 1:colcon.colcon_core.package_discovery:discover_packages(recursive) discover
[0.488s] INFO:colcon.colcon_core.package_discovery:Crawling recursively for packages in '/home/sxxxd/Downloads/amr_example_small'
[0.488s] Level 1:colcon.colcon_core.package_identification:_identify(.) by extensions ['ignore', 'ignore_ament_install']
[0.488s] Level 1:colcon.colcon_core.package_identification:_identify(.) by extension 'ignore'
[0.488s] Level 1:colcon.colcon_core.package_identification:_identify(.) by extension 'ignore_ament_install'
[0.488s] Level 1:colcon.colcon_core.package_identification:_identify(.) by extensions ['colcon_pkg']
[0.488s] Level 1:colcon.colcon_core.package_identification:_identify(.) by extension 'colcon_pkg'
[0.488s] Level 1:colcon.colcon_core.package_identification:_identify(.) by extensions ['colcon_meta']
[0.488s] Level 1:colcon.colcon_core.package_identification:_identify(.) by extension 'colcon_meta'
[0.488s] Level 1:colcon.colcon_core.package_identification:_identify(.) by extensions ['ros']
[0.488s] Level 1:colcon.colcon_core.package_identification:_identify(.) by extension 'ros'
[0.522s] Level 1:colcon.colcon_core.package_identification:_identify(.) by extensions ['cmake', 'python']
[0.522s] Level 1:colcon.colcon_core.package_identification:_identify(.) by extension 'cmake'
[0.522s] Level 1:colcon.colcon_core.package_identification:_identify(.) by extension 'python'
[0.522s] Level 1:colcon.colcon_core.package_identification:_identify(.) by extensions ['python_setup_py']
[0.522s] Level 1:colcon.colcon_core.package_identification:_identify(.) by extension 'python_setup_py'
[0.522s] Level 1:colcon.colcon_core.package_identification:_identify(build) by extensions ['ignore', 'ignore_ament_install']
[0.523s] Level 1:colcon.colcon_core.package_identification:_identify(build) by extension 'ignore'
[0.523s] Level 1:colcon.colcon_core.package_identification:_identify(build) ignored
[0.523s] Level 1:colcon.colcon_core.package_identification:_identify(configuration) by extensions ['ignore', 'ignore_ament_install']
[0.523s] Level 1:colcon.colcon_core.package_identification:_identify(configuration) by extension 'ignore'
[0.523s] Level 1:colcon.colcon_core.package_identification:_identify(configuration) by extension 'ignore_ament_install'
[0.523s] Level 1:colcon.colcon_core.package_identification:_identify(configuration) by extensions ['colcon_pkg']
[0.523s] Level 1:colcon.colcon_core.package_identification:_identify(configuration) by extension 'colcon_pkg'
[0.523s] Level 1:colcon.colcon_core.package_identification:_identify(configuration) by extensions ['colcon_meta']
[0.523s] Level 1:colcon.colcon_core.package_identification:_identify(configuration) by extension 'colcon_meta'
[0.523s] Level 1:colcon.colcon_core.package_identification:_identify(configuration) by extensions ['ros']
[0.523s] Level 1:colcon.colcon_core.package_identification:_identify(configuration) by extension 'ros'
[0.524s] Level 1:colcon.colcon_core.package_identification:_identify(configuration) by extensions ['cmake', 'python']
[0.524s] Level 1:colcon.colcon_core.package_identification:_identify(configuration) by extension 'cmake'
[0.524s] Level 1:colcon.colcon_core.package_identification:_identify(configuration) by extension 'python'
[0.524s] Level 1:colcon.colcon_core.package_identification:_identify(configuration) by extensions ['python_setup_py']
[0.524s] Level 1:colcon.colcon_core.package_identification:_identify(configuration) by extension 'python_setup_py'
[0.524s] Level 1:colcon.colcon_core.package_identification:_identify(install) by extensions ['ignore', 'ignore_ament_install']
[0.524s] Level 1:colcon.colcon_core.package_identification:_identify(install) by extension 'ignore'
[0.524s] Level 1:colcon.colcon_core.package_identification:_identify(install) ignored
[0.524s] Level 1:colcon.colcon_core.package_identification:_identify(log) by extensions ['ignore', 'ignore_ament_install']
[0.525s] Level 1:colcon.colcon_core.package_identification:_identify(log) by extension 'ignore'
[0.525s] Level 1:colcon.colcon_core.package_identification:_identify(log) ignored
[0.525s] Level 1:colcon.colcon_core.package_identification:_identify(msg_package) by extensions ['ignore', 'ignore_ament_install']
[0.525s] Level 1:colcon.colcon_core.package_identification:_identify(msg_package) by extension 'ignore'
[0.525s] Level 1:colcon.colcon_core.package_identification:_identify(msg_package) by extension 'ignore_ament_install'
[0.525s] Level 1:colcon.colcon_core.package_identification:_identify(msg_package) by extensions ['colcon_pkg']
[0.525s] Level 1:colcon.colcon_core.package_identification:_identify(msg_package) by extension 'colcon_pkg'
[0.525s] Level 1:colcon.colcon_core.package_identification:_identify(msg_package) by extensions ['colcon_meta']
[0.525s] Level 1:colcon.colcon_core.package_identification:_identify(msg_package) by extension 'colcon_meta'
[0.525s] Level 1:colcon.colcon_core.package_identification:_identify(msg_package) by extensions ['ros']
[0.525s] Level 1:colcon.colcon_core.package_identification:_identify(msg_package) by extension 'ros'
[0.529s] DEBUG:colcon.colcon_core.package_identification:Package 'msg_package' with type 'ros.ament_cmake' and name 'msg_package'
[0.529s] Level 1:colcon.colcon_core.package_identification:_identify(order_optimizer) by extensions ['ignore', 'ignore_ament_install']
[0.529s] Level 1:colcon.colcon_core.package_identification:_identify(order_optimizer) by extension 'ignore'
[0.529s] Level 1:colcon.colcon_core.package_identification:_identify(order_optimizer) by extension 'ignore_ament_install'
[0.529s] Level 1:colcon.colcon_core.package_identification:_identify(order_optimizer) by extensions ['colcon_pkg']
[0.530s] Level 1:colcon.colcon_core.package_identification:_identify(order_optimizer) by extension 'colcon_pkg'
[0.530s] Level 1:colcon.colcon_core.package_identification:_identify(order_optimizer) by extensions ['colcon_meta']
[0.530s] Level 1:colcon.colcon_core.package_identification:_identify(order_optimizer) by extension 'colcon_meta'
[0.530s] Level 1:colcon.colcon_core.package_identification:_identify(order_optimizer) by extensions ['ros']
[0.531s] Level 1:colcon.colcon_core.package_identification:_identify(order_optimizer) by extension 'ros'
[0.532s] DEBUG:colcon.colcon_core.package_identification:Package 'order_optimizer' with type 'ros.ament_cmake' and name 'order_optimizer'
[0.532s] Level 1:colcon.colcon_core.package_identification:_identify(orders) by extensions ['ignore', 'ignore_ament_install']
[0.532s] Level 1:colcon.colcon_core.package_identification:_identify(orders) by extension 'ignore'
[0.532s] Level 1:colcon.colcon_core.package_identification:_identify(orders) by extension 'ignore_ament_install'
[0.532s] Level 1:colcon.colcon_core.package_identification:_identify(orders) by extensions ['colcon_pkg']
[0.532s] Level 1:colcon.colcon_core.package_identification:_identify(orders) by extension 'colcon_pkg'
[0.532s] Level 1:colcon.colcon_core.package_identification:_identify(orders) by extensions ['colcon_meta']
[0.532s] Level 1:colcon.colcon_core.package_identification:_identify(orders) by extension 'colcon_meta'
[0.532s] Level 1:colcon.colcon_core.package_identification:_identify(orders) by extensions ['ros']
[0.533s] Level 1:colcon.colcon_core.package_identification:_identify(orders) by extension 'ros'
[0.533s] Level 1:colcon.colcon_core.package_identification:_identify(orders) by extensions ['cmake', 'python']
[0.533s] Level 1:colcon.colcon_core.package_identification:_identify(orders) by extension 'cmake'
[0.533s] Level 1:colcon.colcon_core.package_identification:_identify(orders) by extension 'python'
[0.533s] Level 1:colcon.colcon_core.package_identification:_identify(orders) by extensions ['python_setup_py']
[0.533s] Level 1:colcon.colcon_core.package_identification:_identify(orders) by extension 'python_setup_py'
[0.533s] Level 1:colcon.colcon_core.package_identification:_identify(ros_cpp) by extensions ['ignore', 'ignore_ament_install']
[0.534s] Level 1:colcon.colcon_core.package_identification:_identify(ros_cpp) by extension 'ignore'
[0.534s] Level 1:colcon.colcon_core.package_identification:_identify(ros_cpp) by extension 'ignore_ament_install'
[0.534s] Level 1:colcon.colcon_core.package_identification:_identify(ros_cpp) by extensions ['colcon_pkg']
[0.534s] Level 1:colcon.colcon_core.package_identification:_identify(ros_cpp) by extension 'colcon_pkg'
[0.534s] Level 1:colcon.colcon_core.package_identification:_identify(ros_cpp) by extensions ['colcon_meta']
[0.534s] Level 1:colcon.colcon_core.package_identification:_identify(ros_cpp) by extension 'colcon_meta'
[0.534s] Level 1:colcon.colcon_core.package_identification:_identify(ros_cpp) by extensions ['ros']
[0.534s] Level 1:colcon.colcon_core.package_identification:_identify(ros_cpp) by extension 'ros'
[0.535s] DEBUG:colcon.colcon_core.package_identification:Package 'ros_cpp' with type 'ros.ament_cmake' and name 'ros_cpp'
[0.536s] Level 1:colcon.colcon_core.package_discovery:discover_packages(recursive) using defaults
[0.536s] Level 1:colcon.colcon_core.package_discovery:discover_packages(ignore) discover
[0.536s] Level 1:colcon.colcon_core.package_discovery:discover_packages(ignore) using defaults
[0.536s] Level 1:colcon.colcon_core.package_discovery:discover_packages(path) discover
[0.536s] Level 1:colcon.colcon_core.package_discovery:discover_packages(path) using defaults
[0.571s] Level 1:colcon.colcon_core.package_discovery:discover_packages(prefix_path) check parameters
[0.571s] Level 1:colcon.colcon_core.package_discovery:discover_packages(prefix_path) discover
[0.580s] DEBUG:colcon.colcon_installed_package_information.package_discovery:Found 3 installed packages in /home/sxxxd/Downloads/amr_example_small/install
[0.581s] DEBUG:colcon.colcon_installed_package_information.package_discovery:Found 256 installed packages in /opt/ros/foxy
[0.583s] Level 1:colcon.colcon_core.package_discovery:discover_packages(prefix_path) using defaults
[0.703s] Level 5:colcon.colcon_core.verb:set package 'msg_package' build argument 'cmake_args' from command line to 'None'
[0.703s] Level 5:colcon.colcon_core.verb:set package 'msg_package' build argument 'cmake_target' from command line to 'None'
[0.703s] Level 5:colcon.colcon_core.verb:set package 'msg_package' build argument 'cmake_target_skip_unavailable' from command line to 'False'
[0.704s] Level 5:colcon.colcon_core.verb:set package 'msg_package' build argument 'cmake_clean_cache' from command line to 'False'
[0.704s] Level 5:colcon.colcon_core.verb:set package 'msg_package' build argument 'cmake_clean_first' from command line to 'False'
[0.704s] Level 5:colcon.colcon_core.verb:set package 'msg_package' build argument 'cmake_force_configure' from command line to 'False'
[0.704s] Level 5:colcon.colcon_core.verb:set package 'msg_package' build argument 'ament_cmake_args' from command line to 'None'
[0.704s] Level 5:colcon.colcon_core.verb:set package 'msg_package' build argument 'catkin_cmake_args' from command line to 'None'
[0.704s] Level 5:colcon.colcon_core.verb:set package 'msg_package' build argument 'catkin_skip_building_tests' from command line to 'False'
[0.704s] DEBUG:colcon.colcon_core.verb:Building package 'msg_package' with the following arguments: {'ament_cmake_args': None, 'build_base': '/home/sxxxd/Downloads/amr_example_small/build/msg_package', 'catkin_cmake_args': None, 'catkin_skip_building_tests': False, 'cmake_args': None, 'cmake_clean_cache': False, 'cmake_clean_first': False, 'cmake_force_configure': False, 'cmake_target': None, 'cmake_target_skip_unavailable': False, 'install_base': '/home/sxxxd/Downloads/amr_example_small/install/msg_package', 'merge_install': False, 'path': '/home/sxxxd/Downloads/amr_example_small/msg_package', 'symlink_install': False, 'test_result_base': None}
[0.706s] Level 5:colcon.colcon_core.verb:set package 'order_optimizer' build argument 'cmake_args' from command line to 'None'
[0.706s] Level 5:colcon.colcon_core.verb:set package 'order_optimizer' build argument 'cmake_target' from command line to 'None'
[0.706s] Level 5:colcon.colcon_core.verb:set package 'order_optimizer' build argument 'cmake_target_skip_unavailable' from command line to 'False'
[0.706s] Level 5:colcon.colcon_core.verb:set package 'order_optimizer' build argument 'cmake_clean_cache' from command line to 'False'
[0.706s] Level 5:colcon.colcon_core.verb:set package 'order_optimizer' build argument 'cmake_clean_first' from command line to 'False'
[0.706s] Level 5:colcon.colcon_core.verb:set package 'order_optimizer' build argument 'cmake_force_configure' from command line to 'False'
[0.706s] Level 5:colcon.colcon_core.verb:set package 'order_optimizer' build argument 'ament_cmake_args' from command line to 'None'
[0.706s] Level 5:colcon.colcon_core.verb:set package 'order_optimizer' build argument 'catkin_cmake_args' from command line to 'None'
[0.706s] Level 5:colcon.colcon_core.verb:set package 'order_optimizer' build argument 'catkin_skip_building_tests' from command line to 'False'
[0.706s] DEBUG:colcon.colcon_core.verb:Building package 'order_optimizer' with the following arguments: {'ament_cmake_args': None, 'build_base': '/home/sxxxd/Downloads/amr_example_small/build/order_optimizer', 'catkin_cmake_args': None, 'catkin_skip_building_tests': False, 'cmake_args': None, 'cmake_clean_cache': False, 'cmake_clean_first': False, 'cmake_force_configure': False, 'cmake_target': None, 'cmake_target_skip_unavailable': False, 'install_base': '/home/sxxxd/Downloads/amr_example_small/install/order_optimizer', 'merge_install': False, 'path': '/home/sxxxd/Downloads/amr_example_small/order_optimizer', 'symlink_install': False, 'test_result_base': None}
[0.708s] Level 5:colcon.colcon_core.verb:set package 'ros_cpp' build argument 'cmake_args' from command line to 'None'
[0.708s] Level 5:colcon.colcon_core.verb:set package 'ros_cpp' build argument 'cmake_target' from command line to 'None'
[0.708s] Level 5:colcon.colcon_core.verb:set package 'ros_cpp' build argument 'cmake_target_skip_unavailable' from command line to 'False'
[0.708s] Level 5:colcon.colcon_core.verb:set package 'ros_cpp' build argument 'cmake_clean_cache' from command line to 'False'
[0.708s] Level 5:colcon.colcon_core.verb:set package 'ros_cpp' build argument 'cmake_clean_first' from command line to 'False'
[0.708s] Level 5:colcon.colcon_core.verb:set package 'ros_cpp' build argument 'cmake_force_configure' from command line to 'False'
[0.708s] Level 5:colcon.colcon_core.verb:set package 'ros_cpp' build argument 'ament_cmake_args' from command line to 'None'
[0.708s] Level 5:colcon.colcon_core.verb:set package 'ros_cpp' build argument 'catkin_cmake_args' from command line to 'None'
[0.708s] Level 5:colcon.colcon_core.verb:set package 'ros_cpp' build argument 'catkin_skip_building_tests' from command line to 'False'
[0.708s] DEBUG:colcon.colcon_core.verb:Building package 'ros_cpp' with the following arguments: {'ament_cmake_args': None, 'build_base': '/home/sxxxd/Downloads/amr_example_small/build/ros_cpp', 'catkin_cmake_args': None, 'catkin_skip_building_tests': False, 'cmake_args': None, 'cmake_clean_cache': False, 'cmake_clean_first': False, 'cmake_force_configure': False, 'cmake_target': None, 'cmake_target_skip_unavailable': False, 'install_base': '/home/sxxxd/Downloads/amr_example_small/install/ros_cpp', 'merge_install': False, 'path': '/home/sxxxd/Downloads/amr_example_small/ros_cpp', 'symlink_install': False, 'test_result_base': None}
[0.710s] INFO:colcon.colcon_core.executor:Executing jobs using 'parallel' executor
[0.715s] DEBUG:colcon.colcon_parallel_executor.executor.parallel:run_until_complete
[0.715s] INFO:colcon.colcon_ros.task.ament_cmake.build:Building ROS package in '/home/sxxxd/Downloads/amr_example_small/msg_package' with build type 'ament_cmake'
[0.716s] INFO:colcon.colcon_cmake.task.cmake.build:Building CMake package in '/home/sxxxd/Downloads/amr_example_small/msg_package'
[0.726s] INFO:colcon.colcon_core.plugin_system:Skipping extension 'colcon_core.shell.bat': Not used on non-Windows systems
[0.727s] INFO:colcon.colcon_core.shell:Skip shell extension 'powershell' for command environment: Not usable outside of PowerShell
[0.727s] DEBUG:colcon.colcon_core.shell:Skip shell extension 'dsv' for command environment
[0.764s] INFO:colcon.colcon_ros.task.ament_cmake.build:Building ROS package in '/home/sxxxd/Downloads/amr_example_small/order_optimizer' with build type 'ament_cmake'
[0.771s] INFO:colcon.colcon_cmake.task.cmake.build:Building CMake package in '/home/sxxxd/Downloads/amr_example_small/order_optimizer'
[0.809s] INFO:colcon.colcon_core.shell:Skip shell extension 'powershell' for command environment: Not usable outside of PowerShell
[0.813s] DEBUG:colcon.colcon_core.shell:Skip shell extension 'dsv' for command environment
[0.959s] DEBUG:colcon.colcon_core.event_handler.log_command:Invoking command in '/home/sxxxd/Downloads/amr_example_small/build/msg_package': CMAKE_PREFIX_PATH=${CMAKE_PREFIX_PATH}:/opt/ros/foxy /usr/bin/cmake --build /home/sxxxd/Downloads/amr_example_small/build/msg_package -- -j8 -l8
[1.016s] DEBUG:colcon.colcon_core.event_handler.log_command:Invoking command in '/home/sxxxd/Downloads/amr_example_small/build/order_optimizer': CMAKE_PREFIX_PATH=${CMAKE_PREFIX_PATH}:/opt/ros/foxy /usr/bin/cmake --build /home/sxxxd/Downloads/amr_example_small/build/order_optimizer -- -j8 -l8
[1.534s] DEBUG:colcon.colcon_core.event_handler.log_command:Invoked command in '/home/sxxxd/Downloads/amr_example_small/build/msg_package' returned '0': CMAKE_PREFIX_PATH=${CMAKE_PREFIX_PATH}:/opt/ros/foxy /usr/bin/cmake --build /home/sxxxd/Downloads/amr_example_small/build/msg_package -- -j8 -l8
[1.928s] DEBUG:colcon.colcon_core.event_handler.log_command:Invoked command in '/home/sxxxd/Downloads/amr_example_small/build/order_optimizer' returned '0': CMAKE_PREFIX_PATH=${CMAKE_PREFIX_PATH}:/opt/ros/foxy /usr/bin/cmake --build /home/sxxxd/Downloads/amr_example_small/build/order_optimizer -- -j8 -l8
[2.248s] DEBUG:colcon.colcon_core.event_handler.log_command:Invoking command in '/home/sxxxd/Downloads/amr_example_small/build/order_optimizer': CMAKE_PREFIX_PATH=${CMAKE_PREFIX_PATH}:/opt/ros/foxy /usr/bin/cmake --install /home/sxxxd/Downloads/amr_example_small/build/order_optimizer
[2.454s] Level 1:colcon.colcon_core.environment:create_environment_scripts_only(order_optimizer)
[2.454s] DEBUG:colcon.colcon_core.event_handler.log_command:Invoked command in '/home/sxxxd/Downloads/amr_example_small/build/order_optimizer' returned '0': CMAKE_PREFIX_PATH=${CMAKE_PREFIX_PATH}:/opt/ros/foxy /usr/bin/cmake --install /home/sxxxd/Downloads/amr_example_small/build/order_optimizer
[2.477s] Level 1:colcon.colcon_core.environment:checking '/home/sxxxd/Downloads/amr_example_small/install/order_optimizer' for CMake module files
[2.481s] Level 1:colcon.colcon_core.environment:checking '/home/sxxxd/Downloads/amr_example_small/install/order_optimizer' for CMake config files
[2.483s] Level 1:colcon.colcon_core.shell:create_environment_hook('order_optimizer', 'cmake_prefix_path')
[2.487s] INFO:colcon.colcon_core.shell:Creating environment hook '/home/sxxxd/Downloads/amr_example_small/install/order_optimizer/share/order_optimizer/hook/cmake_prefix_path.ps1'
[2.489s] INFO:colcon.colcon_core.shell:Creating environment descriptor '/home/sxxxd/Downloads/amr_example_small/install/order_optimizer/share/order_optimizer/hook/cmake_prefix_path.dsv'
[2.492s] INFO:colcon.colcon_core.shell:Creating environment hook '/home/sxxxd/Downloads/amr_example_small/install/order_optimizer/share/order_optimizer/hook/cmake_prefix_path.sh'
[2.495s] Level 1:colcon.colcon_core.environment:checking '/home/sxxxd/Downloads/amr_example_small/install/order_optimizer/bin'
[2.499s] Level 1:colcon.colcon_core.environment:checking '/home/sxxxd/Downloads/amr_example_small/install/order_optimizer/lib/pkgconfig/order_optimizer.pc'
[2.499s] Level 1:colcon.colcon_core.environment:checking '/home/sxxxd/Downloads/amr_example_small/install/order_optimizer/lib/python3.8/site-packages'
[2.499s] Level 1:colcon.colcon_core.environment:checking '/home/sxxxd/Downloads/amr_example_small/install/order_optimizer/bin'
[2.502s] INFO:colcon.colcon_core.shell:Creating package script '/home/sxxxd/Downloads/amr_example_small/install/order_optimizer/share/order_optimizer/package.ps1'
[2.504s] INFO:colcon.colcon_core.shell:Creating package descriptor '/home/sxxxd/Downloads/amr_example_small/install/order_optimizer/share/order_optimizer/package.dsv'
[2.509s] INFO:colcon.colcon_core.shell:Creating package script '/home/sxxxd/Downloads/amr_example_small/install/order_optimizer/share/order_optimizer/package.sh'
[2.523s] INFO:colcon.colcon_core.shell:Creating package script '/home/sxxxd/Downloads/amr_example_small/install/order_optimizer/share/order_optimizer/package.bash'
[2.525s] INFO:colcon.colcon_core.shell:Creating package script '/home/sxxxd/Downloads/amr_example_small/install/order_optimizer/share/order_optimizer/package.zsh'
[2.548s] Level 1:colcon.colcon_core.environment:create_file_with_runtime_dependencies(/home/sxxxd/Downloads/amr_example_small/install/order_optimizer/share/colcon-core/packages/order_optimizer)
[2.663s] DEBUG:colcon.colcon_core.event_handler.log_command:Invoking command in '/home/sxxxd/Downloads/amr_example_small/build/msg_package': CMAKE_PREFIX_PATH=${CMAKE_PREFIX_PATH}:/opt/ros/foxy /usr/bin/cmake --install /home/sxxxd/Downloads/amr_example_small/build/msg_package
[2.842s] Level 1:colcon.colcon_core.environment:create_environment_scripts_only(order_optimizer)
[2.844s] Level 1:colcon.colcon_core.environment:checking '/home/sxxxd/Downloads/amr_example_small/install/order_optimizer' for CMake module files
[2.865s] Level 1:colcon.colcon_core.environment:checking '/home/sxxxd/Downloads/amr_example_small/install/order_optimizer' for CMake config files
[2.893s] Level 1:colcon.colcon_core.shell:create_environment_hook('order_optimizer', 'cmake_prefix_path')
[2.901s] INFO:colcon.colcon_core.shell:Creating environment hook '/home/sxxxd/Downloads/amr_example_small/install/order_optimizer/share/order_optimizer/hook/cmake_prefix_path.ps1'
[2.916s] INFO:colcon.colcon_core.shell:Creating environment descriptor '/home/sxxxd/Downloads/amr_example_small/install/order_optimizer/share/order_optimizer/hook/cmake_prefix_path.dsv'
[2.925s] INFO:colcon.colcon_core.shell:Creating environment hook '/home/sxxxd/Downloads/amr_example_small/install/order_optimizer/share/order_optimizer/hook/cmake_prefix_path.sh'
[2.927s] Level 1:colcon.colcon_core.environment:checking '/home/sxxxd/Downloads/amr_example_small/install/order_optimizer/bin'
[2.928s] Level 1:colcon.colcon_core.environment:checking '/home/sxxxd/Downloads/amr_example_small/install/order_optimizer/lib/pkgconfig/order_optimizer.pc'
[2.928s] Level 1:colcon.colcon_core.environment:checking '/home/sxxxd/Downloads/amr_example_small/install/order_optimizer/lib/python3.8/site-packages'
[2.928s] Level 1:colcon.colcon_core.environment:checking '/home/sxxxd/Downloads/amr_example_small/install/order_optimizer/bin'
[2.939s] INFO:colcon.colcon_core.shell:Creating package script '/home/sxxxd/Downloads/amr_example_small/install/order_optimizer/share/order_optimizer/package.ps1'
[2.944s] INFO:colcon.colcon_core.shell:Creating package descriptor '/home/sxxxd/Downloads/amr_example_small/install/order_optimizer/share/order_optimizer/package.dsv'
[2.949s] INFO:colcon.colcon_core.shell:Creating package script '/home/sxxxd/Downloads/amr_example_small/install/order_optimizer/share/order_optimizer/package.sh'
[2.951s] INFO:colcon.colcon_core.shell:Creating package script '/home/sxxxd/Downloads/amr_example_small/install/order_optimizer/share/order_optimizer/package.bash'
[2.953s] INFO:colcon.colcon_core.shell:Creating package script '/home/sxxxd/Downloads/amr_example_small/install/order_optimizer/share/order_optimizer/package.zsh'
[2.957s] Level 1:colcon.colcon_core.environment:create_file_with_runtime_dependencies(/home/sxxxd/Downloads/amr_example_small/install/order_optimizer/share/colcon-core/packages/order_optimizer)
[2.998s] Level 1:colcon.colcon_core.environment:create_environment_scripts_only(msg_package)
[3.004s] Level 1:colcon.colcon_core.environment:checking '/home/sxxxd/Downloads/amr_example_small/install/msg_package' for CMake module files
[3.011s] Level 1:colcon.colcon_core.environment:checking '/home/sxxxd/Downloads/amr_example_small/install/msg_package' for CMake config files
[3.011s] Level 1:colcon.colcon_core.shell:create_environment_hook('msg_package', 'cmake_prefix_path')
[3.016s] INFO:colcon.colcon_core.shell:Creating environment hook '/home/sxxxd/Downloads/amr_example_small/install/msg_package/share/msg_package/hook/cmake_prefix_path.ps1'
[3.022s] INFO:colcon.colcon_core.shell:Creating environment descriptor '/home/sxxxd/Downloads/amr_example_small/install/msg_package/share/msg_package/hook/cmake_prefix_path.dsv'
[3.027s] DEBUG:colcon.colcon_core.event_handler.log_command:Invoked command in '/home/sxxxd/Downloads/amr_example_small/build/msg_package' returned '0': CMAKE_PREFIX_PATH=${CMAKE_PREFIX_PATH}:/opt/ros/foxy /usr/bin/cmake --install /home/sxxxd/Downloads/amr_example_small/build/msg_package
[3.028s] INFO:colcon.colcon_core.shell:Creating environment hook '/home/sxxxd/Downloads/amr_example_small/install/msg_package/share/msg_package/hook/cmake_prefix_path.sh'
[3.033s] Level 1:colcon.colcon_core.environment:checking '/home/sxxxd/Downloads/amr_example_small/install/msg_package/lib'
[3.033s] Level 1:colcon.colcon_core.shell:create_environment_hook('msg_package', 'ld_library_path_lib')
[3.036s] INFO:colcon.colcon_core.shell:Creating environment hook '/home/sxxxd/Downloads/amr_example_small/install/msg_package/share/msg_package/hook/ld_library_path_lib.ps1'
[3.038s] INFO:colcon.colcon_core.shell:Creating environment descriptor '/home/sxxxd/Downloads/amr_example_small/install/msg_package/share/msg_package/hook/ld_library_path_lib.dsv'
[3.039s] INFO:colcon.colcon_core.shell:Creating environment hook '/home/sxxxd/Downloads/amr_example_small/install/msg_package/share/msg_package/hook/ld_library_path_lib.sh'
[3.040s] Level 1:colcon.colcon_core.environment:checking '/home/sxxxd/Downloads/amr_example_small/install/msg_package/bin'
[3.040s] Level 1:colcon.colcon_core.environment:checking '/home/sxxxd/Downloads/amr_example_small/install/msg_package/lib/pkgconfig/msg_package.pc'
[3.040s] Level 1:colcon.colcon_core.environment:checking '/home/sxxxd/Downloads/amr_example_small/install/msg_package/lib/python3.8/site-packages'
[3.040s] Level 1:colcon.colcon_core.shell:create_environment_hook('msg_package', 'pythonpath')
[3.044s] INFO:colcon.colcon_core.shell:Creating environment hook '/home/sxxxd/Downloads/amr_example_small/install/msg_package/share/msg_package/hook/pythonpath.ps1'
[3.045s] INFO:colcon.colcon_core.shell:Creating environment descriptor '/home/sxxxd/Downloads/amr_example_small/install/msg_package/share/msg_package/hook/pythonpath.dsv'
[3.047s] INFO:colcon.colcon_core.shell:Creating environment hook '/home/sxxxd/Downloads/amr_example_small/install/msg_package/share/msg_package/hook/pythonpath.sh'
[3.048s] Level 1:colcon.colcon_core.environment:checking '/home/sxxxd/Downloads/amr_example_small/install/msg_package/bin'
[3.051s] INFO:colcon.colcon_core.shell:Creating package script '/home/sxxxd/Downloads/amr_example_small/install/msg_package/share/msg_package/package.ps1'
[3.056s] INFO:colcon.colcon_core.shell:Creating package descriptor '/home/sxxxd/Downloads/amr_example_small/install/msg_package/share/msg_package/package.dsv'
[3.061s] INFO:colcon.colcon_core.shell:Creating package script '/home/sxxxd/Downloads/amr_example_small/install/msg_package/share/msg_package/package.sh'
[3.069s] INFO:colcon.colcon_core.shell:Creating package script '/home/sxxxd/Downloads/amr_example_small/install/msg_package/share/msg_package/package.bash'
[3.074s] INFO:colcon.colcon_core.shell:Creating package script '/home/sxxxd/Downloads/amr_example_small/install/msg_package/share/msg_package/package.zsh'
[3.078s] Level 1:colcon.colcon_core.environment:create_file_with_runtime_dependencies(/home/sxxxd/Downloads/amr_example_small/install/msg_package/share/colcon-core/packages/msg_package)
[3.436s] Level 1:colcon.colcon_core.environment:create_environment_scripts_only(msg_package)
[3.440s] Level 1:colcon.colcon_core.environment:checking '/home/sxxxd/Downloads/amr_example_small/install/msg_package' for CMake module files
[3.441s] Level 1:colcon.colcon_core.environment:checking '/home/sxxxd/Downloads/amr_example_small/install/msg_package' for CMake config files
[3.442s] Level 1:colcon.colcon_core.shell:create_environment_hook('msg_package', 'cmake_prefix_path')
[3.443s] INFO:colcon.colcon_core.shell:Creating environment hook '/home/sxxxd/Downloads/amr_example_small/install/msg_package/share/msg_package/hook/cmake_prefix_path.ps1'
[3.450s] INFO:colcon.colcon_core.shell:Creating environment descriptor '/home/sxxxd/Downloads/amr_example_small/install/msg_package/share/msg_package/hook/cmake_prefix_path.dsv'
[3.451s] INFO:colcon.colcon_core.shell:Creating environment hook '/home/sxxxd/Downloads/amr_example_small/install/msg_package/share/msg_package/hook/cmake_prefix_path.sh'
[3.452s] Level 1:colcon.colcon_core.environment:checking '/home/sxxxd/Downloads/amr_example_small/install/msg_package/lib'
[3.452s] Level 1:colcon.colcon_core.shell:create_environment_hook('msg_package', 'ld_library_path_lib')
[3.455s] INFO:colcon.colcon_core.shell:Creating environment hook '/home/sxxxd/Downloads/amr_example_small/install/msg_package/share/msg_package/hook/ld_library_path_lib.ps1'
[3.456s] INFO:colcon.colcon_core.shell:Creating environment descriptor '/home/sxxxd/Downloads/amr_example_small/install/msg_package/share/msg_package/hook/ld_library_path_lib.dsv'
[3.456s] INFO:colcon.colcon_core.shell:Creating environment hook '/home/sxxxd/Downloads/amr_example_small/install/msg_package/share/msg_package/hook/ld_library_path_lib.sh'
[3.457s] Level 1:colcon.colcon_core.environment:checking '/home/sxxxd/Downloads/amr_example_small/install/msg_package/bin'
[3.461s] Level 1:colcon.colcon_core.environment:checking '/home/sxxxd/Downloads/amr_example_small/install/msg_package/lib/pkgconfig/msg_package.pc'
[3.462s] Level 1:colcon.colcon_core.environment:checking '/home/sxxxd/Downloads/amr_example_small/install/msg_package/lib/python3.8/site-packages'
[3.462s] Level 1:colcon.colcon_core.shell:create_environment_hook('msg_package', 'pythonpath')
[3.470s] INFO:colcon.colcon_core.shell:Creating environment hook '/home/sxxxd/Downloads/amr_example_small/install/msg_package/share/msg_package/hook/pythonpath.ps1'
[3.471s] INFO:colcon.colcon_core.shell:Creating environment descriptor '/home/sxxxd/Downloads/amr_example_small/install/msg_package/share/msg_package/hook/pythonpath.dsv'
[3.471s] INFO:colcon.colcon_core.shell:Creating environment hook '/home/sxxxd/Downloads/amr_example_small/install/msg_package/share/msg_package/hook/pythonpath.sh'
[3.473s] Level 1:colcon.colcon_core.environment:checking '/home/sxxxd/Downloads/amr_example_small/install/msg_package/bin'
[3.475s] INFO:colcon.colcon_core.shell:Creating package script '/home/sxxxd/Downloads/amr_example_small/install/msg_package/share/msg_package/package.ps1'
[3.475s] INFO:colcon.colcon_core.shell:Creating package descriptor '/home/sxxxd/Downloads/amr_example_small/install/msg_package/share/msg_package/package.dsv'
[3.476s] INFO:colcon.colcon_core.shell:Creating package script '/home/sxxxd/Downloads/amr_example_small/install/msg_package/share/msg_package/package.sh'
[3.477s] INFO:colcon.colcon_core.shell:Creating package script '/home/sxxxd/Downloads/amr_example_small/install/msg_package/share/msg_package/package.bash'
[3.478s] INFO:colcon.colcon_core.shell:Creating package script '/home/sxxxd/Downloads/amr_example_small/install/msg_package/share/msg_package/package.zsh'
[3.479s] Level 1:colcon.colcon_core.environment:create_file_with_runtime_dependencies(/home/sxxxd/Downloads/amr_example_small/install/msg_package/share/colcon-core/packages/msg_package)
[3.480s] INFO:colcon.colcon_ros.task.ament_cmake.build:Building ROS package in '/home/sxxxd/Downloads/amr_example_small/ros_cpp' with build type 'ament_cmake'
[3.480s] INFO:colcon.colcon_cmake.task.cmake.build:Building CMake package in '/home/sxxxd/Downloads/amr_example_small/ros_cpp'
[3.481s] INFO:colcon.colcon_core.shell:Skip shell extension 'powershell' for command environment: Not usable outside of PowerShell
[3.481s] DEBUG:colcon.colcon_core.shell:Skip shell extension 'dsv' for command environment
[3.621s] DEBUG:colcon.colcon_core.event_handler.log_command:Invoking command in '/home/sxxxd/Downloads/amr_example_small/build/ros_cpp': CMAKE_PREFIX_PATH=/home/sxxxd/Downloads/amr_example_small/install/msg_package:/home/sxxxd/Downloads/amr_example_small/install/ros_cpp:/home/sxxxd/Downloads/amr_example_small/install/order_optimizer:/opt/ros/foxy /usr/bin/cmake --build /home/sxxxd/Downloads/amr_example_small/build/ros_cpp -- -j8 -l8
[3.928s] DEBUG:colcon.colcon_core.event_handler.log_command:Invoked command in '/home/sxxxd/Downloads/amr_example_small/build/ros_cpp' returned '0': CMAKE_PREFIX_PATH=/home/sxxxd/Downloads/amr_example_small/install/msg_package:/home/sxxxd/Downloads/amr_example_small/install/ros_cpp:/home/sxxxd/Downloads/amr_example_small/install/order_optimizer:/opt/ros/foxy /usr/bin/cmake --build /home/sxxxd/Downloads/amr_example_small/build/ros_cpp -- -j8 -l8
[4.094s] DEBUG:colcon.colcon_core.event_handler.log_command:Invoking command in '/home/sxxxd/Downloads/amr_example_small/build/ros_cpp': CMAKE_PREFIX_PATH=/home/sxxxd/Downloads/amr_example_small/install/msg_package:/home/sxxxd/Downloads/amr_example_small/install/ros_cpp:/home/sxxxd/Downloads/amr_example_small/install/order_optimizer:/opt/ros/foxy /usr/bin/cmake --install /home/sxxxd/Downloads/amr_example_small/build/ros_cpp
[4.121s] Level 1:colcon.colcon_core.environment:create_environment_scripts_only(ros_cpp)
[4.127s] Level 1:colcon.colcon_core.environment:checking '/home/sxxxd/Downloads/amr_example_small/install/ros_cpp' for CMake module files
[4.129s] DEBUG:colcon.colcon_core.event_handler.log_command:Invoked command in '/home/sxxxd/Downloads/amr_example_small/build/ros_cpp' returned '0': CMAKE_PREFIX_PATH=/home/sxxxd/Downloads/amr_example_small/install/msg_package:/home/sxxxd/Downloads/amr_example_small/install/ros_cpp:/home/sxxxd/Downloads/amr_example_small/install/order_optimizer:/opt/ros/foxy /usr/bin/cmake --install /home/sxxxd/Downloads/amr_example_small/build/ros_cpp
[4.132s] Level 1:colcon.colcon_core.environment:checking '/home/sxxxd/Downloads/amr_example_small/install/ros_cpp' for CMake config files
[4.132s] Level 1:colcon.colcon_core.shell:create_environment_hook('ros_cpp', 'cmake_prefix_path')
[4.137s] INFO:colcon.colcon_core.shell:Creating environment hook '/home/sxxxd/Downloads/amr_example_small/install/ros_cpp/share/ros_cpp/hook/cmake_prefix_path.ps1'
[4.138s] INFO:colcon.colcon_core.shell:Creating environment descriptor '/home/sxxxd/Downloads/amr_example_small/install/ros_cpp/share/ros_cpp/hook/cmake_prefix_path.dsv'
[4.139s] INFO:colcon.colcon_core.shell:Creating environment hook '/home/sxxxd/Downloads/amr_example_small/install/ros_cpp/share/ros_cpp/hook/cmake_prefix_path.sh'
[4.141s] Level 1:colcon.colcon_core.environment:checking '/home/sxxxd/Downloads/amr_example_small/install/ros_cpp/lib'
[4.141s] Level 1:colcon.colcon_core.environment:checking '/home/sxxxd/Downloads/amr_example_small/install/ros_cpp/bin'
[4.141s] Level 1:colcon.colcon_core.environment:checking '/home/sxxxd/Downloads/amr_example_small/install/ros_cpp/lib/pkgconfig/ros_cpp.pc'
[4.142s] Level 1:colcon.colcon_core.environment:checking '/home/sxxxd/Downloads/amr_example_small/install/ros_cpp/lib/python3.8/site-packages'
[4.142s] Level 1:colcon.colcon_core.environment:checking '/home/sxxxd/Downloads/amr_example_small/install/ros_cpp/bin'
[4.144s] INFO:colcon.colcon_core.shell:Creating package script '/home/sxxxd/Downloads/amr_example_small/install/ros_cpp/share/ros_cpp/package.ps1'
[4.147s] INFO:colcon.colcon_core.shell:Creating package descriptor '/home/sxxxd/Downloads/amr_example_small/install/ros_cpp/share/ros_cpp/package.dsv'
[4.148s] INFO:colcon.colcon_core.shell:Creating package script '/home/sxxxd/Downloads/amr_example_small/install/ros_cpp/share/ros_cpp/package.sh'
[4.148s] INFO:colcon.colcon_core.shell:Creating package script '/home/sxxxd/Downloads/amr_example_small/install/ros_cpp/share/ros_cpp/package.bash'
[4.150s] INFO:colcon.colcon_core.shell:Creating package script '/home/sxxxd/Downloads/amr_example_small/install/ros_cpp/share/ros_cpp/package.zsh'
[4.150s] Level 1:colcon.colcon_core.environment:create_file_with_runtime_dependencies(/home/sxxxd/Downloads/amr_example_small/install/ros_cpp/share/colcon-core/packages/ros_cpp)
[4.248s] Level 1:colcon.colcon_core.environment:create_environment_scripts_only(ros_cpp)
[4.252s] Level 1:colcon.colcon_core.environment:checking '/home/sxxxd/Downloads/amr_example_small/install/ros_cpp' for CMake module files
[4.253s] Level 1:colcon.colcon_core.environment:checking '/home/sxxxd/Downloads/amr_example_small/install/ros_cpp' for CMake config files
[4.253s] Level 1:colcon.colcon_core.shell:create_environment_hook('ros_cpp', 'cmake_prefix_path')
[4.255s] INFO:colcon.colcon_core.shell:Creating environment hook '/home/sxxxd/Downloads/amr_example_small/install/ros_cpp/share/ros_cpp/hook/cmake_prefix_path.ps1'
[4.257s] INFO:colcon.colcon_core.shell:Creating environment descriptor '/home/sxxxd/Downloads/amr_example_small/install/ros_cpp/share/ros_cpp/hook/cmake_prefix_path.dsv'
[4.259s] INFO:colcon.colcon_core.shell:Creating environment hook '/home/sxxxd/Downloads/amr_example_small/install/ros_cpp/share/ros_cpp/hook/cmake_prefix_path.sh'
[4.264s] Level 1:colcon.colcon_core.environment:checking '/home/sxxxd/Downloads/amr_example_small/install/ros_cpp/lib'
[4.264s] Level 1:colcon.colcon_core.environment:checking '/home/sxxxd/Downloads/amr_example_small/install/ros_cpp/bin'
[4.264s] Level 1:colcon.colcon_core.environment:checking '/home/sxxxd/Downloads/amr_example_small/install/ros_cpp/lib/pkgconfig/ros_cpp.pc'
[4.265s] Level 1:colcon.colcon_core.environment:checking '/home/sxxxd/Downloads/amr_example_small/install/ros_cpp/lib/python3.8/site-packages'
[4.265s] Level 1:colcon.colcon_core.environment:checking '/home/sxxxd/Downloads/amr_example_small/install/ros_cpp/bin'
[4.268s] INFO:colcon.colcon_core.shell:Creating package script '/home/sxxxd/Downloads/amr_example_small/install/ros_cpp/share/ros_cpp/package.ps1'
[4.276s] INFO:colcon.colcon_core.shell:Creating package descriptor '/home/sxxxd/Downloads/amr_example_small/install/ros_cpp/share/ros_cpp/package.dsv'
[4.280s] INFO:colcon.colcon_core.shell:Creating package script '/home/sxxxd/Downloads/amr_example_small/install/ros_cpp/share/ros_cpp/package.sh'
[4.282s] INFO:colcon.colcon_core.shell:Creating package script '/home/sxxxd/Downloads/amr_example_small/install/ros_cpp/share/ros_cpp/package.bash'
[4.284s] INFO:colcon.colcon_core.shell:Creating package script '/home/sxxxd/Downloads/amr_example_small/install/ros_cpp/share/ros_cpp/package.zsh'
[4.285s] Level 1:colcon.colcon_core.environment:create_file_with_runtime_dependencies(/home/sxxxd/Downloads/amr_example_small/install/ros_cpp/share/colcon-core/packages/ros_cpp)
[4.287s] DEBUG:colcon.colcon_parallel_executor.executor.parallel:closing loop
[4.287s] DEBUG:colcon.colcon_parallel_executor.executor.parallel:loop closed
[4.288s] DEBUG:colcon.colcon_parallel_executor.executor.parallel:run_until_complete finished with '0'
[4.288s] DEBUG:colcon.colcon_core.event_reactor:joining thread
[4.344s] INFO:colcon.colcon_core.plugin_system:Skipping extension 'colcon_notification.desktop_notification.terminal_notifier': Not used on non-Darwin systems
[4.344s] INFO:colcon.colcon_core.plugin_system:Skipping extension 'colcon_notification.desktop_notification.win32': Not used on non-Windows systems
[4.345s] INFO:colcon.colcon_notification.desktop_notification:Sending desktop notification using 'notify2'
[4.415s] DEBUG:colcon.colcon_core.event_reactor:joined thread
[4.417s] INFO:colcon.colcon_core.shell:Creating prefix script '/home/sxxxd/Downloads/amr_example_small/install/local_setup.ps1'
[4.418s] INFO:colcon.colcon_core.shell:Creating prefix util module '/home/sxxxd/Downloads/amr_example_small/install/_local_setup_util_ps1.py'
[4.420s] INFO:colcon.colcon_core.shell:Creating prefix chain script '/home/sxxxd/Downloads/amr_example_small/install/setup.ps1'
[4.423s] INFO:colcon.colcon_core.shell:Creating prefix script '/home/sxxxd/Downloads/amr_example_small/install/local_setup.sh'
[4.424s] INFO:colcon.colcon_core.shell:Creating prefix util module '/home/sxxxd/Downloads/amr_example_small/install/_local_setup_util_sh.py'
[4.425s] INFO:colcon.colcon_core.shell:Creating prefix chain script '/home/sxxxd/Downloads/amr_example_small/install/setup.sh'
[4.429s] INFO:colcon.colcon_core.shell:Creating prefix script '/home/sxxxd/Downloads/amr_example_small/install/local_setup.bash'
[4.437s] INFO:colcon.colcon_core.shell:Creating prefix chain script '/home/sxxxd/Downloads/amr_example_small/install/setup.bash'
[4.440s] INFO:colcon.colcon_core.shell:Creating prefix script '/home/sxxxd/Downloads/amr_example_small/install/local_setup.zsh'
[4.448s] INFO:colcon.colcon_core.shell:Creating prefix chain script '/home/sxxxd/Downloads/amr_example_small/install/setup.zsh'
